#
# There is insufficient memory for the Java Runtime Environment to continue.
# Native memory allocation (malloc) failed to allocate 1486336 bytes. Error detail: Chunk::new
# Possible reasons:
#   The system is out of physical RAM or swap space
#   This process is running with CompressedOops enabled, and the Java Heap may be blocking the growth of the native heap
# Possible solutions:
#   Reduce memory load on the system
#   Increase physical memory or swap space
#   Check if swap backing store is full
#   Decrease Java heap size (-Xmx/-Xms)
#   Decrease number of Java threads
#   Decrease Java thread stack sizes (-Xss)
#   Set larger code cache with -XX:ReservedCodeCacheSize=
#   JVM is running with Unscaled Compressed Oops mode in which the Java heap is
#     placed in the first 4GB address space. The Java Heap base address is the
#     maximum limit for the native heap growth. Please use -XX:HeapBaseMinAddress
#     to set the Java Heap base and to place the Java Heap above 4GB virtual address.
# This output file may be truncated or incomplete.
#
#  Out of Memory Error (arena.cpp:168), pid=19276, tid=17328
#
# JRE version: OpenJDK Runtime Environment Temurin-21.0.10+7 (21.0.10+7) (build 21.0.10+7-LTS)
# Java VM: OpenJDK 64-Bit Server VM Temurin-21.0.10+7 (21.0.10+7-LTS, mixed mode, sharing, tiered, compressed oops, compressed class ptrs, g1 gc, windows-amd64)
# No core dump will be written. Minidumps are not enabled by default on client versions of Windows
#

---------------  S U M M A R Y ------------

Command Line: --add-opens=java.base/java.util=ALL-UNNAMED --add-opens=java.base/java.lang=ALL-UNNAMED --add-opens=java.base/java.lang.invoke=ALL-UNNAMED --add-opens=java.prefs/java.util.prefs=ALL-UNNAMED --add-opens=java.base/java.nio.charset=ALL-UNNAMED --add-opens=java.base/java.net=ALL-UNNAMED --add-opens=java.base/java.util.concurrent.atomic=ALL-UNNAMED -Xmx1024m -Dfile.encoding=UTF-8 -Duser.country=ID -Duser.language=en -Duser.variant -javaagent:D:\Apps\Dev\.gradle\wrapper\dists\gradle-8.7-bin\bhs2wmbdwecv87pi65oeuq5iu\gradle-8.7\lib\agents\gradle-instrumentation-agent-8.7.jar org.gradle.launcher.daemon.bootstrap.GradleDaemon 8.7

Host: AMD Ryzen 5 7520U with Radeon Graphics         , 8 cores, 15G,  Windows 11 , 64 bit Build 26100 (10.0.26100.7920)
Time: Sat Apr 11 02:54:40 2026 SE Asia Standard Time elapsed time: 18.337497 seconds (0d 0h 0m 18s)

---------------  T H R E A D  ---------------

Current thread (0x00000227f91759c0):  JavaThread "C2 CompilerThread2" daemon [_thread_in_native, id=17328, stack(0x000000f669400000,0x000000f669500000) (1024K)]


Current CompileTask:
C2:18337 7498   !   4       jdk.internal.loader.Resource::getBytes (244 bytes)

Stack: [0x000000f669400000,0x000000f669500000]
Native frames: (J=compiled Java code, j=interpreted, Vv=VM code, C=native code)
V  [jvm.dll+0x6d7a39]
V  [jvm.dll+0x8b4b26]
V  [jvm.dll+0x8b70de]
V  [jvm.dll+0x8b77c3]
V  [jvm.dll+0x284346]
V  [jvm.dll+0xc66ed]
V  [jvm.dll+0xc6c31]
V  [jvm.dll+0x3bec3b]
V  [jvm.dll+0x1e3f69]
V  [jvm.dll+0x24c6b3]
V  [jvm.dll+0x24bb40]
V  [jvm.dll+0x1cb34e]
V  [jvm.dll+0x25b85d]
V  [jvm.dll+0x259dea]
V  [jvm.dll+0x3f857e]
V  [jvm.dll+0x85f59d]
V  [jvm.dll+0x6d626d]
C  [ucrtbase.dll+0x37b0]
C  [KERNEL32.DLL+0x2e8d7]
C  [ntdll.dll+0x8c48c]


---------------  P R O C E S S  ---------------

Threads class SMR info:
_java_thread_list=0x00000227fd1affa0, length=49, elements={
0x00000227da4f8e40, 0x00000227f70084d0, 0x00000227f2d5d6d0, 0x00000227f700dc70,
0x00000227f700e6d0, 0x00000227f700ff80, 0x00000227f7011830, 0x00000227f7017880,
0x00000227f7021620, 0x00000227f71d8e00, 0x00000227f722f6d0, 0x00000227f7e680f0,
0x00000227f8ad4910, 0x00000227f8c94640, 0x00000227f86065f0, 0x00000227f8606c60,
0x00000227f866c820, 0x00000227f8be5d90, 0x00000227f8ca0b20, 0x00000227f8ca2560,
0x00000227f8c9f770, 0x00000227f8ca2bf0, 0x00000227f8c9fe00, 0x00000227f8ca11b0,
0x00000227f8ca1840, 0x00000227f980e490, 0x00000227f980bd30, 0x00000227f980de00,
0x00000227f980c3c0, 0x00000227f980eb20, 0x00000227f980d770, 0x00000227f9811280,
0x00000227f9812630, 0x00000227f9810bf0, 0x00000227fac5b0b0, 0x00000227fac5aa20,
0x00000227fac5d810, 0x00000227fac5bdd0, 0x00000227fac5c460, 0x00000227fac5caf0,
0x00000227fac5d180, 0x00000227fac5b740, 0x00000227fac5a390, 0x00000227fac5e530,
0x00000227fac5f8e0, 0x00000227fac5f250, 0x00000227fac5dea0, 0x00000227f9176090,
0x00000227f91759c0
}

Java Threads: ( => current thread )
  0x00000227da4f8e40 JavaThread "main"                              [_thread_blocked, id=20032, stack(0x000000f665500000,0x000000f665600000) (1024K)]
  0x00000227f70084d0 JavaThread "Reference Handler"          daemon [_thread_blocked, id=18608, stack(0x000000f665d00000,0x000000f665e00000) (1024K)]
  0x00000227f2d5d6d0 JavaThread "Finalizer"                  daemon [_thread_blocked, id=5488, stack(0x000000f665e00000,0x000000f665f00000) (1024K)]
  0x00000227f700dc70 JavaThread "Signal Dispatcher"          daemon [_thread_blocked, id=3212, stack(0x000000f665f00000,0x000000f666000000) (1024K)]
  0x00000227f700e6d0 JavaThread "Attach Listener"            daemon [_thread_blocked, id=21764, stack(0x000000f666000000,0x000000f666100000) (1024K)]
  0x00000227f700ff80 JavaThread "Service Thread"             daemon [_thread_blocked, id=17496, stack(0x000000f666100000,0x000000f666200000) (1024K)]
  0x00000227f7011830 JavaThread "Monitor Deflation Thread"   daemon [_thread_blocked, id=9604, stack(0x000000f666200000,0x000000f666300000) (1024K)]
  0x00000227f7017880 JavaThread "C2 CompilerThread0"         daemon [_thread_in_native, id=22580, stack(0x000000f666300000,0x000000f666400000) (1024K)]
  0x00000227f7021620 JavaThread "C1 CompilerThread0"         daemon [_thread_in_native, id=18480, stack(0x000000f666400000,0x000000f666500000) (1024K)]
  0x00000227f71d8e00 JavaThread "Common-Cleaner"             daemon [_thread_blocked, id=22412, stack(0x000000f666500000,0x000000f666600000) (1024K)]
  0x00000227f722f6d0 JavaThread "Notification Thread"        daemon [_thread_blocked, id=2256, stack(0x000000f666600000,0x000000f666700000) (1024K)]
  0x00000227f7e680f0 JavaThread "Daemon health stats"               [_thread_blocked, id=19628, stack(0x000000f666c00000,0x000000f666d00000) (1024K)]
  0x00000227f8ad4910 JavaThread "Incoming local TCP Connector on port 52017"        [_thread_in_native, id=16284, stack(0x000000f666d00000,0x000000f666e00000) (1024K)]
  0x00000227f8c94640 JavaThread "Daemon periodic checks"            [_thread_blocked, id=10612, stack(0x000000f666e00000,0x000000f666f00000) (1024K)]
  0x00000227f86065f0 JavaThread "Daemon"                            [_thread_blocked, id=17024, stack(0x000000f666f00000,0x000000f667000000) (1024K)]
  0x00000227f8606c60 JavaThread "Handler for socket connection from /127.0.0.1:52017 to /127.0.0.1:52018"        [_thread_in_native, id=8700, stack(0x000000f667000000,0x000000f667100000) (1024K)]
  0x00000227f866c820 JavaThread "Cancel handler"                    [_thread_blocked, id=15600, stack(0x000000f667100000,0x000000f667200000) (1024K)]
  0x00000227f8be5d90 JavaThread "Daemon worker"                     [_thread_in_vm, id=22336, stack(0x000000f667200000,0x000000f667300000) (1024K)]
  0x00000227f8ca0b20 JavaThread "Asynchronous log dispatcher for DefaultDaemonConnection: socket connection from /127.0.0.1:52017 to /127.0.0.1:52018"        [_thread_blocked, id=15912, stack(0x000000f667300000,0x000000f667400000) (1024K)]
  0x00000227f8ca2560 JavaThread "Stdin handler"                     [_thread_blocked, id=3872, stack(0x000000f667400000,0x000000f667500000) (1024K)]
  0x00000227f8c9f770 JavaThread "Daemon client event forwarder"        [_thread_blocked, id=4724, stack(0x000000f667500000,0x000000f667600000) (1024K)]
  0x00000227f8ca2bf0 JavaThread "Cache worker for journal cache (D:\Apps\Dev\.gradle\caches\journal-1)"        [_thread_blocked, id=19924, stack(0x000000f667600000,0x000000f667700000) (1024K)]
  0x00000227f8c9fe00 JavaThread "File lock request listener"        [_thread_in_native, id=16288, stack(0x000000f667700000,0x000000f667800000) (1024K)]
  0x00000227f8ca11b0 JavaThread "Cache worker for file hash cache (D:\Apps\Dev\.gradle\caches\8.7\fileHashes)"        [_thread_blocked, id=16920, stack(0x000000f666700000,0x000000f666800000) (1024K)]
  0x00000227f8ca1840 JavaThread "Cache worker for file hash cache (D:\01PROJECTS\@Active\saka-note\android\.gradle\8.7\fileHashes)"        [_thread_blocked, id=22444, stack(0x000000f667a00000,0x000000f667b00000) (1024K)]
  0x00000227f980e490 JavaThread "File watcher server"        daemon [_thread_in_native, id=13144, stack(0x000000f667f00000,0x000000f668000000) (1024K)]
  0x00000227f980bd30 JavaThread "File watcher consumer"      daemon [_thread_blocked, id=13624, stack(0x000000f668000000,0x000000f668100000) (1024K)]
  0x00000227f980de00 JavaThread "Cache worker for checksums cache (D:\01PROJECTS\@Active\saka-note\android\.gradle\8.7\checksums)"        [_thread_blocked, id=11132, stack(0x000000f667800000,0x000000f667900000) (1024K)]
  0x00000227f980c3c0 JavaThread "Cache worker for cache directory md-supplier (D:\Apps\Dev\.gradle\caches\8.7\md-supplier)"        [_thread_blocked, id=1712, stack(0x000000f667900000,0x000000f667a00000) (1024K)]
  0x00000227f980eb20 JavaThread "Cache worker for cache directory md-rule (D:\Apps\Dev\.gradle\caches\8.7\md-rule)"        [_thread_blocked, id=18700, stack(0x000000f668100000,0x000000f668200000) (1024K)]
  0x00000227f980d770 JavaThread "Cache worker for file content cache (D:\Apps\Dev\.gradle\caches\8.7\fileContent)"        [_thread_blocked, id=17656, stack(0x000000f668200000,0x000000f668300000) (1024K)]
  0x00000227f9811280 JavaThread "Cache worker for Build Output Cleanup Cache (D:\01PROJECTS\@Active\saka-note\android\.gradle\buildOutputCleanup)"        [_thread_blocked, id=10756, stack(0x000000f668500000,0x000000f668600000) (1024K)]
  0x00000227f9812630 JavaThread "Unconstrained build operations"        [_thread_blocked, id=19744, stack(0x000000f668400000,0x000000f668500000) (1024K)]
  0x00000227f9810bf0 JavaThread "Unconstrained build operations Thread 2"        [_thread_blocked, id=16756, stack(0x000000f668600000,0x000000f668700000) (1024K)]
  0x00000227fac5b0b0 JavaThread "Unconstrained build operations Thread 3"        [_thread_blocked, id=23444, stack(0x000000f668700000,0x000000f668800000) (1024K)]
  0x00000227fac5aa20 JavaThread "Unconstrained build operations Thread 4"        [_thread_blocked, id=21172, stack(0x000000f668800000,0x000000f668900000) (1024K)]
  0x00000227fac5d810 JavaThread "Unconstrained build operations Thread 5"        [_thread_blocked, id=18772, stack(0x000000f668900000,0x000000f668a00000) (1024K)]
  0x00000227fac5bdd0 JavaThread "Unconstrained build operations Thread 6"        [_thread_blocked, id=21972, stack(0x000000f668a00000,0x000000f668b00000) (1024K)]
  0x00000227fac5c460 JavaThread "Unconstrained build operations Thread 7"        [_thread_blocked, id=14800, stack(0x000000f668b00000,0x000000f668c00000) (1024K)]
  0x00000227fac5caf0 JavaThread "Unconstrained build operations Thread 8"        [_thread_blocked, id=23292, stack(0x000000f668c00000,0x000000f668d00000) (1024K)]
  0x00000227fac5d180 JavaThread "Unconstrained build operations Thread 9"        [_thread_blocked, id=19768, stack(0x000000f668d00000,0x000000f668e00000) (1024K)]
  0x00000227fac5b740 JavaThread "Unconstrained build operations Thread 10"        [_thread_blocked, id=23332, stack(0x000000f668e00000,0x000000f668f00000) (1024K)]
  0x00000227fac5a390 JavaThread "Unconstrained build operations Thread 11"        [_thread_blocked, id=8708, stack(0x000000f668f00000,0x000000f669000000) (1024K)]
  0x00000227fac5e530 JavaThread "Unconstrained build operations Thread 12"        [_thread_blocked, id=19584, stack(0x000000f669000000,0x000000f669100000) (1024K)]
  0x00000227fac5f8e0 JavaThread "Unconstrained build operations Thread 13"        [_thread_blocked, id=23052, stack(0x000000f669100000,0x000000f669200000) (1024K)]
  0x00000227fac5f250 JavaThread "Unconstrained build operations Thread 14"        [_thread_blocked, id=16048, stack(0x000000f669200000,0x000000f669300000) (1024K)]
  0x00000227fac5dea0 JavaThread "Memory manager"                    [_thread_blocked, id=22756, stack(0x000000f668300000,0x000000f668400000) (1024K)]
  0x00000227f9176090 JavaThread "C2 CompilerThread1"         daemon [_thread_in_native, id=15088, stack(0x000000f669300000,0x000000f669400000) (1024K)]
=>0x00000227f91759c0 JavaThread "C2 CompilerThread2"         daemon [_thread_in_native, id=17328, stack(0x000000f669400000,0x000000f669500000) (1024K)]
Total: 49

Other Threads:
  0x00000227f2d4b0f0 VMThread "VM Thread"                           [id=4272, stack(0x000000f665c00000,0x000000f665d00000) (1024K)]
  0x00000227f2d33da0 WatcherThread "VM Periodic Task Thread"        [id=14388, stack(0x000000f665b00000,0x000000f665c00000) (1024K)]
  0x00000227dc9d8a40 WorkerThread "GC Thread#0"                     [id=20020, stack(0x000000f665600000,0x000000f665700000) (1024K)]
  0x00000227f7bbb9d0 WorkerThread "GC Thread#1"                     [id=15936, stack(0x000000f666800000,0x000000f666900000) (1024K)]
  0x00000227f7ba1960 WorkerThread "GC Thread#2"                     [id=23452, stack(0x000000f666900000,0x000000f666a00000) (1024K)]
  0x00000227f7bc6080 WorkerThread "GC Thread#3"                     [id=22668, stack(0x000000f666a00000,0x000000f666b00000) (1024K)]
  0x00000227f7bc6430 WorkerThread "GC Thread#4"                     [id=19340, stack(0x000000f666b00000,0x000000f666c00000) (1024K)]
  0x00000227fb1f54f0 WorkerThread "GC Thread#5"                     [id=7296, stack(0x000000f667b00000,0x000000f667c00000) (1024K)]
  0x00000227fb1f5140 WorkerThread "GC Thread#6"                     [id=932, stack(0x000000f667c00000,0x000000f667d00000) (1024K)]
  0x00000227fb1f4d90 WorkerThread "GC Thread#7"                     [id=23008, stack(0x000000f667d00000,0x000000f667e00000) (1024K)]
  0x00000227dc9e1940 ConcurrentGCThread "G1 Main Marker"            [id=17928, stack(0x000000f665700000,0x000000f665800000) (1024K)]
  0x00000227dc9e2360 WorkerThread "G1 Conc#0"                       [id=22632, stack(0x000000f665800000,0x000000f665900000) (1024K)]
  0x00000227fae9baa0 WorkerThread "G1 Conc#1"                       [id=21864, stack(0x000000f667e00000,0x000000f667f00000) (1024K)]
  0x00000227dca5e6d0 ConcurrentGCThread "G1 Refine#0"               [id=9148, stack(0x000000f665900000,0x000000f665a00000) (1024K)]
  0x00000227f2c0c350 ConcurrentGCThread "G1 Service"                [id=14688, stack(0x000000f665a00000,0x000000f665b00000) (1024K)]
Total: 15

Threads with active compile tasks:
C1 CompilerThread0  18357 7572       3       org.objectweb.asm.Type::getArgumentCount (67 bytes)
C2 CompilerThread1  18357 7497       4       jdk.internal.loader.URLClassPath$JarLoader$2::getBytes (48 bytes)
C2 CompilerThread2  18357 7498   !   4       jdk.internal.loader.Resource::getBytes (244 bytes)
Total: 3

VM state: not at safepoint (normal execution)

VM Mutex/Monitor currently owned by a thread: None

Heap address: 0x00000000c0000000, size: 1024 MB, Compressed Oops mode: 32-bit

CDS archive(s) mapped at: [0x0000022780000000-0x0000022780ba0000-0x0000022780ba0000), size 12189696, SharedBaseAddress: 0x0000022780000000, ArchiveRelocationMode: 1.
Compressed class space mapped at: 0x0000022781000000-0x00000227c1000000, reserved size: 1073741824
Narrow klass base: 0x0000022780000000, Narrow klass shift: 0, Narrow klass range: 0x100000000

GC Precious Log:
 CardTable entry size: 512
 Card Set container configuration: InlinePtr #cards 5 size 8 Array Of Cards #cards 12 size 40 Howl #buckets 4 coarsen threshold 1843 Howl Bitmap #cards 512 size 80 coarsen threshold 460 Card regions per heap region 1 cards per card region 2048
 CPUs: 8 total, 8 available
 Memory: 15647M
 Large Page Support: Disabled
 NUMA Support: Disabled
 Compressed Oops: Enabled (32-bit)
 Heap Region Size: 1M
 Heap Min Capacity: 8M
 Heap Initial Capacity: 246M
 Heap Max Capacity: 1G
 Pre-touch: Disabled
 Parallel Workers: 8
 Concurrent Workers: 2
 Concurrent Refinement Workers: 8
 Periodic GC: Disabled

Heap:
 garbage-first heap   total 122880K, used 98482K [0x00000000c0000000, 0x0000000100000000)
  region size 1024K, 30 young (30720K), 4 survivors (4096K)
 Metaspace       used 58595K, committed 60416K, reserved 1114112K
  class space    used 8337K, committed 9216K, reserved 1048576K

Heap Regions: E=young(eden), S=young(survivor), O=old, HS=humongous(starts), HC=humongous(continues), CS=collection set, F=free, TAMS=top-at-mark-start, PB=parsable bottom
|   0|0x00000000c0000000, 0x00000000c0100000, 0x00000000c0100000|100%|HS|  |TAMS 0x00000000c0000000| PB 0x00000000c0000000| Complete 
|   1|0x00000000c0100000, 0x00000000c0200000, 0x00000000c0200000|100%|HC|  |TAMS 0x00000000c0100000| PB 0x00000000c0100000| Complete 
|   2|0x00000000c0200000, 0x00000000c0300000, 0x00000000c0300000|100%|HC|  |TAMS 0x00000000c0200000| PB 0x00000000c0200000| Complete 
|   3|0x00000000c0300000, 0x00000000c0400000, 0x00000000c0400000|100%|HC|  |TAMS 0x00000000c0300000| PB 0x00000000c0300000| Complete 
|   4|0x00000000c0400000, 0x00000000c0500000, 0x00000000c0500000|100%| O|  |TAMS 0x00000000c0400000| PB 0x00000000c0400000| Untracked 
|   5|0x00000000c0500000, 0x00000000c0600000, 0x00000000c0600000|100%| O|  |TAMS 0x00000000c0500000| PB 0x00000000c0500000| Untracked 
|   6|0x00000000c0600000, 0x00000000c0700000, 0x00000000c0700000|100%| O|  |TAMS 0x00000000c0600000| PB 0x00000000c0600000| Untracked 
|   7|0x00000000c0700000, 0x00000000c0800000, 0x00000000c0800000|100%| O|  |TAMS 0x00000000c0700000| PB 0x00000000c0700000| Untracked 
|   8|0x00000000c0800000, 0x00000000c0900000, 0x00000000c0900000|100%| O|  |TAMS 0x00000000c0800000| PB 0x00000000c0800000| Untracked 
|   9|0x00000000c0900000, 0x00000000c0a00000, 0x00000000c0a00000|100%| O|  |TAMS 0x00000000c0900000| PB 0x00000000c0900000| Untracked 
|  10|0x00000000c0a00000, 0x00000000c0b00000, 0x00000000c0b00000|100%| O|  |TAMS 0x00000000c0a00000| PB 0x00000000c0a00000| Untracked 
|  11|0x00000000c0b00000, 0x00000000c0c00000, 0x00000000c0c00000|100%| O|  |TAMS 0x00000000c0b00000| PB 0x00000000c0b00000| Untracked 
|  12|0x00000000c0c00000, 0x00000000c0d00000, 0x00000000c0d00000|100%| O|  |TAMS 0x00000000c0c00000| PB 0x00000000c0c00000| Untracked 
|  13|0x00000000c0d00000, 0x00000000c0e00000, 0x00000000c0e00000|100%| O|  |TAMS 0x00000000c0d00000| PB 0x00000000c0d00000| Untracked 
|  14|0x00000000c0e00000, 0x00000000c0f00000, 0x00000000c0f00000|100%| O|  |TAMS 0x00000000c0e00000| PB 0x00000000c0e00000| Untracked 
|  15|0x00000000c0f00000, 0x00000000c1000000, 0x00000000c1000000|100%| O|  |TAMS 0x00000000c0f00000| PB 0x00000000c0f00000| Untracked 
|  16|0x00000000c1000000, 0x00000000c1100000, 0x00000000c1100000|100%| O|  |TAMS 0x00000000c1000000| PB 0x00000000c1000000| Untracked 
|  17|0x00000000c1100000, 0x00000000c1200000, 0x00000000c1200000|100%| O|  |TAMS 0x00000000c1100000| PB 0x00000000c1100000| Untracked 
|  18|0x00000000c1200000, 0x00000000c1300000, 0x00000000c1300000|100%| O|  |TAMS 0x00000000c1200000| PB 0x00000000c1200000| Untracked 
|  19|0x00000000c1300000, 0x00000000c1400000, 0x00000000c1400000|100%| O|  |TAMS 0x00000000c1300000| PB 0x00000000c1300000| Untracked 
|  20|0x00000000c1400000, 0x00000000c1500000, 0x00000000c1500000|100%| O|  |TAMS 0x00000000c1400000| PB 0x00000000c1400000| Untracked 
|  21|0x00000000c1500000, 0x00000000c1600000, 0x00000000c1600000|100%| O|  |TAMS 0x00000000c1500000| PB 0x00000000c1500000| Untracked 
|  22|0x00000000c1600000, 0x00000000c1700000, 0x00000000c1700000|100%| O|  |TAMS 0x00000000c1600000| PB 0x00000000c1600000| Untracked 
|  23|0x00000000c1700000, 0x00000000c1800000, 0x00000000c1800000|100%| O|  |TAMS 0x00000000c1700000| PB 0x00000000c1700000| Untracked 
|  24|0x00000000c1800000, 0x00000000c1900000, 0x00000000c1900000|100%| O|  |TAMS 0x00000000c1800000| PB 0x00000000c1800000| Untracked 
|  25|0x00000000c1900000, 0x00000000c1a00000, 0x00000000c1a00000|100%| O|  |TAMS 0x00000000c1900000| PB 0x00000000c1900000| Untracked 
|  26|0x00000000c1a00000, 0x00000000c1b00000, 0x00000000c1b00000|100%| O|  |TAMS 0x00000000c1a00000| PB 0x00000000c1a00000| Untracked 
|  27|0x00000000c1b00000, 0x00000000c1bd1520, 0x00000000c1c00000| 81%| O|  |TAMS 0x00000000c1b00000| PB 0x00000000c1b00000| Untracked 
|  28|0x00000000c1c00000, 0x00000000c1d00000, 0x00000000c1d00000|100%| O|  |TAMS 0x00000000c1c00000| PB 0x00000000c1c00000| Untracked 
|  29|0x00000000c1d00000, 0x00000000c1e00000, 0x00000000c1e00000|100%| O|  |TAMS 0x00000000c1d00000| PB 0x00000000c1d00000| Untracked 
|  30|0x00000000c1e00000, 0x00000000c1f00000, 0x00000000c1f00000|100%| O|  |TAMS 0x00000000c1e00000| PB 0x00000000c1e00000| Untracked 
|  31|0x00000000c1f00000, 0x00000000c2000000, 0x00000000c2000000|100%| O|  |TAMS 0x00000000c1f00000| PB 0x00000000c1f00000| Untracked 
|  32|0x00000000c2000000, 0x00000000c2100000, 0x00000000c2100000|100%| O|  |TAMS 0x00000000c2000000| PB 0x00000000c2000000| Untracked 
|  33|0x00000000c2100000, 0x00000000c2200000, 0x00000000c2200000|100%|HS|  |TAMS 0x00000000c2100000| PB 0x00000000c2100000| Complete 
|  34|0x00000000c2200000, 0x00000000c2300000, 0x00000000c2300000|100%|HS|  |TAMS 0x00000000c2200000| PB 0x00000000c2200000| Complete 
|  35|0x00000000c2300000, 0x00000000c2400000, 0x00000000c2400000|100%|HS|  |TAMS 0x00000000c2300000| PB 0x00000000c2300000| Complete 
|  36|0x00000000c2400000, 0x00000000c2500000, 0x00000000c2500000|100%|HC|  |TAMS 0x00000000c2400000| PB 0x00000000c2400000| Complete 
|  37|0x00000000c2500000, 0x00000000c2600000, 0x00000000c2600000|100%|HS|  |TAMS 0x00000000c2500000| PB 0x00000000c2500000| Complete 
|  38|0x00000000c2600000, 0x00000000c2700000, 0x00000000c2700000|100%| O|  |TAMS 0x00000000c2600000| PB 0x00000000c2600000| Untracked 
|  39|0x00000000c2700000, 0x00000000c2800000, 0x00000000c2800000|100%| O|  |TAMS 0x00000000c2700000| PB 0x00000000c2700000| Untracked 
|  40|0x00000000c2800000, 0x00000000c2900000, 0x00000000c2900000|100%| O|  |TAMS 0x00000000c2800000| PB 0x00000000c2800000| Untracked 
|  41|0x00000000c2900000, 0x00000000c2a00000, 0x00000000c2a00000|100%| O|  |TAMS 0x00000000c2900000| PB 0x00000000c2900000| Untracked 
|  42|0x00000000c2a00000, 0x00000000c2b00000, 0x00000000c2b00000|100%| O|Cm|TAMS 0x00000000c2a00000| PB 0x00000000c2a00000| Complete 
|  43|0x00000000c2b00000, 0x00000000c2c00000, 0x00000000c2c00000|100%| O|  |TAMS 0x00000000c2b00000| PB 0x00000000c2b00000| Untracked 
|  44|0x00000000c2c00000, 0x00000000c2d00000, 0x00000000c2d00000|100%| O|  |TAMS 0x00000000c2c00000| PB 0x00000000c2c00000| Untracked 
|  45|0x00000000c2d00000, 0x00000000c2e00000, 0x00000000c2e00000|100%|HS|  |TAMS 0x00000000c2d00000| PB 0x00000000c2d00000| Complete 
|  46|0x00000000c2e00000, 0x00000000c2f00000, 0x00000000c2f00000|100%|HS|  |TAMS 0x00000000c2e00000| PB 0x00000000c2e00000| Complete 
|  47|0x00000000c2f00000, 0x00000000c3000000, 0x00000000c3000000|100%|HC|  |TAMS 0x00000000c2f00000| PB 0x00000000c2f00000| Complete 
|  48|0x00000000c3000000, 0x00000000c3100000, 0x00000000c3100000|100%|HS|  |TAMS 0x00000000c3000000| PB 0x00000000c3000000| Complete 
|  49|0x00000000c3100000, 0x00000000c3200000, 0x00000000c3200000|100%|HC|  |TAMS 0x00000000c3100000| PB 0x00000000c3100000| Complete 
|  50|0x00000000c3200000, 0x00000000c3300000, 0x00000000c3300000|100%|HC|  |TAMS 0x00000000c3200000| PB 0x00000000c3200000| Complete 
|  51|0x00000000c3300000, 0x00000000c3400000, 0x00000000c3400000|100%|HC|  |TAMS 0x00000000c3300000| PB 0x00000000c3300000| Complete 
|  52|0x00000000c3400000, 0x00000000c3500000, 0x00000000c3500000|100%|HS|  |TAMS 0x00000000c3400000| PB 0x00000000c3400000| Complete 
|  53|0x00000000c3500000, 0x00000000c3600000, 0x00000000c3600000|100%|HS|  |TAMS 0x00000000c3500000| PB 0x00000000c3500000| Complete 
|  54|0x00000000c3600000, 0x00000000c3700000, 0x00000000c3700000|100%|HS|  |TAMS 0x00000000c3600000| PB 0x00000000c3600000| Complete 
|  55|0x00000000c3700000, 0x00000000c3800000, 0x00000000c3800000|100%| O|  |TAMS 0x00000000c3700000| PB 0x00000000c3700000| Untracked 
|  56|0x00000000c3800000, 0x00000000c3900000, 0x00000000c3900000|100%| O|  |TAMS 0x00000000c3800000| PB 0x00000000c3800000| Untracked 
|  57|0x00000000c3900000, 0x00000000c3a00000, 0x00000000c3a00000|100%| O|  |TAMS 0x00000000c3900000| PB 0x00000000c3900000| Untracked 
|  58|0x00000000c3a00000, 0x00000000c3b00000, 0x00000000c3b00000|100%| O|  |TAMS 0x00000000c3a00000| PB 0x00000000c3a00000| Untracked 
|  59|0x00000000c3b00000, 0x00000000c3c00000, 0x00000000c3c00000|100%| O|Cm|TAMS 0x00000000c3b00000| PB 0x00000000c3b00000| Complete 
|  60|0x00000000c3c00000, 0x00000000c3d00000, 0x00000000c3d00000|100%| O|  |TAMS 0x00000000c3c00000| PB 0x00000000c3c00000| Untracked 
|  61|0x00000000c3d00000, 0x00000000c3e00000, 0x00000000c3e00000|100%|HS|  |TAMS 0x00000000c3d00000| PB 0x00000000c3d00000| Complete 
|  62|0x00000000c3e00000, 0x00000000c3f00000, 0x00000000c3f00000|100%|HS|  |TAMS 0x00000000c3e00000| PB 0x00000000c3e00000| Complete 
|  63|0x00000000c3f00000, 0x00000000c4000000, 0x00000000c4000000|100%|HS|  |TAMS 0x00000000c3f00000| PB 0x00000000c3f00000| Complete 
|  64|0x00000000c4000000, 0x00000000c4100000, 0x00000000c4100000|100%|HS|  |TAMS 0x00000000c4000000| PB 0x00000000c4000000| Complete 
|  65|0x00000000c4100000, 0x00000000c4100000, 0x00000000c4200000|  0%| F|  |TAMS 0x00000000c4100000| PB 0x00000000c4100000| Untracked 
|  66|0x00000000c4200000, 0x00000000c4200000, 0x00000000c4300000|  0%| F|  |TAMS 0x00000000c4200000| PB 0x00000000c4200000| Untracked 
|  67|0x00000000c4300000, 0x00000000c4300000, 0x00000000c4400000|  0%| F|  |TAMS 0x00000000c4300000| PB 0x00000000c4300000| Untracked 
|  68|0x00000000c4400000, 0x00000000c4400000, 0x00000000c4500000|  0%| F|  |TAMS 0x00000000c4400000| PB 0x00000000c4400000| Untracked 
|  69|0x00000000c4500000, 0x00000000c4500000, 0x00000000c4600000|  0%| F|  |TAMS 0x00000000c4500000| PB 0x00000000c4500000| Untracked 
|  70|0x00000000c4600000, 0x00000000c4600000, 0x00000000c4700000|  0%| F|  |TAMS 0x00000000c4600000| PB 0x00000000c4600000| Untracked 
|  71|0x00000000c4700000, 0x00000000c4700000, 0x00000000c4800000|  0%| F|  |TAMS 0x00000000c4700000| PB 0x00000000c4700000| Untracked 
|  72|0x00000000c4800000, 0x00000000c4800000, 0x00000000c4900000|  0%| F|  |TAMS 0x00000000c4800000| PB 0x00000000c4800000| Untracked 
|  73|0x00000000c4900000, 0x00000000c4900000, 0x00000000c4a00000|  0%| F|  |TAMS 0x00000000c4900000| PB 0x00000000c4900000| Untracked 
|  74|0x00000000c4a00000, 0x00000000c4a00000, 0x00000000c4b00000|  0%| F|  |TAMS 0x00000000c4a00000| PB 0x00000000c4a00000| Untracked 
|  75|0x00000000c4b00000, 0x00000000c4b00000, 0x00000000c4c00000|  0%| F|  |TAMS 0x00000000c4b00000| PB 0x00000000c4b00000| Untracked 
|  76|0x00000000c4c00000, 0x00000000c4c00000, 0x00000000c4d00000|  0%| F|  |TAMS 0x00000000c4c00000| PB 0x00000000c4c00000| Untracked 
|  77|0x00000000c4d00000, 0x00000000c4d00000, 0x00000000c4e00000|  0%| F|  |TAMS 0x00000000c4d00000| PB 0x00000000c4d00000| Untracked 
|  78|0x00000000c4e00000, 0x00000000c4e00000, 0x00000000c4f00000|  0%| F|  |TAMS 0x00000000c4e00000| PB 0x00000000c4e00000| Untracked 
|  79|0x00000000c4f00000, 0x00000000c4f00000, 0x00000000c5000000|  0%| F|  |TAMS 0x00000000c4f00000| PB 0x00000000c4f00000| Untracked 
|  80|0x00000000c5000000, 0x00000000c5000000, 0x00000000c5100000|  0%| F|  |TAMS 0x00000000c5000000| PB 0x00000000c5000000| Untracked 
|  81|0x00000000c5100000, 0x00000000c5100000, 0x00000000c5200000|  0%| F|  |TAMS 0x00000000c5100000| PB 0x00000000c5100000| Untracked 
|  82|0x00000000c5200000, 0x00000000c5200000, 0x00000000c5300000|  0%| F|  |TAMS 0x00000000c5200000| PB 0x00000000c5200000| Untracked 
|  83|0x00000000c5300000, 0x00000000c5300000, 0x00000000c5400000|  0%| F|  |TAMS 0x00000000c5300000| PB 0x00000000c5300000| Untracked 
|  84|0x00000000c5400000, 0x00000000c5400000, 0x00000000c5500000|  0%| F|  |TAMS 0x00000000c5400000| PB 0x00000000c5400000| Untracked 
|  85|0x00000000c5500000, 0x00000000c5500000, 0x00000000c5600000|  0%| F|  |TAMS 0x00000000c5500000| PB 0x00000000c5500000| Untracked 
|  86|0x00000000c5600000, 0x00000000c5700000, 0x00000000c5700000|100%| E|  |TAMS 0x00000000c5600000| PB 0x00000000c5600000| Complete 
|  87|0x00000000c5700000, 0x00000000c5800000, 0x00000000c5800000|100%| E|CS|TAMS 0x00000000c5700000| PB 0x00000000c5700000| Complete 
|  88|0x00000000c5800000, 0x00000000c5900000, 0x00000000c5900000|100%| E|CS|TAMS 0x00000000c5800000| PB 0x00000000c5800000| Complete 
|  89|0x00000000c5900000, 0x00000000c5a00000, 0x00000000c5a00000|100%| E|CS|TAMS 0x00000000c5900000| PB 0x00000000c5900000| Complete 
|  90|0x00000000c5a00000, 0x00000000c5b00000, 0x00000000c5b00000|100%| E|CS|TAMS 0x00000000c5a00000| PB 0x00000000c5a00000| Complete 
|  91|0x00000000c5b00000, 0x00000000c5c00000, 0x00000000c5c00000|100%| E|CS|TAMS 0x00000000c5b00000| PB 0x00000000c5b00000| Complete 
|  92|0x00000000c5c00000, 0x00000000c5d00000, 0x00000000c5d00000|100%| E|CS|TAMS 0x00000000c5c00000| PB 0x00000000c5c00000| Complete 
|  93|0x00000000c5d00000, 0x00000000c5e00000, 0x00000000c5e00000|100%| E|CS|TAMS 0x00000000c5d00000| PB 0x00000000c5d00000| Complete 
|  94|0x00000000c5e00000, 0x00000000c5f00000, 0x00000000c5f00000|100%| E|CS|TAMS 0x00000000c5e00000| PB 0x00000000c5e00000| Complete 
|  95|0x00000000c5f00000, 0x00000000c6000000, 0x00000000c6000000|100%| E|CS|TAMS 0x00000000c5f00000| PB 0x00000000c5f00000| Complete 
|  96|0x00000000c6000000, 0x00000000c6100000, 0x00000000c6100000|100%| E|CS|TAMS 0x00000000c6000000| PB 0x00000000c6000000| Complete 
|  97|0x00000000c6100000, 0x00000000c6200000, 0x00000000c6200000|100%| E|CS|TAMS 0x00000000c6100000| PB 0x00000000c6100000| Complete 
|  98|0x00000000c6200000, 0x00000000c6300000, 0x00000000c6300000|100%| E|CS|TAMS 0x00000000c6200000| PB 0x00000000c6200000| Complete 
|  99|0x00000000c6300000, 0x00000000c6400000, 0x00000000c6400000|100%| E|CS|TAMS 0x00000000c6300000| PB 0x00000000c6300000| Complete 
| 100|0x00000000c6400000, 0x00000000c6500000, 0x00000000c6500000|100%| E|CS|TAMS 0x00000000c6400000| PB 0x00000000c6400000| Complete 
| 125|0x00000000c7d00000, 0x00000000c7e00000, 0x00000000c7e00000|100%| E|CS|TAMS 0x00000000c7d00000| PB 0x00000000c7d00000| Complete 
| 126|0x00000000c7e00000, 0x00000000c7f00000, 0x00000000c7f00000|100%| E|CS|TAMS 0x00000000c7e00000| PB 0x00000000c7e00000| Complete 
| 127|0x00000000c7f00000, 0x00000000c8000000, 0x00000000c8000000|100%| E|CS|TAMS 0x00000000c7f00000| PB 0x00000000c7f00000| Complete 
| 128|0x00000000c8000000, 0x00000000c8100000, 0x00000000c8100000|100%| E|CS|TAMS 0x00000000c8000000| PB 0x00000000c8000000| Complete 
| 129|0x00000000c8100000, 0x00000000c8200000, 0x00000000c8200000|100%| E|CS|TAMS 0x00000000c8100000| PB 0x00000000c8100000| Complete 
| 130|0x00000000c8200000, 0x00000000c8300000, 0x00000000c8300000|100%| E|CS|TAMS 0x00000000c8200000| PB 0x00000000c8200000| Complete 
| 131|0x00000000c8300000, 0x00000000c8400000, 0x00000000c8400000|100%| E|CS|TAMS 0x00000000c8300000| PB 0x00000000c8300000| Complete 
| 132|0x00000000c8400000, 0x00000000c845b5e8, 0x00000000c8500000| 35%| S|CS|TAMS 0x00000000c8400000| PB 0x00000000c8400000| Complete 
| 133|0x00000000c8500000, 0x00000000c8600000, 0x00000000c8600000|100%| S|CS|TAMS 0x00000000c8500000| PB 0x00000000c8500000| Complete 
| 134|0x00000000c8600000, 0x00000000c8700000, 0x00000000c8700000|100%| S|CS|TAMS 0x00000000c8600000| PB 0x00000000c8600000| Complete 
| 135|0x00000000c8700000, 0x00000000c8800000, 0x00000000c8800000|100%| S|CS|TAMS 0x00000000c8700000| PB 0x00000000c8700000| Complete 
| 136|0x00000000c8800000, 0x00000000c88ffc60, 0x00000000c8900000| 99%| E|  |TAMS 0x00000000c8800000| PB 0x00000000c8800000| Complete 
| 137|0x00000000c8900000, 0x00000000c8a00000, 0x00000000c8a00000|100%| E|CS|TAMS 0x00000000c8900000| PB 0x00000000c8900000| Complete 
| 245|0x00000000cf500000, 0x00000000cf600000, 0x00000000cf600000|100%| E|CS|TAMS 0x00000000cf500000| PB 0x00000000cf500000| Complete 
|1019|0x00000000ffb00000, 0x00000000ffc00000, 0x00000000ffc00000|100%| E|CS|TAMS 0x00000000ffb00000| PB 0x00000000ffb00000| Complete 
|1020|0x00000000ffc00000, 0x00000000ffd00000, 0x00000000ffd00000|100%| O|  |TAMS 0x00000000ffc00000| PB 0x00000000ffc00000| Untracked 
|1021|0x00000000ffd00000, 0x00000000ffe00000, 0x00000000ffe00000|100%| O|  |TAMS 0x00000000ffd00000| PB 0x00000000ffd00000| Untracked 
|1022|0x00000000ffe00000, 0x00000000fff00000, 0x00000000fff00000|100%| O|  |TAMS 0x00000000ffe00000| PB 0x00000000ffe00000| Untracked 
|1023|0x00000000fff00000, 0x0000000100000000, 0x0000000100000000|100%| O|  |TAMS 0x00000000fff00000| PB 0x00000000fff00000| Untracked 

Card table byte_map: [0x00000227ef0d0000,0x00000227ef2d0000] _byte_map_base: 0x00000227eead0000

Marking Bits: (CMBitMap*) 0x00000227dc9d9060
 Bits: [0x00000227ef2d0000, 0x00000227f02d0000)

Polling page: 0x00000227da740000

Metaspace:

Usage:
  Non-class:     49.09 MB used.
      Class:      8.14 MB used.
       Both:     57.24 MB used.

Virtual space:
  Non-class space:       64.00 MB reserved,      50.00 MB ( 78%) committed,  1 nodes.
      Class space:        1.00 GB reserved,       9.00 MB ( <1%) committed,  1 nodes.
             Both:        1.06 GB reserved,      59.00 MB (  5%) committed. 

Chunk freelists:
   Non-Class:  13.28 MB
       Class:  6.89 MB
        Both:  20.17 MB

MaxMetaspaceSize: unlimited
CompressedClassSpaceSize: 1.00 GB
Initial GC threshold: 21.00 MB
Current GC threshold: 96.19 MB
CDS: on
 - commit_granule_bytes: 65536.
 - commit_granule_words: 8192.
 - virtual_space_node_default_size: 8388608.
 - enlarge_chunks_in_place: 1.
 - use_allocation_guard: 0.


Internal statistics:

num_allocs_failed_limit: 6.
num_arena_births: 3244.
num_arena_deaths: 0.
num_vsnodes_births: 2.
num_vsnodes_deaths: 0.
num_space_committed: 944.
num_space_uncommitted: 0.
num_chunks_returned_to_freelist: 6.
num_chunks_taken_from_freelist: 5984.
num_chunk_merges: 6.
num_chunk_splits: 3881.
num_chunks_enlarged: 2379.
num_inconsistent_stats: 0.

CodeHeap 'non-profiled nmethods': size=120000Kb used=3393Kb max_used=3452Kb free=116606Kb
 bounds [0x00000227e7670000, 0x00000227e79d0000, 0x00000227eeba0000]
CodeHeap 'profiled nmethods': size=120000Kb used=11614Kb max_used=11614Kb free=108386Kb
 bounds [0x00000227dfba0000, 0x00000227e0710000, 0x00000227e70d0000]
CodeHeap 'non-nmethods': size=5760Kb used=1888Kb max_used=1937Kb free=3871Kb
 bounds [0x00000227e70d0000, 0x00000227e7340000, 0x00000227e7670000]
CodeCache: size=245760Kb, used=16895Kb, max_used=17003Kb, free=228863Kb
 total_blobs=7237, nmethods=6480, adapters=661, full_count=0
Compilation: enabled, stopped_count=0, restarted_count=0

Compilation events (20 events):
Event: 17.263 Thread 0x00000227f7017880 7536       4       java.util.jar.JarFile::getEntry (35 bytes)
Event: 17.264 Thread 0x00000227f7021620 7537       3       org.gradle.cache.Cache$$Lambda/0x000002278110fc90::apply (9 bytes)
Event: 17.265 Thread 0x00000227f7021620 nmethod 7537 0x00000227e004e510 code [0x00000227e004e6c0, 0x00000227e004e8f0]
Event: 17.265 Thread 0x00000227f7021620 7538       3       org.gradle.cache.Cache::lambda$get$0 (7 bytes)
Event: 17.265 Thread 0x00000227f7021620 nmethod 7538 0x00000227e0128a90 code [0x00000227e0128c40, 0x00000227e0128df8]
Event: 17.269 Thread 0x00000227f7021620 7539       3       java.util.regex.Pattern::has (15 bytes)
Event: 17.270 Thread 0x00000227f7021620 nmethod 7539 0x00000227e03b0b10 code [0x00000227e03b0ca0, 0x00000227e03b0e08]
Event: 17.270 Thread 0x00000227f7021620 7540       3       org.gradle.internal.instantiation.generator.AsmBackedClassGenerator$ClassBuilderImpl::access$2800 (4 bytes)
Event: 17.270 Thread 0x00000227f7021620 nmethod 7540 0x00000227e004e010 code [0x00000227e004e1a0, 0x00000227e004e298]
Event: 17.270 Thread 0x00000227f7021620 7541       3       org.gradle.internal.instantiation.generator.AsmBackedClassGenerator$ClassBuilderImpl::addActionMethod (97 bytes)
Event: 17.272 Thread 0x00000227f7021620 nmethod 7541 0x00000227e069b790 code [0x00000227e069baa0, 0x00000227e069cf30]
Event: 17.272 Thread 0x00000227f7021620 7542       3       org.gradle.util.internal.CollectionUtils::collectArray (17 bytes)
Event: 17.273 Thread 0x00000227f7021620 nmethod 7542 0x00000227e012eb10 code [0x00000227e012ece0, 0x00000227e012efa0]
Event: 17.273 Thread 0x00000227f7021620 7543       3       java.lang.invoke.LambdaForm$MH/0x00000227811d8800::linkToTargetMethod (17 bytes)
Event: 17.274 Thread 0x00000227f7021620 nmethod 7543 0x00000227e012e310 code [0x00000227e012e4e0, 0x00000227e012e948]
Event: 17.278 Thread 0x00000227f7017880 nmethod 7536 0x00000227e77c3d90 code [0x00000227e77c4020, 0x00000227e77c4bd0]
Event: 17.282 Thread 0x00000227f7017880 7544       4       java.util.regex.Pattern$BmpCharProperty::match (55 bytes)
Event: 17.285 Thread 0x00000227f7017880 nmethod 7544 0x00000227e77c3590 code [0x00000227e77c3740, 0x00000227e77c39b0]
Event: 17.299 Thread 0x00000227f7017880 7545       4       org.objectweb.asm.Type::getDescriptor (93 bytes)
Event: 18.071 Thread 0x00000227f7021620 7549       3       sun.management.spi.PlatformMBeanProvider$PlatformComponent::getMBeans (87 bytes)

GC Heap History (20 events):
Event: 10.150 GC heap before
{Heap before GC invocations=9 (full 0):
 garbage-first heap   total 81920K, used 71123K [0x00000000c0000000, 0x0000000100000000)
  region size 1024K, 41 young (41984K), 3 survivors (3072K)
 Metaspace       used 39504K, committed 40960K, reserved 1114112K
  class space    used 5879K, committed 6592K, reserved 1048576K
}
Event: 10.154 GC heap after
{Heap after GC invocations=10 (full 0):
 garbage-first heap   total 81920K, used 35258K [0x00000000c0000000, 0x0000000100000000)
  region size 1024K, 6 young (6144K), 6 survivors (6144K)
 Metaspace       used 39504K, committed 40960K, reserved 1114112K
  class space    used 5879K, committed 6592K, reserved 1048576K
}
Event: 10.883 GC heap before
{Heap before GC invocations=10 (full 0):
 garbage-first heap   total 81920K, used 73146K [0x00000000c0000000, 0x0000000100000000)
  region size 1024K, 41 young (41984K), 6 survivors (6144K)
 Metaspace       used 44402K, committed 45952K, reserved 1114112K
  class space    used 6589K, committed 7360K, reserved 1048576K
}
Event: 10.888 GC heap after
{Heap after GC invocations=11 (full 0):
 garbage-first heap   total 82944K, used 36617K [0x00000000c0000000, 0x0000000100000000)
  region size 1024K, 3 young (3072K), 3 survivors (3072K)
 Metaspace       used 44402K, committed 45952K, reserved 1114112K
  class space    used 6589K, committed 7360K, reserved 1048576K
}
Event: 12.726 GC heap before
{Heap before GC invocations=11 (full 0):
 garbage-first heap   total 82944K, used 73481K [0x00000000c0000000, 0x0000000100000000)
  region size 1024K, 39 young (39936K), 3 survivors (3072K)
 Metaspace       used 45849K, committed 47424K, reserved 1114112K
  class space    used 6743K, committed 7488K, reserved 1048576K
}
Event: 12.731 GC heap after
{Heap after GC invocations=12 (full 0):
 garbage-first heap   total 82944K, used 42162K [0x00000000c0000000, 0x0000000100000000)
  region size 1024K, 5 young (5120K), 5 survivors (5120K)
 Metaspace       used 45849K, committed 47424K, reserved 1114112K
  class space    used 6743K, committed 7488K, reserved 1048576K
}
Event: 12.885 GC heap before
{Heap before GC invocations=12 (full 0):
 garbage-first heap   total 82944K, used 58546K [0x00000000c0000000, 0x0000000100000000)
  region size 1024K, 22 young (22528K), 5 survivors (5120K)
 Metaspace       used 46169K, committed 47808K, reserved 1114112K
  class space    used 6772K, committed 7552K, reserved 1048576K
}
Event: 12.889 GC heap after
{Heap after GC invocations=13 (full 0):
 garbage-first heap   total 82944K, used 44278K [0x00000000c0000000, 0x0000000100000000)
  region size 1024K, 3 young (3072K), 3 survivors (3072K)
 Metaspace       used 46169K, committed 47808K, reserved 1114112K
  class space    used 6772K, committed 7552K, reserved 1048576K
}
Event: 13.563 GC heap before
{Heap before GC invocations=14 (full 0):
 garbage-first heap   total 82944K, used 82166K [0x00000000c0000000, 0x0000000100000000)
  region size 1024K, 26 young (26624K), 3 survivors (3072K)
 Metaspace       used 47566K, committed 49216K, reserved 1114112K
  class space    used 6999K, committed 7808K, reserved 1048576K
}
Event: 13.566 GC heap after
{Heap after GC invocations=15 (full 0):
 garbage-first heap   total 92160K, used 64444K [0x00000000c0000000, 0x0000000100000000)
  region size 1024K, 4 young (4096K), 4 survivors (4096K)
 Metaspace       used 47566K, committed 49216K, reserved 1114112K
  class space    used 6999K, committed 7808K, reserved 1048576K
}
Event: 13.821 GC heap before
{Heap before GC invocations=15 (full 0):
 garbage-first heap   total 92160K, used 83900K [0x00000000c0000000, 0x0000000100000000)
  region size 1024K, 22 young (22528K), 4 survivors (4096K)
 Metaspace       used 49082K, committed 50752K, reserved 1114112K
  class space    used 7178K, committed 8000K, reserved 1048576K
}
Event: 13.824 GC heap after
{Heap after GC invocations=16 (full 0):
 garbage-first heap   total 92160K, used 65864K [0x00000000c0000000, 0x0000000100000000)
  region size 1024K, 2 young (2048K), 2 survivors (2048K)
 Metaspace       used 49082K, committed 50752K, reserved 1114112K
  class space    used 7178K, committed 8000K, reserved 1048576K
}
Event: 14.066 GC heap before
{Heap before GC invocations=16 (full 0):
 garbage-first heap   total 92160K, used 81224K [0x00000000c0000000, 0x0000000100000000)
  region size 1024K, 18 young (18432K), 2 survivors (2048K)
 Metaspace       used 50836K, committed 52480K, reserved 1114112K
  class space    used 7345K, committed 8128K, reserved 1048576K
}
Event: 14.068 GC heap after
{Heap after GC invocations=17 (full 0):
 garbage-first heap   total 92160K, used 66713K [0x00000000c0000000, 0x0000000100000000)
  region size 1024K, 2 young (2048K), 2 survivors (2048K)
 Metaspace       used 50836K, committed 52480K, reserved 1114112K
  class space    used 7345K, committed 8128K, reserved 1048576K
}
Event: 14.341 GC heap before
{Heap before GC invocations=18 (full 0):
 garbage-first heap   total 112640K, used 83097K [0x00000000c0000000, 0x0000000100000000)
  region size 1024K, 19 young (19456K), 2 survivors (2048K)
 Metaspace       used 52769K, committed 54400K, reserved 1114112K
  class space    used 7543K, committed 8320K, reserved 1048576K
}
Event: 14.343 GC heap after
{Heap after GC invocations=19 (full 0):
 garbage-first heap   total 112640K, used 66690K [0x00000000c0000000, 0x0000000100000000)
  region size 1024K, 1 young (1024K), 1 survivors (1024K)
 Metaspace       used 52769K, committed 54400K, reserved 1114112K
  class space    used 7543K, committed 8320K, reserved 1048576K
}
Event: 14.827 GC heap before
{Heap before GC invocations=19 (full 0):
 garbage-first heap   total 112640K, used 97410K [0x00000000c0000000, 0x0000000100000000)
  region size 1024K, 32 young (32768K), 1 survivors (1024K)
 Metaspace       used 56102K, committed 57856K, reserved 1114112K
  class space    used 8034K, committed 8896K, reserved 1048576K
}
Event: 14.831 GC heap after
{Heap after GC invocations=20 (full 0):
 garbage-first heap   total 112640K, used 67770K [0x00000000c0000000, 0x0000000100000000)
  region size 1024K, 3 young (3072K), 3 survivors (3072K)
 Metaspace       used 56102K, committed 57856K, reserved 1114112K
  class space    used 8034K, committed 8896K, reserved 1048576K
}
Event: 14.915 GC heap before
{Heap before GC invocations=20 (full 0):
 garbage-first heap   total 112640K, used 70842K [0x00000000c0000000, 0x0000000100000000)
  region size 1024K, 7 young (7168K), 3 survivors (3072K)
 Metaspace       used 57288K, committed 59072K, reserved 1114112K
  class space    used 8160K, committed 9024K, reserved 1048576K
}
Event: 14.918 GC heap after
{Heap after GC invocations=21 (full 0):
 garbage-first heap   total 112640K, used 68786K [0x00000000c0000000, 0x0000000100000000)
  region size 1024K, 4 young (4096K), 4 survivors (4096K)
 Metaspace       used 57288K, committed 59072K, reserved 1114112K
  class space    used 8160K, committed 9024K, reserved 1048576K
}

Dll operation events (14 events):
Event: 0.009 Loaded shared library C:\Users\farha\.antigravity\extensions\redhat.java-1.53.0-win32-x64\jre\21.0.10-win32-x86_64\bin\java.dll
Event: 0.294 Loaded shared library C:\Users\farha\.antigravity\extensions\redhat.java-1.53.0-win32-x64\jre\21.0.10-win32-x86_64\bin\zip.dll
Event: 0.318 Loaded shared library C:\Users\farha\.antigravity\extensions\redhat.java-1.53.0-win32-x64\jre\21.0.10-win32-x86_64\bin\instrument.dll
Event: 0.328 Loaded shared library C:\Users\farha\.antigravity\extensions\redhat.java-1.53.0-win32-x64\jre\21.0.10-win32-x86_64\bin\net.dll
Event: 0.368 Loaded shared library C:\Users\farha\.antigravity\extensions\redhat.java-1.53.0-win32-x64\jre\21.0.10-win32-x86_64\bin\nio.dll
Event: 0.376 Loaded shared library C:\Users\farha\.antigravity\extensions\redhat.java-1.53.0-win32-x64\jre\21.0.10-win32-x86_64\bin\zip.dll
Event: 0.577 Loaded shared library C:\Users\farha\.antigravity\extensions\redhat.java-1.53.0-win32-x64\jre\21.0.10-win32-x86_64\bin\jimage.dll
Event: 0.671 Loaded shared library C:\Users\farha\.antigravity\extensions\redhat.java-1.53.0-win32-x64\jre\21.0.10-win32-x86_64\bin\verify.dll
Event: 2.009 Loaded shared library D:\Apps\Dev\.gradle\native\c067742578af261105cb4f569cf0c3c89f3d7b1fecec35dd04571415982c5e48\windows-amd64\native-platform.dll
Event: 2.013 Loaded shared library D:\Apps\Dev\.gradle\native\38dada09dfb8b06ba9b0570ebf7e218e3eb74d4ef43ca46872605cf95ebc2f47\windows-amd64\native-platform-file-events.dll
Event: 3.034 Loaded shared library C:\Users\farha\.antigravity\extensions\redhat.java-1.53.0-win32-x64\jre\21.0.10-win32-x86_64\bin\management.dll
Event: 3.037 Loaded shared library C:\Users\farha\.antigravity\extensions\redhat.java-1.53.0-win32-x64\jre\21.0.10-win32-x86_64\bin\management_ext.dll
Event: 3.247 Loaded shared library C:\Users\farha\.antigravity\extensions\redhat.java-1.53.0-win32-x64\jre\21.0.10-win32-x86_64\bin\extnet.dll
Event: 3.414 Loaded shared library C:\Users\farha\.antigravity\extensions\redhat.java-1.53.0-win32-x64\jre\21.0.10-win32-x86_64\bin\sunmscapi.dll

Deoptimization events (20 events):
Event: 14.968 Thread 0x00000227f8be5d90 Uncommon trap: trap_request=0xffffff45 fr.pc=0x00000227e7715e20 relative=0x0000000000000260
Event: 14.968 Thread 0x00000227f8be5d90 Uncommon trap: reason=unstable_if action=reinterpret pc=0x00000227e7715e20 method=java.util.jar.JarFile.maybeInstantiateVerifier()V @ 4 c2
Event: 14.968 Thread 0x00000227f8be5d90 DEOPT PACKING pc=0x00000227e7715e20 sp=0x000000f6672f29d0
Event: 14.968 Thread 0x00000227f8be5d90 DEOPT UNPACKING pc=0x00000227e7124422 sp=0x000000f6672f2920 mode 2
Event: 17.199 Thread 0x00000227f8be5d90 Uncommon trap: trap_request=0xffffff45 fr.pc=0x00000227e78d64d8 relative=0x0000000000002198
Event: 17.199 Thread 0x00000227f8be5d90 Uncommon trap: reason=unstable_if action=reinterpret pc=0x00000227e78d64d8 method=java.util.regex.Pattern.has(I)Z @ 6 c2
Event: 17.199 Thread 0x00000227f8be5d90 DEOPT PACKING pc=0x00000227e78d64d8 sp=0x000000f6672f59b0
Event: 17.199 Thread 0x00000227f8be5d90 DEOPT UNPACKING pc=0x00000227e7124422 sp=0x000000f6672f5930 mode 2
Event: 17.199 Thread 0x00000227f8be5d90 Uncommon trap: trap_request=0xffffff45 fr.pc=0x00000227e77b2e88 relative=0x0000000000000068
Event: 17.199 Thread 0x00000227f8be5d90 Uncommon trap: reason=unstable_if action=reinterpret pc=0x00000227e77b2e88 method=java.util.regex.Pattern.has(I)Z @ 6 c2
Event: 17.199 Thread 0x00000227f8be5d90 DEOPT PACKING pc=0x00000227e77b2e88 sp=0x000000f6672f59a0
Event: 17.199 Thread 0x00000227f8be5d90 DEOPT UNPACKING pc=0x00000227e7124422 sp=0x000000f6672f5930 mode 2
Event: 17.238 Thread 0x00000227f8be5d90 Uncommon trap: trap_request=0xffffffc6 fr.pc=0x00000227e79a17c8 relative=0x0000000000000068
Event: 17.238 Thread 0x00000227f8be5d90 Uncommon trap: reason=bimorphic_or_optimized_type_check action=maybe_recompile pc=0x00000227e79a17c8 method=java.util.AbstractQueue.add(Ljava/lang/Object;)Z @ 2 c2
Event: 17.238 Thread 0x00000227f8be5d90 DEOPT PACKING pc=0x00000227e79a17c8 sp=0x000000f6672f6960
Event: 17.238 Thread 0x00000227f8be5d90 DEOPT UNPACKING pc=0x00000227e7124422 sp=0x000000f6672f6928 mode 2
Event: 17.238 Thread 0x00000227f8be5d90 Uncommon trap: trap_request=0xffffffc6 fr.pc=0x00000227e79a17c8 relative=0x0000000000000068
Event: 17.238 Thread 0x00000227f8be5d90 Uncommon trap: reason=bimorphic_or_optimized_type_check action=maybe_recompile pc=0x00000227e79a17c8 method=java.util.AbstractQueue.add(Ljava/lang/Object;)Z @ 2 c2
Event: 17.239 Thread 0x00000227f8be5d90 DEOPT PACKING pc=0x00000227e79a17c8 sp=0x000000f6672f6960
Event: 17.239 Thread 0x00000227f8be5d90 DEOPT UNPACKING pc=0x00000227e7124422 sp=0x000000f6672f6928 mode 2

Classes loaded (20 events):
Event: 14.902 Loading class sun/security/util/KeyUtil
Event: 14.902 Loading class sun/security/util/KeyUtil done
Event: 14.902 Loading class sun/security/util/Length
Event: 14.902 Loading class sun/security/util/Length done
Event: 14.902 Loading class javax/crypto/SecretKey
Event: 14.902 Loading class javax/crypto/SecretKey done
Event: 14.903 Loading class java/util/Base64
Event: 14.903 Loading class java/util/Base64 done
Event: 14.903 Loading class java/util/Base64$Decoder
Event: 14.903 Loading class java/util/Base64$Decoder done
Event: 14.903 Loading class java/util/Base64$Encoder
Event: 14.903 Loading class java/util/Base64$Encoder done
Event: 14.905 Loading class java/util/jar/JarVerifier$VerifierStream
Event: 14.905 Loading class java/util/jar/JarVerifier$VerifierStream done
Event: 14.905 Loading class sun/security/util/ManifestEntryVerifier$SunProviderHolder
Event: 14.905 Loading class sun/security/util/ManifestEntryVerifier$SunProviderHolder done
Event: 17.235 Loading class java/lang/foreign/ValueLayout
Event: 17.235 Loading class java/lang/foreign/MemoryLayout
Event: 17.235 Loading class java/lang/foreign/MemoryLayout done
Event: 17.235 Loading class java/lang/foreign/ValueLayout done

Classes unloaded (0 events):
No events

Classes redefined (0 events):
No events

Internal exceptions (20 events):
Event: 10.802 Thread 0x00000227f8be5d90 Exception <a 'java/lang/NoSuchMethodError'{0x00000000c2f2e3c8}: 'void java.lang.invoke.DirectMethodHandle$Holder.invokeStatic(java.lang.Object, java.lang.Object, java.lang.Object, int, java.lang.Object)'> (0x00000000c2f2e3c8) 
thrown [s\src\hotspot\share\interpreter\linkResolver.cpp, line 773]
Event: 12.530 Thread 0x00000227f8be5d90 Exception <a 'java/lang/NoSuchMethodError'{0x00000000c3cfe2c0}: 'java.lang.Object java.lang.invoke.DirectMethodHandle$Holder.newInvokeSpecial(java.lang.Object, java.lang.Object, java.lang.Object, java.lang.Object, int, java.lang.Object)'> (0x00000000c3cfe2c0) 
thrown [s\src\hotspot\share\interpreter\linkResolver.cpp, line 773]
Event: 12.531 Thread 0x00000227f8be5d90 Exception <a 'java/lang/NoSuchMethodError'{0x00000000c3b03600}: 'java.lang.Object java.lang.invoke.Invokers$Holder.linkToTargetMethod(java.lang.Object, java.lang.Object, java.lang.Object, int, java.lang.Object, java.lang.Object)'> (0x00000000c3b03600) 
thrown [s\src\hotspot\share\interpreter\linkResolver.cpp, line 773]
Event: 12.842 Thread 0x00000227f8be5d90 Exception <a 'java/lang/NoSuchMethodError'{0x00000000c7ff2c70}: 'void java.lang.invoke.DirectMethodHandle$Holder.invokeInterface(java.lang.Object, java.lang.Object, java.lang.Object, java.lang.Object)'> (0x00000000c7ff2c70) 
thrown [s\src\hotspot\share\interpreter\linkResolver.cpp, line 773]
Event: 12.883 Thread 0x00000227f8be5d90 Implicit null exception at 0x00000227e7924b5d to 0x00000227e7925030
Event: 13.005 Thread 0x00000227f8be5d90 Exception <a 'java/lang/NoSuchMethodError'{0x00000000c8733880}: 'void java.lang.invoke.Invokers$Holder.invoke_MT(java.lang.Object, java.lang.Object, java.lang.Object, java.lang.Object)'> (0x00000000c8733880) 
thrown [s\src\hotspot\share\interpreter\linkResolver.cpp, line 773]
Event: 13.033 Thread 0x00000227f8be5d90 Exception <a 'java/lang/NoSuchMethodError'{0x00000000c87a7cc8}: 'java.lang.Object java.lang.invoke.DirectMethodHandle$Holder.invokeSpecial(java.lang.Object, java.lang.Object, java.lang.Object, int, java.lang.Object, java.lang.Object)'> (0x00000000c87a7cc8) 
thrown [s\src\hotspot\share\interpreter\linkResolver.cpp, line 773]
Event: 13.357 Thread 0x00000227f8be5d90 Exception <a 'java/lang/ClassNotFoundException'{0x00000000c7e23bb0}: sun/misc/SharedSecrets> (0x00000000c7e23bb0) 
thrown [s\src\hotspot\share\classfile\systemDictionary.cpp, line 312]
Event: 13.357 Thread 0x00000227f8be5d90 Exception <a 'java/lang/ClassNotFoundException'{0x00000000c7e251c8}: org/gradle/api/internal/plugins/DefaultObjectConfigurationActionBeanInfo> (0x00000000c7e251c8) 
thrown [s\src\hotspot\share\classfile\systemDictionary.cpp, line 312]
Event: 13.358 Thread 0x00000227f8be5d90 Exception <a 'java/lang/ClassNotFoundException'{0x00000000c7e37860}: org/gradle/api/internal/plugins/DefaultObjectConfigurationActionCustomizer> (0x00000000c7e37860) 
thrown [s\src\hotspot\share\classfile\systemDictionary.cpp, line 312]
Event: 13.360 Thread 0x00000227f8be5d90 Implicit null exception at 0x00000227e77ce865 to 0x00000227e77ceaf0
Event: 13.361 Thread 0x00000227f8be5d90 Exception <a 'java/lang/NoSuchMethodError'{0x00000000c7e44be8}: 'int java.lang.invoke.DirectMethodHandle$Holder.invokeSpecial(java.lang.Object, java.lang.Object, java.lang.Object, int)'> (0x00000000c7e44be8) 
thrown [s\src\hotspot\share\interpreter\linkResolver.cpp, line 773]
Event: 13.362 Thread 0x00000227f8be5d90 Exception <a 'java/lang/NoSuchMethodError'{0x00000000c7e55d70}: 'java.lang.Object java.lang.invoke.DirectMethodHandle$Holder.invokeStatic(java.lang.Object, java.lang.Object, java.lang.Object, java.lang.Object, int)'> (0x00000000c7e55d70) 
thrown [s\src\hotspot\share\interpreter\linkResolver.cpp, line 773]
Event: 13.379 Thread 0x00000227f8c94640 Implicit null exception at 0x00000227e76bcba0 to 0x00000227e76bd13c
Event: 13.379 Thread 0x00000227f8c94640 Implicit null exception at 0x00000227e76c6f20 to 0x00000227e76c74b0
Event: 14.659 Thread 0x00000227f8be5d90 Exception <a 'java/lang/NoSuchMethodError'{0x00000000c56d4bb0}: 'java.lang.Object java.lang.invoke.DirectMethodHandle$Holder.newInvokeSpecial(java.lang.Object, java.lang.Object, java.lang.Object, java.lang.Object, java.lang.Object, java.lang.Object, java.lang.Object, java.lang.Object, java.lang.Object, java.lang.Object, java.lang.Object, java.lang.Object, java.lang.Object, java.lang.Object, java.lang.Object, java.lang.Object)'> (0x00000000c56d4bb0) 
thrown [s\src\hotspot\share\interpreter\linkResolver.cpp,
Event: 14.660 Thread 0x00000227f8be5d90 Exception <a 'java/lang/NoSuchMethodError'{0x00000000c56dbb90}: 'java.lang.Object java.lang.invoke.DirectMethodHandle$Holder.invokeSpecial(java.lang.Object, java.lang.Object, java.lang.Object, java.lang.Object, java.lang.Object, java.lang.Object, java.lang.Object, java.lang.Object, java.lang.Object, java.lang.Object, java.lang.Object, java.lang.Object, java.lang.Object, java.lang.Object, java.lang.Object, java.lang.Object, java.lang.Object)'> (0x00000000c56dbb90) 
thrown [s\src\hotspot\share\interpreter\li
Event: 14.660 Thread 0x00000227f8be5d90 Exception <a 'java/lang/NoSuchMethodError'{0x00000000c56e1a90}: 'java.lang.Object java.lang.invoke.DelegatingMethodHandle$Holder.reinvoke_L(java.lang.Object, java.lang.Object, java.lang.Object, java.lang.Object, java.lang.Object, java.lang.Object, java.lang.Object, java.lang.Object, java.lang.Object, java.lang.Object, java.lang.Object, java.lang.Object, java.lang.Object, java.lang.Object, java.lang.Object, java.lang.Object)'> (0x00000000c56e1a90) 
thrown [s\src\hotspot\share\interpreter\linkResolver.cpp, l
Event: 14.846 Thread 0x00000227f8be5d90 Exception <a 'java/lang/NoSuchMethodError'{0x00000000ffbf69c8}: 'void java.lang.invoke.DirectMethodHandle$Holder.invokeVirtual(java.lang.Object, java.lang.Object)'> (0x00000000ffbf69c8) 
thrown [s\src\hotspot\share\interpreter\linkResolver.cpp, line 773]
Event: 14.946 Thread 0x00000227f8be5d90 Implicit null exception at 0x00000227e79c1474 to 0x00000227e79c1cdc

ZGC Phase Switch (0 events):
No events

VM Operations (20 events):
Event: 14.341 Executing safepoint VM operation: G1CollectForAllocation (G1 Evacuation Pause)
Event: 14.343 Executing safepoint VM operation: G1CollectForAllocation (G1 Evacuation Pause) done
Event: 14.827 Executing safepoint VM operation: G1CollectForAllocation (G1 Evacuation Pause)
Event: 14.831 Executing safepoint VM operation: G1CollectForAllocation (G1 Evacuation Pause) done
Event: 14.840 Executing non-safepoint VM operation: HandshakeAllThreads (Deoptimize)
Event: 14.840 Executing non-safepoint VM operation: HandshakeAllThreads (Deoptimize) done
Event: 14.874 Executing non-safepoint VM operation: HandshakeAllThreads (Deoptimize)
Event: 14.874 Executing non-safepoint VM operation: HandshakeAllThreads (Deoptimize) done
Event: 14.915 Executing safepoint VM operation: G1TryInitiateConcMark (G1 Humongous Allocation)
Event: 14.918 Executing safepoint VM operation: G1TryInitiateConcMark (G1 Humongous Allocation) done
Event: 14.954 Executing safepoint VM operation: G1PauseRemark
Event: 14.958 Executing safepoint VM operation: G1PauseRemark done
Event: 14.969 Executing safepoint VM operation: G1PauseCleanup
Event: 14.969 Executing safepoint VM operation: G1PauseCleanup done
Event: 15.974 Executing safepoint VM operation: Cleanup
Event: 16.021 Executing safepoint VM operation: Cleanup done
Event: 17.023 Executing safepoint VM operation: Cleanup
Event: 17.023 Executing safepoint VM operation: Cleanup done
Event: 18.024 Executing safepoint VM operation: Cleanup
Event: 18.024 Executing safepoint VM operation: Cleanup done

Memory protections (0 events):
No events

Nmethod flushes (20 events):
Event: 14.957 Thread 0x00000227f2d4b0f0 flushing  nmethod 0x00000227dff90210
Event: 14.957 Thread 0x00000227f2d4b0f0 flushing  nmethod 0x00000227dffd3010
Event: 14.957 Thread 0x00000227f2d4b0f0 flushing  nmethod 0x00000227e0124510
Event: 14.957 Thread 0x00000227f2d4b0f0 flushing  nmethod 0x00000227e0179790
Event: 14.957 Thread 0x00000227f2d4b0f0 flushing  nmethod 0x00000227e793ce90
Event: 14.957 Thread 0x00000227f2d4b0f0 flushing  nmethod 0x00000227dfce4190
Event: 14.957 Thread 0x00000227f2d4b0f0 flushing  nmethod 0x00000227dfce6790
Event: 14.957 Thread 0x00000227f2d4b0f0 flushing  nmethod 0x00000227dfce8d10
Event: 14.957 Thread 0x00000227f2d4b0f0 flushing  nmethod 0x00000227dfce9110
Event: 14.957 Thread 0x00000227f2d4b0f0 flushing  nmethod 0x00000227dfe23410
Event: 14.957 Thread 0x00000227f2d4b0f0 flushing  nmethod 0x00000227dfe28d10
Event: 14.957 Thread 0x00000227f2d4b0f0 flushing  nmethod 0x00000227dfe8ab10
Event: 14.957 Thread 0x00000227f2d4b0f0 flushing  nmethod 0x00000227dfe8d710
Event: 14.957 Thread 0x00000227f2d4b0f0 flushing  nmethod 0x00000227dfe90190
Event: 14.957 Thread 0x00000227f2d4b0f0 flushing  nmethod 0x00000227dfe92090
Event: 14.957 Thread 0x00000227f2d4b0f0 flushing  nmethod 0x00000227dfee7210
Event: 14.957 Thread 0x00000227f2d4b0f0 flushing  nmethod 0x00000227e0132a90
Event: 14.957 Thread 0x00000227f2d4b0f0 flushing  nmethod 0x00000227e0136e10
Event: 14.957 Thread 0x00000227f2d4b0f0 flushing  nmethod 0x00000227e069b790
Event: 14.957 Thread 0x00000227f2d4b0f0 flushing  nmethod 0x00000227e069c310

Events (20 events):
Event: 10.715 Thread 0x00000227f91737b0 Thread exited: 0x00000227f91737b0
Event: 10.919 Thread 0x00000227f7021620 Thread added: 0x00000227f9174550
Event: 12.446 Thread 0x00000227f8be5d90 Thread added: 0x00000227f9812630
Event: 12.446 Thread 0x00000227f8be5d90 Thread added: 0x00000227f9810bf0
Event: 12.446 Thread 0x00000227f8be5d90 Thread added: 0x00000227fac5b0b0
Event: 12.446 Thread 0x00000227f8be5d90 Thread added: 0x00000227fac5aa20
Event: 12.447 Thread 0x00000227f8be5d90 Thread added: 0x00000227fac5d810
Event: 12.447 Thread 0x00000227f8be5d90 Thread added: 0x00000227fac5bdd0
Event: 12.447 Thread 0x00000227f8be5d90 Thread added: 0x00000227fac5c460
Event: 12.556 Thread 0x00000227f8be5d90 Thread added: 0x00000227fac5caf0
Event: 12.559 Thread 0x00000227f8be5d90 Thread added: 0x00000227fac5d180
Event: 12.562 Thread 0x00000227f8be5d90 Thread added: 0x00000227fac5b740
Event: 12.564 Thread 0x00000227f8be5d90 Thread added: 0x00000227fac5a390
Event: 12.568 Thread 0x00000227f8be5d90 Thread added: 0x00000227fac5e530
Event: 12.570 Thread 0x00000227f8be5d90 Thread added: 0x00000227fac5f8e0
Event: 12.572 Thread 0x00000227f8be5d90 Thread added: 0x00000227fac5f250
Event: 13.603 Thread 0x00000227f9174550 Thread exited: 0x00000227f9174550
Event: 14.713 Thread 0x00000227f8be5d90 Thread added: 0x00000227fac5dea0
Event: 14.881 Thread 0x00000227f7021620 Thread added: 0x00000227f9176090
Event: 14.893 Thread 0x00000227f9176090 Thread added: 0x00000227f91759c0


Dynamic libraries:
0x00007ff6cfb20000 - 0x00007ff6cfb2e000 	C:\Users\farha\.antigravity\extensions\redhat.java-1.53.0-win32-x64\jre\21.0.10-win32-x86_64\bin\java.exe
0x00007ffcf2b00000 - 0x00007ffcf2d67000 	C:\WINDOWS\SYSTEM32\ntdll.dll
0x00007ffcf1900000 - 0x00007ffcf19c9000 	C:\WINDOWS\System32\KERNEL32.DLL
0x00007ffcef470000 - 0x00007ffcef861000 	C:\WINDOWS\System32\KERNELBASE.dll
0x00007ffcef870000 - 0x00007ffcef9bb000 	C:\WINDOWS\System32\ucrtbase.dll
0x00007ffcd5bc0000 - 0x00007ffcd5bd8000 	C:\Users\farha\.antigravity\extensions\redhat.java-1.53.0-win32-x64\jre\21.0.10-win32-x86_64\bin\jli.dll
0x00007ffcea7a0000 - 0x00007ffcea7be000 	C:\Users\farha\.antigravity\extensions\redhat.java-1.53.0-win32-x64\jre\21.0.10-win32-x86_64\bin\VCRUNTIME140.dll
0x00007ffcf08a0000 - 0x00007ffcf0a65000 	C:\WINDOWS\System32\USER32.dll
0x00007ffcdbcc0000 - 0x00007ffcdbf53000 	C:\WINDOWS\WinSxS\amd64_microsoft.windows.common-controls_6595b64144ccf1df_6.0.26100.8037_none_3e092faae333b53b\COMCTL32.dll
0x00007ffcefe20000 - 0x00007ffcefe47000 	C:\WINDOWS\System32\win32u.dll
0x00007ffcf1660000 - 0x00007ffcf1709000 	C:\WINDOWS\System32\msvcrt.dll
0x00007ffcf2a90000 - 0x00007ffcf2abb000 	C:\WINDOWS\System32\GDI32.dll
0x00007ffcf0770000 - 0x00007ffcf089b000 	C:\WINDOWS\System32\gdi32full.dll
0x00007ffcefd70000 - 0x00007ffcefe13000 	C:\WINDOWS\System32\msvcp_win.dll
0x00007ffcf20e0000 - 0x00007ffcf2111000 	C:\WINDOWS\System32\IMM32.DLL
0x00007ffcddd20000 - 0x00007ffcddd2c000 	C:\Users\farha\.antigravity\extensions\redhat.java-1.53.0-win32-x64\jre\21.0.10-win32-x86_64\bin\vcruntime140_1.dll
0x00007ffc95390000 - 0x00007ffc9541d000 	C:\Users\farha\.antigravity\extensions\redhat.java-1.53.0-win32-x64\jre\21.0.10-win32-x86_64\bin\msvcp140.dll
0x00007ffc535e0000 - 0x00007ffc54381000 	C:\Users\farha\.antigravity\extensions\redhat.java-1.53.0-win32-x64\jre\21.0.10-win32-x86_64\bin\server\jvm.dll
0x00007ffcf1840000 - 0x00007ffcf18fb000 	C:\WINDOWS\System32\ADVAPI32.dll
0x00007ffcf1710000 - 0x00007ffcf17b7000 	C:\WINDOWS\System32\sechost.dll
0x00007ffcf1fc0000 - 0x00007ffcf20d8000 	C:\WINDOWS\System32\RPCRT4.dll
0x00007ffcf1e80000 - 0x00007ffcf1ef4000 	C:\WINDOWS\System32\WS2_32.dll
0x00007ffce54c0000 - 0x00007ffce54cb000 	C:\WINDOWS\SYSTEM32\VERSION.dll
0x00007ffcef240000 - 0x00007ffcef29e000 	C:\WINDOWS\SYSTEM32\POWRPROF.dll
0x00007ffce56c0000 - 0x00007ffce56f5000 	C:\WINDOWS\SYSTEM32\WINMM.dll
0x00007ffcef220000 - 0x00007ffcef234000 	C:\WINDOWS\SYSTEM32\UMPDC.dll
0x00007ffcee170000 - 0x00007ffcee18b000 	C:\WINDOWS\SYSTEM32\kernel.appcore.dll
0x00007ffcd5c20000 - 0x00007ffcd5c2a000 	C:\Users\farha\.antigravity\extensions\redhat.java-1.53.0-win32-x64\jre\21.0.10-win32-x86_64\bin\jimage.dll
0x00007ffced550000 - 0x00007ffced792000 	C:\WINDOWS\SYSTEM32\DBGHELP.DLL
0x00007ffcf26a0000 - 0x00007ffcf2a22000 	C:\WINDOWS\System32\combase.dll
0x00007ffcf1a10000 - 0x00007ffcf1ae7000 	C:\WINDOWS\System32\OLEAUT32.dll
0x00007ffcd5440000 - 0x00007ffcd547b000 	C:\WINDOWS\SYSTEM32\dbgcore.DLL
0x00007ffcefe50000 - 0x00007ffcefef5000 	C:\WINDOWS\System32\bcryptPrimitives.dll
0x00007ffcd5be0000 - 0x00007ffcd5bef000 	C:\Users\farha\.antigravity\extensions\redhat.java-1.53.0-win32-x64\jre\21.0.10-win32-x86_64\bin\instrument.dll
0x00007ffcd5c00000 - 0x00007ffcd5c20000 	C:\Users\farha\.antigravity\extensions\redhat.java-1.53.0-win32-x64\jre\21.0.10-win32-x86_64\bin\java.dll
0x00007ffcf0ee0000 - 0x00007ffcf163f000 	C:\WINDOWS\System32\SHELL32.dll
0x00007ffcefb40000 - 0x00007ffcefcaa000 	C:\WINDOWS\System32\wintypes.dll
0x00007ffceff00000 - 0x00007ffcf0764000 	C:\WINDOWS\System32\windows.storage.dll
0x00007ffcf0de0000 - 0x00007ffcf0ed7000 	C:\WINDOWS\System32\SHCORE.dll
0x00007ffcf1c90000 - 0x00007ffcf1cf7000 	C:\WINDOWS\System32\shlwapi.dll
0x00007ffcef300000 - 0x00007ffcef329000 	C:\WINDOWS\SYSTEM32\profapi.dll
0x00007ffcbeda0000 - 0x00007ffcbedb8000 	C:\Users\farha\.antigravity\extensions\redhat.java-1.53.0-win32-x64\jre\21.0.10-win32-x86_64\bin\zip.dll
0x00007ffcd5bf0000 - 0x00007ffcd5c00000 	C:\Users\farha\.antigravity\extensions\redhat.java-1.53.0-win32-x64\jre\21.0.10-win32-x86_64\bin\net.dll
0x00007ffce4840000 - 0x00007ffce4967000 	C:\WINDOWS\SYSTEM32\WINHTTP.dll
0x00007ffcee6e0000 - 0x00007ffcee74b000 	C:\WINDOWS\system32\mswsock.dll
0x00007ffcbb460000 - 0x00007ffcbb476000 	C:\Users\farha\.antigravity\extensions\redhat.java-1.53.0-win32-x64\jre\21.0.10-win32-x86_64\bin\nio.dll
0x00007ffcd5c90000 - 0x00007ffcd5ca0000 	C:\Users\farha\.antigravity\extensions\redhat.java-1.53.0-win32-x64\jre\21.0.10-win32-x86_64\bin\verify.dll
0x00007ffcd2f10000 - 0x00007ffcd2f37000 	D:\Apps\Dev\.gradle\native\c067742578af261105cb4f569cf0c3c89f3d7b1fecec35dd04571415982c5e48\windows-amd64\native-platform.dll
0x00007ffcc4e30000 - 0x00007ffcc4f74000 	D:\Apps\Dev\.gradle\native\38dada09dfb8b06ba9b0570ebf7e218e3eb74d4ef43ca46872605cf95ebc2f47\windows-amd64\native-platform-file-events.dll
0x00007ffcd4750000 - 0x00007ffcd475a000 	C:\Users\farha\.antigravity\extensions\redhat.java-1.53.0-win32-x64\jre\21.0.10-win32-x86_64\bin\management.dll
0x00007ffcd2bd0000 - 0x00007ffcd2bdc000 	C:\Users\farha\.antigravity\extensions\redhat.java-1.53.0-win32-x64\jre\21.0.10-win32-x86_64\bin\management_ext.dll
0x00007ffcf19d0000 - 0x00007ffcf19d8000 	C:\WINDOWS\System32\PSAPI.DLL
0x00007ffcee9c0000 - 0x00007ffcee9db000 	C:\WINDOWS\SYSTEM32\CRYPTSP.dll
0x00007ffcee0d0000 - 0x00007ffcee109000 	C:\WINDOWS\system32\rsaenh.dll
0x00007ffcee790000 - 0x00007ffcee7c2000 	C:\WINDOWS\SYSTEM32\USERENV.dll
0x00007ffcef2d0000 - 0x00007ffcef2fa000 	C:\WINDOWS\SYSTEM32\bcrypt.dll
0x00007ffcee9e0000 - 0x00007ffcee9ec000 	C:\WINDOWS\SYSTEM32\CRYPTBASE.dll
0x00007ffceda70000 - 0x00007ffcedaa3000 	C:\WINDOWS\SYSTEM32\IPHLPAPI.DLL
0x00007ffcf0c70000 - 0x00007ffcf0c7a000 	C:\WINDOWS\System32\NSI.dll
0x00007ffcc7010000 - 0x00007ffcc7019000 	C:\Users\farha\.antigravity\extensions\redhat.java-1.53.0-win32-x64\jre\21.0.10-win32-x86_64\bin\extnet.dll
0x00007ffcc9b70000 - 0x00007ffcc9b7e000 	C:\Users\farha\.antigravity\extensions\redhat.java-1.53.0-win32-x64\jre\21.0.10-win32-x86_64\bin\sunmscapi.dll
0x00007ffcef9c0000 - 0x00007ffcefb37000 	C:\WINDOWS\System32\CRYPT32.dll
0x00007ffceebe0000 - 0x00007ffceec10000 	C:\WINDOWS\SYSTEM32\ncrypt.dll
0x00007ffceeb90000 - 0x00007ffceebcf000 	C:\WINDOWS\SYSTEM32\NTASN1.dll
0x00007ffc88ba0000 - 0x00007ffc88ba8000 	C:\WINDOWS\system32\wshunix.dll

JVMTI agents:
D:\Apps\Dev\.gradle\wrapper\dists\gradle-8.7-bin\bhs2wmbdwecv87pi65oeuq5iu\gradle-8.7\lib\agents\gradle-instrumentation-agent-8.7.jar path:C:\Users\farha\.antigravity\extensions\redhat.java-1.53.0-win32-x64\jre\21.0.10-win32-x86_64\bin\instrument.dll, loaded, initialized, instrumentlib options:none

dbghelp: loaded successfully - version: 4.0.5 - missing functions: none
symbol engine: initialized successfully - sym options: 0x614 - pdb path: .;C:\Users\farha\.antigravity\extensions\redhat.java-1.53.0-win32-x64\jre\21.0.10-win32-x86_64\bin;C:\WINDOWS\SYSTEM32;C:\WINDOWS\WinSxS\amd64_microsoft.windows.common-controls_6595b64144ccf1df_6.0.26100.8037_none_3e092faae333b53b;C:\Users\farha\.antigravity\extensions\redhat.java-1.53.0-win32-x64\jre\21.0.10-win32-x86_64\bin\server;D:\Apps\Dev\.gradle\native\c067742578af261105cb4f569cf0c3c89f3d7b1fecec35dd04571415982c5e48\windows-amd64;D:\Apps\Dev\.gradle\native\38dada09dfb8b06ba9b0570ebf7e218e3eb74d4ef43ca46872605cf95ebc2f47\windows-amd64

VM Arguments:
jvm_args: --add-opens=java.base/java.util=ALL-UNNAMED --add-opens=java.base/java.lang=ALL-UNNAMED --add-opens=java.base/java.lang.invoke=ALL-UNNAMED --add-opens=java.prefs/java.util.prefs=ALL-UNNAMED --add-opens=java.base/java.nio.charset=ALL-UNNAMED --add-opens=java.base/java.net=ALL-UNNAMED --add-opens=java.base/java.util.concurrent.atomic=ALL-UNNAMED -Xmx1024m -Dfile.encoding=UTF-8 -Duser.country=ID -Duser.language=en -Duser.variant -javaagent:D:\Apps\Dev\.gradle\wrapper\dists\gradle-8.7-bin\bhs2wmbdwecv87pi65oeuq5iu\gradle-8.7\lib\agents\gradle-instrumentation-agent-8.7.jar 
java_command: org.gradle.launcher.daemon.bootstrap.GradleDaemon 8.7
java_class_path (initial): D:\Apps\Dev\.gradle\wrapper\dists\gradle-8.7-bin\bhs2wmbdwecv87pi65oeuq5iu\gradle-8.7\lib\gradle-launcher-8.7.jar
Launcher Type: SUN_STANDARD

[Global flags]
     intx CICompilerCount                          = 4                                         {product} {ergonomic}
     uint ConcGCThreads                            = 2                                         {product} {ergonomic}
     uint G1ConcRefinementThreads                  = 8                                         {product} {ergonomic}
   size_t G1HeapRegionSize                         = 1048576                                   {product} {ergonomic}
    uintx GCDrainStackTargetSize                   = 64                                        {product} {ergonomic}
   size_t InitialHeapSize                          = 257949696                                 {product} {ergonomic}
   size_t MarkStackSize                            = 4194304                                   {product} {ergonomic}
   size_t MaxHeapSize                              = 1073741824                                {product} {command line}
   size_t MaxNewSize                               = 643825664                                 {product} {ergonomic}
   size_t MinHeapDeltaBytes                        = 1048576                                   {product} {ergonomic}
   size_t MinHeapSize                              = 8388608                                   {product} {ergonomic}
    uintx NonNMethodCodeHeapSize                   = 5839372                                {pd product} {ergonomic}
    uintx NonProfiledCodeHeapSize                  = 122909434                              {pd product} {ergonomic}
    uintx ProfiledCodeHeapSize                     = 122909434                              {pd product} {ergonomic}
    uintx ReservedCodeCacheSize                    = 251658240                              {pd product} {ergonomic}
     bool SegmentedCodeCache                       = true                                      {product} {ergonomic}
   size_t SoftMaxHeapSize                          = 1073741824                             {manageable} {ergonomic}
     bool UseCompressedOops                        = true                           {product lp64_product} {ergonomic}
     bool UseG1GC                                  = true                                      {product} {ergonomic}
     bool UseLargePagesIndividualAllocation        = false                                  {pd product} {ergonomic}

Logging:
Log output configuration:
 #0: stdout all=warning uptime,level,tags foldmultilines=false
 #1: stderr all=off uptime,level,tags foldmultilines=false

Release file:
JAVA_VERSION="21.0.10" 
MODULES="java.base java.compiler java.datatransfer java.xml java.prefs java.desktop java.instrument java.logging java.management java.security.sasl java.naming java.rmi java.management.rmi java.net.http java.scripting java.security.jgss java.transaction.xa java.sql java.sql.rowset java.xml.crypto java.se java.smartcardio jdk.accessibility jdk.internal.jvmstat jdk.attach jdk.charsets jdk.internal.opt jdk.zipfs jdk.compiler jdk.crypto.ec jdk.crypto.cryptoki jdk.crypto.mscapi jdk.dynalink jdk.internal.ed jdk.editpad jdk.hotspot.agent jdk.httpserver jdk.internal.le jdk.internal.vm.ci jdk.internal.vm.compiler jdk.internal.vm.compiler.management jdk.jartool jdk.javadoc jdk.jcmd jdk.management jdk.management.agent jdk.jconsole jdk.jdeps jdk.jdwp.agent jdk.jdi jdk.jfr jdk.jshell jdk.jsobject jdk.jstatd jdk.localedata jdk.management.jfr jdk.naming.dns jdk.naming.rmi jdk.net jdk.nio.mapmode jdk.random jdk.sctp jdk.security.auth jdk.security.jgss jdk.unsupported jdk.unsupported.desktop jdk.xml.dom" 

Environment Variables:
JAVA_HOME=C:\Program Files\Java\jdk-24\
PATH=D:\Apps\npm-global;D:\Apps\npm-global;C:\Python314\Scripts\;C:\Python314\;C:\WINDOWS\system32;C:\WINDOWS;C:\WINDOWS\System32\Wbem;C:\WINDOWS\System32\WindowsPowerShell\v1.0\;C:\WINDOWS\System32\OpenSSH\;C:\Program Files\Java\jdk-24\bin;E:\winlibs-x86_64-posix-seh-gcc-15.2.0-mingw-w64msvcrt-13.0.0-r1\mingw64\bin;C:\xampp\php;C:\composer;C:\Program Files\nodejs\;C:\ProgramData\chocolatey\bin;C:\Program Files\Git\cmd;C:\Program Files\dotnet\;C:\Program Files\WebP;C:\Program Files\Tailscale\;C:\Program Files\GitHub CLI\;C:\Program Files\Redis\;C:\Program Files\PowerShell\7-preview\preview;C:\Program Files\CMake\bin;C:\Program Files\PowerShell\7\;C:\Program Files\Microsoft SQL Server\170\Tools\Binn\;C:\Program Files\Microsoft SQL Server\Client SDK\ODBC\170\Tools\Binn\;c:\Users\farha\AppData\Local\Programs\cursor\resources\app\codeBin;C:\Users\farha\scoop\apps\mingw\current\bin;C:\Users\farha\scoop\shims;C:\Users\farha\AppData\Local\Programs\Python\Launcher\;C:\Users\farha\AppData\Local\Programs\Microsoft VS Code\bin;C:\Users\farha\AppData\Roaming\Composer\vendor\bin;C:\Users\farha\AppData\Local\Microsoft\WindowsApps;C:\Users\farha\AppData\Local\Programs\Antigravity\bin;C:\Users\farha\AppData\Local\Android\Sdk\platform-tools;C:\Users\farha\AppData\Local\Android\Sdk\emulator;C:\Users\farha\AppData\Local\Android\Sdk\cmdline-tools\latest\bin;C:\Users\farha\.dotnet\tools
USERNAME=farha
OS=Windows_NT
PROCESSOR_IDENTIFIER=AMD64 Family 23 Model 160 Stepping 0, AuthenticAMD
TMP=C:\Users\farha\AppData\Local\Temp
TEMP=C:\Users\farha\AppData\Local\Temp




Periodic native trim disabled

---------------  S Y S T E M  ---------------

OS:
 Windows 11 , 64 bit Build 26100 (10.0.26100.7920)
OS uptime: 0 days 6:46 hours
Hyper-V role detected

CPU: total 8 (initial active 8) (8 cores per cpu, 2 threads per core) family 23 model 160 stepping 0 microcode 0x8a00006, cx8, cmov, fxsr, ht, mmx, 3dnowpref, sse, sse2, sse3, ssse3, sse4a, sse4.1, sse4.2, popcnt, lzcnt, tsc, tscinvbit, avx, avx2, aes, clmul, bmi1, bmi2, adx, sha, fma, vzeroupper, clflush, clflushopt, hv, rdtscp, rdpid, f16c
Processor Information for processor 0
  Max Mhz: 2801, Current Mhz: 2801, Mhz Limit: 2801
Processor Information for processor 1
  Max Mhz: 2801, Current Mhz: 2483, Mhz Limit: 2801
Processor Information for processor 2
  Max Mhz: 2801, Current Mhz: 2801, Mhz Limit: 2801
Processor Information for processor 3
  Max Mhz: 2801, Current Mhz: 2483, Mhz Limit: 2801
Processor Information for processor 4
  Max Mhz: 2801, Current Mhz: 2801, Mhz Limit: 2801
Processor Information for processor 5
  Max Mhz: 2801, Current Mhz: 2483, Mhz Limit: 2801
Processor Information for processor 6
  Max Mhz: 2801, Current Mhz: 2801, Mhz Limit: 2801
Processor Information for processor 7
  Max Mhz: 2801, Current Mhz: 2483, Mhz Limit: 2801

Memory: 4k page, system-wide physical 15647M (1182M free)
TotalPageFile size 19743M (AvailPageFile size 17M)
current process WorkingSet (physical memory assigned to process): 331M, peak: 332M
current process commit charge ("private bytes"): 368M, peak: 437M

vm_info: OpenJDK 64-Bit Server VM (21.0.10+7-LTS) for windows-amd64 JRE (21.0.10+7-LTS), built on 2026-01-20T00:00:00Z by "admin" with MS VC++ 17.12 (VS2022)

END.
