#
# There is insufficient memory for the Java Runtime Environment to continue.
# Native memory allocation (malloc) failed to allocate 1107056 bytes. Error detail: Chunk::new
# Possible reasons:
#   The system is out of physical RAM or swap space
#   This process is running with CompressedOops enabled, and the Java Heap may be blocking the growth of the native heap
# Possible solutions:
#   Reduce memory load on the system
#   Increase physical memory or swap space
#   Check if swap backing store is full
#   Decrease Java heap size (-Xmx/-Xms)
#   Decrease number of Java threads
#   Decrease Java thread stack sizes (-Xss)
#   Set larger code cache with -XX:ReservedCodeCacheSize=
#   JVM is running with Unscaled Compressed Oops mode in which the Java heap is
#     placed in the first 4GB address space. The Java Heap base address is the
#     maximum limit for the native heap growth. Please use -XX:HeapBaseMinAddress
#     to set the Java Heap base and to place the Java Heap above 4GB virtual address.
# This output file may be truncated or incomplete.
#
#  Out of Memory Error (arena.cpp:168), pid=18768, tid=13456
#
# JRE version: OpenJDK Runtime Environment Temurin-21.0.10+7 (21.0.10+7) (build 21.0.10+7-LTS)
# Java VM: OpenJDK 64-Bit Server VM Temurin-21.0.10+7 (21.0.10+7-LTS, mixed mode, sharing, tiered, compressed oops, compressed class ptrs, parallel gc, windows-amd64)
# No core dump will be written. Minidumps are not enabled by default on client versions of Windows
#

---------------  S U M M A R Y ------------

Command Line: --add-modules=ALL-SYSTEM --add-opens=java.base/java.util=ALL-UNNAMED --add-opens=java.base/java.lang=ALL-UNNAMED --add-opens=java.base/sun.nio.fs=ALL-UNNAMED -Declipse.application=org.eclipse.jdt.ls.core.id1 -Dosgi.bundles.defaultStartLevel=4 -Declipse.product=org.eclipse.jdt.ls.core.product -Djava.import.generatesMetadataFilesAtProjectRoot=false -DDetectVMInstallationsJob.disabled=true -Dfile.encoding=utf8 -XX:+UseParallelGC -XX:GCTimeRatio=4 -XX:AdaptiveSizePolicyWeight=90 -Dsun.zip.disableMemoryMapping=true -Xmx2G -Xms100m -Xlog:disable -javaagent:c:\Users\farha\.antigravity\extensions\redhat.java-1.53.0-win32-x64\lombok\lombok-1.18.39-4050.jar -XX:+HeapDumpOnOutOfMemoryError -XX:HeapDumpPath=c:\Users\farha\AppData\Roaming\Antigravity\User\workspaceStorage\d81d773f28174eba71a84acaede03c91\redhat.java -Daether.dependencyCollector.impl=bf c:\Users\farha\.antigravity\extensions\redhat.java-1.53.0-win32-x64\server\plugins\org.eclipse.equinox.launcher_1.7.100.v20251111-0406.jar -configuration c:\Users\farha\AppData\Roaming\Antigravity\User\globalStorage\redhat.java\1.53.0\config_win -data c:\Users\farha\AppData\Roaming\Antigravity\User\workspaceStorage\d81d773f28174eba71a84acaede03c91\redhat.java\jdt_ws --pipe=\\.\pipe\lsp-1b5c20c034e1ff7d7157b7b0247b004f-sock

Host: AMD Ryzen 5 7520U with Radeon Graphics         , 8 cores, 15G,  Windows 11 , 64 bit Build 26100 (10.0.26100.7920)
Time: Sat Apr 11 02:08:02 2026 SE Asia Standard Time elapsed time: 62.057656 seconds (0d 0h 1m 2s)

---------------  T H R E A D  ---------------

Current thread (0x000002677b89fae0):  JavaThread "C2 CompilerThread1" daemon [_thread_in_native, id=13456, stack(0x0000009301b00000,0x0000009301c00000) (1024K)]


Current CompileTask:
C2:62057 9975       4       com.esotericsoftware.kryo.io.Input::require (220 bytes)

Stack: [0x0000009301b00000,0x0000009301c00000]
Native frames: (J=compiled Java code, j=interpreted, Vv=VM code, C=native code)
V  [jvm.dll+0x6d7a39]
V  [jvm.dll+0x8b4b26]
V  [jvm.dll+0x8b70de]
V  [jvm.dll+0x8b77c3]
V  [jvm.dll+0x284346]
V  [jvm.dll+0xc66ed]
V  [jvm.dll+0xc6c31]
V  [jvm.dll+0x3bec01]
V  [jvm.dll+0x1e3f69]
V  [jvm.dll+0x24c6b3]
V  [jvm.dll+0x24bb40]
V  [jvm.dll+0x1cb34e]
V  [jvm.dll+0x25b85d]
V  [jvm.dll+0x259dea]
V  [jvm.dll+0x3f857e]
V  [jvm.dll+0x85f59d]
V  [jvm.dll+0x6d626d]
C  [ucrtbase.dll+0x37b0]
C  [KERNEL32.DLL+0x2e8d7]
C  [ntdll.dll+0x8c48c]


---------------  P R O C E S S  ---------------

Threads class SMR info:
_java_thread_list=0x000002677b6d74a0, length=58, elements={
0x000002671ca3d940, 0x000002671c9b8380, 0x000002671cafdcc0, 0x000002671c9bbcb0,
0x000002671c9bec20, 0x000002671c9c0af0, 0x000002671c9c4b80, 0x000002671c9cfe80,
0x000002671c9d1450, 0x000002677a16f520, 0x000002677a3888c0, 0x000002677abb5510,
0x000002677adf79d0, 0x000002677ad6b8c0, 0x000002677ae11270, 0x000002677b01c270,
0x000002677b2f6200, 0x000002677b5afa40, 0x000002677b826c90, 0x000002677b824530,
0x000002677b824bc0, 0x000002677b8258e0, 0x000002677b825f70, 0x000002677b826600,
0x000002677d49a2a0, 0x000002677d49a930, 0x000002677d4974b0, 0x000002677d499580,
0x000002677d497b40, 0x000002677d498860, 0x000002677d498ef0, 0x000002677d499c10,
0x000002677d71db30, 0x000002677d71f570, 0x000002677d71e1c0, 0x000002677d71e850,
0x000002677d71fc00, 0x000002677d720290, 0x000002677d71eee0, 0x000002677d71ce10,
0x000002677d721cd0, 0x000002677d723080, 0x000002677d722360, 0x000002677d720fb0,
0x000002677d721640, 0x000002677b823810, 0x000002677b823ea0, 0x000002677d723710,
0x0000026708f68720, 0x0000026708f6b510, 0x000002677b89fae0, 0x000002677b8a0f50,
0x0000026708f68db0, 0x0000026708f69440, 0x0000026708f6a160, 0x0000026708f69ad0,
0x0000026708f6a7f0, 0x0000026708f68090
}

Java Threads: ( => current thread )
  0x000002671ca3d940 JavaThread "main"                              [_thread_blocked, id=17268, stack(0x000000937d700000,0x000000937d800000) (1024K)]
  0x000002671c9b8380 JavaThread "Reference Handler"          daemon [_thread_blocked, id=18172, stack(0x000000937db00000,0x000000937dc00000) (1024K)]
  0x000002671cafdcc0 JavaThread "Finalizer"                  daemon [_thread_blocked, id=23276, stack(0x000000937dc00000,0x000000937dd00000) (1024K)]
  0x000002671c9bbcb0 JavaThread "Signal Dispatcher"          daemon [_thread_blocked, id=11296, stack(0x000000937dd00000,0x000000937de00000) (1024K)]
  0x000002671c9bec20 JavaThread "Attach Listener"            daemon [_thread_blocked, id=16988, stack(0x000000937de00000,0x000000937df00000) (1024K)]
  0x000002671c9c0af0 JavaThread "Service Thread"             daemon [_thread_blocked, id=2264, stack(0x000000937df00000,0x000000937e000000) (1024K)]
  0x000002671c9c4b80 JavaThread "Monitor Deflation Thread"   daemon [_thread_blocked, id=23336, stack(0x000000937e000000,0x000000937e100000) (1024K)]
  0x000002671c9cfe80 JavaThread "C2 CompilerThread0"         daemon [_thread_in_native, id=7516, stack(0x000000937e100000,0x000000937e200000) (1024K)]
  0x000002671c9d1450 JavaThread "C1 CompilerThread0"         daemon [_thread_blocked, id=19976, stack(0x000000937e200000,0x000000937e300000) (1024K)]
  0x000002677a16f520 JavaThread "Common-Cleaner"             daemon [_thread_blocked, id=13952, stack(0x000000937e300000,0x000000937e400000) (1024K)]
  0x000002677a3888c0 JavaThread "Notification Thread"        daemon [_thread_blocked, id=712, stack(0x000000937e500000,0x000000937e600000) (1024K)]
  0x000002677abb5510 JavaThread "Active Thread: Equinox Container: 71018f0e-78be-4d0f-b464-5b691b2a52ab"        [_thread_blocked, id=18376, stack(0x000000937ed00000,0x000000937ee00000) (1024K)]
  0x000002677adf79d0 JavaThread "Refresh Thread: Equinox Container: 71018f0e-78be-4d0f-b464-5b691b2a52ab" daemon [_thread_blocked, id=18924, stack(0x000000937ef00000,0x000000937f000000) (1024K)]
  0x000002677ad6b8c0 JavaThread "Framework Event Dispatcher: Equinox Container: 71018f0e-78be-4d0f-b464-5b691b2a52ab" daemon [_thread_blocked, id=21860, stack(0x000000937f000000,0x000000937f100000) (1024K)]
  0x000002677ae11270 JavaThread "Start Level: Equinox Container: 71018f0e-78be-4d0f-b464-5b691b2a52ab" daemon [_thread_blocked, id=22736, stack(0x000000937f100000,0x000000937f200000) (1024K)]
  0x000002677b01c270 JavaThread "Bundle File Closer"         daemon [_thread_blocked, id=17492, stack(0x000000937f200000,0x000000937f300000) (1024K)]
  0x000002677b2f6200 JavaThread "SCR Component Actor"        daemon [_thread_blocked, id=16984, stack(0x000000937e400000,0x000000937e500000) (1024K)]
  0x000002677b5afa40 JavaThread "Worker-JM"                         [_thread_blocked, id=22752, stack(0x000000937f400000,0x000000937f500000) (1024K)]
  0x000002677b826c90 JavaThread "JNA Cleaner"                daemon [_thread_blocked, id=20432, stack(0x000000937f500000,0x000000937f600000) (1024K)]
  0x000002677b824530 JavaThread "Worker-0: Building project app after Java compiler settings changed"        [_thread_blocked, id=19304, stack(0x000000937f600000,0x000000937f700000) (1024K)]
  0x000002677b824bc0 JavaThread "Worker-1: Download Gradle Wrapper checksums"        [_thread_in_native, id=9760, stack(0x000000937f700000,0x000000937f800000) (1024K)]
  0x000002677b8258e0 JavaThread "Worker-2: Initialize Workspace"        [_thread_blocked, id=16764, stack(0x000000937f800000,0x000000937f900000) (1024K)]
  0x000002677b825f70 JavaThread "Java indexing"              daemon [_thread_blocked, id=20124, stack(0x000000937f900000,0x000000937fa00000) (1024K)]
  0x000002677b826600 JavaThread "Worker-3"                          [_thread_blocked, id=19556, stack(0x000000937fa00000,0x000000937fb00000) (1024K)]
  0x000002677d49a2a0 JavaThread "Worker-4"                          [_thread_blocked, id=20652, stack(0x000000937fd00000,0x000000937fe00000) (1024K)]
  0x000002677d49a930 JavaThread "Worker-5: Validating Gradle wrapper checksum..."        [_thread_blocked, id=10712, stack(0x000000937fe00000,0x000000937ff00000) (1024K)]
  0x000002677d4974b0 JavaThread "Thread-1"                   daemon [_thread_in_native, id=9440, stack(0x000000937ff00000,0x0000009380000000) (1024K)]
  0x000002677d499580 JavaThread "Thread-2"                   daemon [_thread_in_native, id=8080, stack(0x0000009300000000,0x0000009300100000) (1024K)]
  0x000002677d497b40 JavaThread "Thread-3"                   daemon [_thread_in_native, id=18288, stack(0x0000009300100000,0x0000009300200000) (1024K)]
  0x000002677d498860 JavaThread "Thread-4"                   daemon [_thread_in_native, id=4496, stack(0x0000009300200000,0x0000009300300000) (1024K)]
  0x000002677d498ef0 JavaThread "Thread-5"                   daemon [_thread_in_native, id=8768, stack(0x0000009300300000,0x0000009300400000) (1024K)]
  0x000002677d499c10 JavaThread "Thread-6"                   daemon [_thread_in_native, id=17676, stack(0x0000009300400000,0x0000009300500000) (1024K)]
  0x000002677d71db30 JavaThread "Thread-7"                   daemon [_thread_in_native, id=2060, stack(0x0000009300500000,0x0000009300600000) (1024K)]
  0x000002677d71f570 JavaThread "Thread-8"                   daemon [_thread_in_native, id=3532, stack(0x0000009300600000,0x0000009300700000) (1024K)]
  0x000002677d71e1c0 JavaThread "Thread-9"                   daemon [_thread_in_native, id=23332, stack(0x0000009300700000,0x0000009300800000) (1024K)]
  0x000002677d71e850 JavaThread "Worker-6"                          [_thread_blocked, id=12908, stack(0x0000009300800000,0x0000009300900000) (1024K)]
  0x000002677d71fc00 JavaThread "Worker-7: Updating workspace"        [_thread_in_vm, id=10716, stack(0x0000009300900000,0x0000009300a00000) (1024K)]
  0x000002677d720290 JavaThread "pool-2-thread-1"                   [_thread_blocked, id=22396, stack(0x0000009300a00000,0x0000009300b00000) (1024K)]
  0x000002677d71eee0 JavaThread "WorkspaceEventsHandler"            [_thread_blocked, id=21256, stack(0x0000009300b00000,0x0000009300c00000) (1024K)]
  0x000002677d71ce10 JavaThread "pool-1-thread-1"                   [_thread_blocked, id=10604, stack(0x0000009300c00000,0x0000009300d00000) (1024K)]
  0x000002677d721cd0 JavaThread "ForkJoinPool.commonPool-worker-1" daemon [_thread_blocked, id=20936, stack(0x0000009300d00000,0x0000009300e00000) (1024K)]
  0x000002677d723080 JavaThread "ForkJoinPool.commonPool-worker-2" daemon [_thread_blocked, id=21156, stack(0x0000009300e00000,0x0000009300f00000) (1024K)]
  0x000002677d722360 JavaThread "Timer-0"                           [_thread_blocked, id=13356, stack(0x0000009300f00000,0x0000009301000000) (1024K)]
  0x000002677d720fb0 JavaThread "Exec process"                      [_thread_blocked, id=13260, stack(0x0000009301200000,0x0000009301300000) (1024K)]
  0x000002677d721640 JavaThread "Exec process Thread 2"             [_thread_blocked, id=22940, stack(0x0000009301300000,0x0000009301400000) (1024K)]
  0x000002677b823810 JavaThread "Exec process Thread 3"             [_thread_blocked, id=22032, stack(0x0000009301400000,0x0000009301500000) (1024K)]
  0x000002677b823ea0 JavaThread "Timer-1"                           [_thread_blocked, id=13564, stack(0x0000009301000000,0x0000009301100000) (1024K)]
  0x000002677d723710 JavaThread "Timer-2"                           [_thread_blocked, id=22008, stack(0x0000009301100000,0x0000009301200000) (1024K)]
  0x0000026708f68720 JavaThread "Timer-3"                           [_thread_blocked, id=22756, stack(0x0000009301600000,0x0000009301700000) (1024K)]
  0x0000026708f6b510 JavaThread "Timer-4"                           [_thread_blocked, id=17044, stack(0x0000009301700000,0x0000009301800000) (1024K)]
=>0x000002677b89fae0 JavaThread "C2 CompilerThread1"         daemon [_thread_in_native, id=13456, stack(0x0000009301b00000,0x0000009301c00000) (1024K)]
  0x000002677b8a0f50 JavaThread "C2 CompilerThread2"         daemon [_thread_in_native, id=8260, stack(0x0000009301c00000,0x0000009301d00000) (1024K)]
  0x0000026708f68db0 JavaThread "Timer-5"                           [_thread_blocked, id=19588, stack(0x0000009301500000,0x0000009301600000) (1024K)]
  0x0000026708f69440 JavaThread "Timer-6"                           [_thread_blocked, id=6580, stack(0x0000009301800000,0x0000009301900000) (1024K)]
  0x0000026708f6a160 JavaThread "Timer-7"                           [_thread_blocked, id=23532, stack(0x0000009301a00000,0x0000009301b00000) (1024K)]
  0x0000026708f69ad0 JavaThread "Connection worker"                 [_thread_in_Java, id=23292, stack(0x0000009301d00000,0x0000009301e00000) (1024K)]
  0x0000026708f6a7f0 JavaThread "pool-4-thread-1"                   [_thread_blocked, id=3220, stack(0x0000009301e00000,0x0000009301f00000) (1024K)]
  0x0000026708f68090 JavaThread "Forward input"                     [_thread_blocked, id=22576, stack(0x0000009302000000,0x0000009302100000) (1024K)]
Total: 58

Other Threads:
  0x000002671cadebc0 VMThread "VM Thread"                           [id=1912, stack(0x000000937da00000,0x000000937db00000) (1024K)]
  0x000002671c8cca00 WatcherThread "VM Periodic Task Thread"        [id=5548, stack(0x000000937d900000,0x000000937da00000) (1024K)]
  0x000002671ca5cb60 WorkerThread "GC Thread#0"                     [id=9012, stack(0x000000937d800000,0x000000937d900000) (1024K)]
  0x000002677a940520 WorkerThread "GC Thread#1"                     [id=1780, stack(0x000000937e700000,0x000000937e800000) (1024K)]
  0x000002677a9408d0 WorkerThread "GC Thread#2"                     [id=18576, stack(0x000000937e800000,0x000000937e900000) (1024K)]
  0x000002677ae19500 WorkerThread "GC Thread#3"                     [id=2780, stack(0x000000937e900000,0x000000937ea00000) (1024K)]
  0x000002677ae198b0 WorkerThread "GC Thread#4"                     [id=2716, stack(0x000000937ea00000,0x000000937eb00000) (1024K)]
  0x000002677ae19c60 WorkerThread "GC Thread#5"                     [id=20388, stack(0x000000937eb00000,0x000000937ec00000) (1024K)]
  0x000002677ae1a010 WorkerThread "GC Thread#6"                     [id=7480, stack(0x000000937ec00000,0x000000937ed00000) (1024K)]
  0x000002677adb8700 WorkerThread "GC Thread#7"                     [id=18140, stack(0x000000937ee00000,0x000000937ef00000) (1024K)]
Total: 10

Threads with active compile tasks:
C2 CompilerThread0  62093 9994       4       org.eclipse.jdt.internal.core.JarPackageFragmentRoot::initRawPackageInfo (292 bytes)
C2 CompilerThread1  62093 9975       4       com.esotericsoftware.kryo.io.Input::require (220 bytes)
C2 CompilerThread2  62093 9997       4       jdk.internal.jimage.ImageReader$SharedImageReader$$Lambda/0x0000026735945780::visit (13 bytes)
Total: 3

VM state: not at safepoint (normal execution)

VM Mutex/Monitor currently owned by a thread: None

Heap address: 0x0000000080000000, size: 2048 MB, Compressed Oops mode: 32-bit

CDS archive(s) mapped at: [0x0000026734000000-0x0000026734ba0000-0x0000026734ba0000), size 12189696, SharedBaseAddress: 0x0000026734000000, ArchiveRelocationMode: 1.
Compressed class space mapped at: 0x0000026735000000-0x0000026775000000, reserved size: 1073741824
Narrow klass base: 0x0000026734000000, Narrow klass shift: 0, Narrow klass range: 0x100000000

GC Precious Log:
 CardTable entry size: 512
 CPUs: 8 total, 8 available
 Memory: 15647M
 Large Page Support: Disabled
 NUMA Support: Disabled
 Compressed Oops: Enabled (32-bit)
 Alignments: Space 512K, Generation 512K, Heap 2M
 Heap Min Capacity: 100M
 Heap Initial Capacity: 100M
 Heap Max Capacity: 2G
 Pre-touch: Disabled
 Parallel Workers: 8

Heap:
 PSYoungGen      total 10752K, used 8778K [0x00000000d5580000, 0x00000000d6200000, 0x0000000100000000)
  eden space 9728K, 81% used [0x00000000d5580000,0x00000000d5d32918,0x00000000d5f00000)
  from space 1024K, 87% used [0x00000000d6100000,0x00000000d61e0000,0x00000000d6200000)
  to   space 1024K, 0% used [0x00000000d6000000,0x00000000d6000000,0x00000000d6100000)
 ParOldGen       total 68608K, used 65607K [0x0000000080000000, 0x0000000084300000, 0x00000000d5580000)
  object space 68608K, 95% used [0x0000000080000000,0x0000000084011e00,0x0000000084300000)
 Metaspace       used 71959K, committed 73472K, reserved 1114112K
  class space    used 8856K, committed 9536K, reserved 1048576K

Card table byte_map: [0x000002671c3e0000,0x000002671c7f0000] _byte_map_base: 0x000002671bfe0000

Marking Bits: (ParMarkBitMap*) 0x00007ffc542a3450
 Begin Bits: [0x000002672eef0000, 0x0000026730ef0000)
 End Bits:   [0x0000026730ef0000, 0x0000026732ef0000)

Polling page: 0x000002671a7b0000

Metaspace:

Usage:
  Non-class:     61.62 MB used.
      Class:      8.65 MB used.
       Both:     70.27 MB used.

Virtual space:
  Non-class space:       64.00 MB reserved,      62.44 MB ( 98%) committed,  1 nodes.
      Class space:        1.00 GB reserved,       9.31 MB ( <1%) committed,  1 nodes.
             Both:        1.06 GB reserved,      71.75 MB (  7%) committed. 

Chunk freelists:
   Non-Class:  944.00 KB
       Class:  6.72 MB
        Both:  7.64 MB

MaxMetaspaceSize: unlimited
CompressedClassSpaceSize: 1.00 GB
Initial GC threshold: 21.00 MB
Current GC threshold: 97.31 MB
CDS: on
 - commit_granule_bytes: 65536.
 - commit_granule_words: 8192.
 - virtual_space_node_default_size: 8388608.
 - enlarge_chunks_in_place: 1.
 - use_allocation_guard: 0.


Internal statistics:

num_allocs_failed_limit: 11.
num_arena_births: 1286.
num_arena_deaths: 36.
num_vsnodes_births: 2.
num_vsnodes_deaths: 0.
num_space_committed: 1148.
num_space_uncommitted: 0.
num_chunks_returned_to_freelist: 52.
num_chunks_taken_from_freelist: 4488.
num_chunk_merges: 18.
num_chunk_splits: 2823.
num_chunks_enlarged: 1672.
num_inconsistent_stats: 0.

CodeHeap 'non-profiled nmethods': size=120000Kb used=7190Kb max_used=7190Kb free=112809Kb
 bounds [0x0000026727710000, 0x0000026727e20000, 0x000002672ec40000]
CodeHeap 'profiled nmethods': size=120000Kb used=18705Kb max_used=18705Kb free=101294Kb
 bounds [0x000002671fc40000, 0x0000026720e90000, 0x0000026727170000]
CodeHeap 'non-nmethods': size=5760Kb used=1422Kb max_used=1482Kb free=4337Kb
 bounds [0x0000026727170000, 0x00000267273e0000, 0x0000026727710000]
CodeCache: size=245760Kb, used=27317Kb, max_used=27377Kb, free=218440Kb
 total_blobs=9875, nmethods=9144, adapters=637, full_count=0
Compilation: enabled, stopped_count=0, restarted_count=0

Compilation events (20 events):
Event: 60.856 Thread 0x000002671c9cfe80 9988       4       jdk.internal.jrtfs.JrtFileSystemProvider::readAttributes (25 bytes)
Event: 60.858 Thread 0x000002671c9cfe80 nmethod 9988 0x0000026727e0d110 code [0x0000026727e0d2e0, 0x0000026727e0d500]
Event: 60.858 Thread 0x000002671c9cfe80 9987   !   4       jdk.internal.jrtfs.JrtDirectoryStream$1::next (48 bytes)
Event: 60.860 Thread 0x000002671c9cfe80 nmethod 9987 0x0000026727e0d790 code [0x0000026727e0d940, 0x0000026727e0dca0]
Event: 60.860 Thread 0x000002671c9cfe80 9989       4       jdk.internal.jrtfs.JrtFileAttributes::isDirectory (8 bytes)
Event: 60.861 Thread 0x000002671c9cfe80 nmethod 9989 0x0000026727e0de90 code [0x0000026727e0e020, 0x0000026727e0e0d0]
Event: 60.881 Thread 0x000002671c9d1450 9991       3       org.eclipse.jdt.internal.compiler.parser.Scanner::internalScanIdentifierOrKeyword (5041 bytes)
Event: 60.903 Thread 0x000002671c9d1450 nmethod 9991 0x0000026720e70d10 code [0x0000026720e71ce0, 0x0000026720e7d290]
Event: 60.919 Thread 0x000002677b8a0f50 nmethod 9986 0x0000026727e0e190 code [0x0000026727e0e580, 0x0000026727e10618]
Event: 60.939 Thread 0x000002677b8a0f50 9992       4       java.io.ObjectInputStream$HandleTable::markDependency (175 bytes)
Event: 60.945 Thread 0x000002677b8a0f50 nmethod 9992 0x0000026727e11d10 code [0x0000026727e11f00, 0x0000026727e12420]
Event: 60.946 Thread 0x000002677b8a0f50 9993       4       jdk.internal.jimage.ImageReader$Directory::addChild (63 bytes)
Event: 60.950 Thread 0x000002677b8a0f50 nmethod 9993 0x0000026727e12790 code [0x0000026727e12960, 0x0000026727e12d38]
Event: 60.962 Thread 0x000002671c9cfe80 9994       4       org.eclipse.jdt.internal.core.JarPackageFragmentRoot::initRawPackageInfo (292 bytes)
Event: 60.976 Thread 0x000002677b8a0f50 9995       4       java.util.HashMap::put (13 bytes)
Event: 60.989 Thread 0x000002677b8a0f50 nmethod 9995 0x0000026727e12f90 code [0x0000026727e131c0, 0x0000026727e13a80]
Event: 60.994 Thread 0x000002677b8a0f50 9996   !   4       jdk.internal.jimage.ImageReader$SharedImageReader::imageFileAttributes (46 bytes)
Event: 60.995 Thread 0x000002677b8a0f50 nmethod 9996 0x0000026727e14110 code [0x0000026727e142a0, 0x0000026727e14350]
Event: 61.006 Thread 0x000002677b8a0f50 9997       4       jdk.internal.jimage.ImageReader$SharedImageReader$$Lambda/0x0000026735945780::visit (13 bytes)
Event: 61.066 Thread 0x000002671c9d1450 10002       3       org.eclipse.jdt.internal.compiler.parser.Scanner::scanIdentifier (450 bytes)

GC Heap History (20 events):
Event: 59.310 GC heap before
{Heap before GC invocations=83 (full 3):
 PSYoungGen      total 12800K, used 12352K [0x00000000d5580000, 0x00000000d6300000, 0x0000000100000000)
  eden space 11776K, 100% used [0x00000000d5580000,0x00000000d6100000,0x00000000d6100000)
  from space 1024K, 56% used [0x00000000d6100000,0x00000000d6190000,0x00000000d6200000)
  to   space 1024K, 0% used [0x00000000d6200000,0x00000000d6200000,0x00000000d6300000)
 ParOldGen       total 68608K, used 59060K [0x0000000080000000, 0x0000000084300000, 0x00000000d5580000)
  object space 68608K, 86% used [0x0000000080000000,0x00000000839ad2f0,0x0000000084300000)
 Metaspace       used 68781K, committed 70336K, reserved 1114112K
  class space    used 8527K, committed 9280K, reserved 1048576K
}
Event: 59.313 GC heap after
{Heap after GC invocations=83 (full 3):
 PSYoungGen      total 12288K, used 224K [0x00000000d5580000, 0x00000000d6280000, 0x0000000100000000)
  eden space 11776K, 0% used [0x00000000d5580000,0x00000000d5580000,0x00000000d6100000)
  from space 512K, 43% used [0x00000000d6200000,0x00000000d6238000,0x00000000d6280000)
  to   space 512K, 0% used [0x00000000d6180000,0x00000000d6180000,0x00000000d6200000)
 ParOldGen       total 68608K, used 59546K [0x0000000080000000, 0x0000000084300000, 0x00000000d5580000)
  object space 68608K, 86% used [0x0000000080000000,0x0000000083a26b10,0x0000000084300000)
 Metaspace       used 68781K, committed 70336K, reserved 1114112K
  class space    used 8527K, committed 9280K, reserved 1048576K
}
Event: 59.524 GC heap before
{Heap before GC invocations=84 (full 3):
 PSYoungGen      total 12288K, used 12000K [0x00000000d5580000, 0x00000000d6280000, 0x0000000100000000)
  eden space 11776K, 100% used [0x00000000d5580000,0x00000000d6100000,0x00000000d6100000)
  from space 512K, 43% used [0x00000000d6200000,0x00000000d6238000,0x00000000d6280000)
  to   space 512K, 0% used [0x00000000d6180000,0x00000000d6180000,0x00000000d6200000)
 ParOldGen       total 68608K, used 59546K [0x0000000080000000, 0x0000000084300000, 0x00000000d5580000)
  object space 68608K, 86% used [0x0000000080000000,0x0000000083a26b10,0x0000000084300000)
 Metaspace       used 68946K, committed 70464K, reserved 1114112K
  class space    used 8550K, committed 9280K, reserved 1048576K
}
Event: 59.525 GC heap after
{Heap after GC invocations=84 (full 3):
 PSYoungGen      total 12288K, used 352K [0x00000000d5580000, 0x00000000d6280000, 0x0000000100000000)
  eden space 11776K, 0% used [0x00000000d5580000,0x00000000d5580000,0x00000000d6100000)
  from space 512K, 68% used [0x00000000d6180000,0x00000000d61d8000,0x00000000d6200000)
  to   space 512K, 0% used [0x00000000d6200000,0x00000000d6200000,0x00000000d6280000)
 ParOldGen       total 68608K, used 59634K [0x0000000080000000, 0x0000000084300000, 0x00000000d5580000)
  object space 68608K, 86% used [0x0000000080000000,0x0000000083a3cb10,0x0000000084300000)
 Metaspace       used 68946K, committed 70464K, reserved 1114112K
  class space    used 8550K, committed 9280K, reserved 1048576K
}
Event: 59.611 GC heap before
{Heap before GC invocations=85 (full 3):
 PSYoungGen      total 12288K, used 12128K [0x00000000d5580000, 0x00000000d6280000, 0x0000000100000000)
  eden space 11776K, 100% used [0x00000000d5580000,0x00000000d6100000,0x00000000d6100000)
  from space 512K, 68% used [0x00000000d6180000,0x00000000d61d8000,0x00000000d6200000)
  to   space 512K, 0% used [0x00000000d6200000,0x00000000d6200000,0x00000000d6280000)
 ParOldGen       total 68608K, used 59634K [0x0000000080000000, 0x0000000084300000, 0x00000000d5580000)
  object space 68608K, 86% used [0x0000000080000000,0x0000000083a3cb10,0x0000000084300000)
 Metaspace       used 68946K, committed 70464K, reserved 1114112K
  class space    used 8550K, committed 9280K, reserved 1048576K
}
Event: 59.612 GC heap after
{Heap after GC invocations=85 (full 3):
 PSYoungGen      total 12288K, used 192K [0x00000000d5580000, 0x00000000d6280000, 0x0000000100000000)
  eden space 11776K, 0% used [0x00000000d5580000,0x00000000d5580000,0x00000000d6100000)
  from space 512K, 37% used [0x00000000d6200000,0x00000000d6230000,0x00000000d6280000)
  to   space 512K, 0% used [0x00000000d6180000,0x00000000d6180000,0x00000000d6200000)
 ParOldGen       total 68608K, used 59850K [0x0000000080000000, 0x0000000084300000, 0x00000000d5580000)
  object space 68608K, 87% used [0x0000000080000000,0x0000000083a72b10,0x0000000084300000)
 Metaspace       used 68946K, committed 70464K, reserved 1114112K
  class space    used 8550K, committed 9280K, reserved 1048576K
}
Event: 59.685 GC heap before
{Heap before GC invocations=86 (full 3):
 PSYoungGen      total 12288K, used 11968K [0x00000000d5580000, 0x00000000d6280000, 0x0000000100000000)
  eden space 11776K, 100% used [0x00000000d5580000,0x00000000d6100000,0x00000000d6100000)
  from space 512K, 37% used [0x00000000d6200000,0x00000000d6230000,0x00000000d6280000)
  to   space 512K, 0% used [0x00000000d6180000,0x00000000d6180000,0x00000000d6200000)
 ParOldGen       total 68608K, used 59850K [0x0000000080000000, 0x0000000084300000, 0x00000000d5580000)
  object space 68608K, 87% used [0x0000000080000000,0x0000000083a72b10,0x0000000084300000)
 Metaspace       used 68946K, committed 70464K, reserved 1114112K
  class space    used 8550K, committed 9280K, reserved 1048576K
}
Event: 59.685 GC heap after
{Heap after GC invocations=86 (full 3):
 PSYoungGen      total 12288K, used 256K [0x00000000d5580000, 0x00000000d6280000, 0x0000000100000000)
  eden space 11776K, 0% used [0x00000000d5580000,0x00000000d5580000,0x00000000d6100000)
  from space 512K, 50% used [0x00000000d6180000,0x00000000d61c0000,0x00000000d6200000)
  to   space 512K, 0% used [0x00000000d6200000,0x00000000d6200000,0x00000000d6280000)
 ParOldGen       total 68608K, used 59890K [0x0000000080000000, 0x0000000084300000, 0x00000000d5580000)
  object space 68608K, 87% used [0x0000000080000000,0x0000000083a7cb10,0x0000000084300000)
 Metaspace       used 68946K, committed 70464K, reserved 1114112K
  class space    used 8550K, committed 9280K, reserved 1048576K
}
Event: 59.759 GC heap before
{Heap before GC invocations=87 (full 3):
 PSYoungGen      total 12288K, used 12032K [0x00000000d5580000, 0x00000000d6280000, 0x0000000100000000)
  eden space 11776K, 100% used [0x00000000d5580000,0x00000000d6100000,0x00000000d6100000)
  from space 512K, 50% used [0x00000000d6180000,0x00000000d61c0000,0x00000000d6200000)
  to   space 512K, 0% used [0x00000000d6200000,0x00000000d6200000,0x00000000d6280000)
 ParOldGen       total 68608K, used 59890K [0x0000000080000000, 0x0000000084300000, 0x00000000d5580000)
  object space 68608K, 87% used [0x0000000080000000,0x0000000083a7cb10,0x0000000084300000)
 Metaspace       used 68946K, committed 70464K, reserved 1114112K
  class space    used 8550K, committed 9280K, reserved 1048576K
}
Event: 59.759 GC heap after
{Heap after GC invocations=87 (full 3):
 PSYoungGen      total 12288K, used 192K [0x00000000d5580000, 0x00000000d6280000, 0x0000000100000000)
  eden space 11776K, 0% used [0x00000000d5580000,0x00000000d5580000,0x00000000d6100000)
  from space 512K, 37% used [0x00000000d6200000,0x00000000d6230000,0x00000000d6280000)
  to   space 512K, 0% used [0x00000000d6180000,0x00000000d6180000,0x00000000d6200000)
 ParOldGen       total 68608K, used 59938K [0x0000000080000000, 0x0000000084300000, 0x00000000d5580000)
  object space 68608K, 87% used [0x0000000080000000,0x0000000083a88b10,0x0000000084300000)
 Metaspace       used 68946K, committed 70464K, reserved 1114112K
  class space    used 8550K, committed 9280K, reserved 1048576K
}
Event: 59.977 GC heap before
{Heap before GC invocations=88 (full 3):
 PSYoungGen      total 12288K, used 11968K [0x00000000d5580000, 0x00000000d6280000, 0x0000000100000000)
  eden space 11776K, 100% used [0x00000000d5580000,0x00000000d6100000,0x00000000d6100000)
  from space 512K, 37% used [0x00000000d6200000,0x00000000d6230000,0x00000000d6280000)
  to   space 512K, 0% used [0x00000000d6180000,0x00000000d6180000,0x00000000d6200000)
 ParOldGen       total 68608K, used 59938K [0x0000000080000000, 0x0000000084300000, 0x00000000d5580000)
  object space 68608K, 87% used [0x0000000080000000,0x0000000083a88b10,0x0000000084300000)
 Metaspace       used 69326K, committed 70848K, reserved 1114112K
  class space    used 8592K, committed 9280K, reserved 1048576K
}
Event: 59.980 GC heap after
{Heap after GC invocations=88 (full 3):
 PSYoungGen      total 12288K, used 512K [0x00000000d5580000, 0x00000000d6500000, 0x0000000100000000)
  eden space 11776K, 0% used [0x00000000d5580000,0x00000000d5580000,0x00000000d6100000)
  from space 512K, 100% used [0x00000000d6180000,0x00000000d6200000,0x00000000d6200000)
  to   space 2048K, 0% used [0x00000000d6300000,0x00000000d6300000,0x00000000d6500000)
 ParOldGen       total 68608K, used 61113K [0x0000000080000000, 0x0000000084300000, 0x00000000d5580000)
  object space 68608K, 89% used [0x0000000080000000,0x0000000083bae508,0x0000000084300000)
 Metaspace       used 69326K, committed 70848K, reserved 1114112K
  class space    used 8592K, committed 9280K, reserved 1048576K
}
Event: 60.279 GC heap before
{Heap before GC invocations=89 (full 3):
 PSYoungGen      total 12288K, used 12288K [0x00000000d5580000, 0x00000000d6500000, 0x0000000100000000)
  eden space 11776K, 100% used [0x00000000d5580000,0x00000000d6100000,0x00000000d6100000)
  from space 512K, 100% used [0x00000000d6180000,0x00000000d6200000,0x00000000d6200000)
  to   space 2048K, 0% used [0x00000000d6300000,0x00000000d6300000,0x00000000d6500000)
 ParOldGen       total 68608K, used 61113K [0x0000000080000000, 0x0000000084300000, 0x00000000d5580000)
  object space 68608K, 89% used [0x0000000080000000,0x0000000083bae508,0x0000000084300000)
 Metaspace       used 70427K, committed 71872K, reserved 1114112K
  class space    used 8691K, committed 9344K, reserved 1048576K
}
Event: 60.283 GC heap after
{Heap after GC invocations=89 (full 3):
 PSYoungGen      total 11776K, used 2027K [0x00000000d5580000, 0x00000000d6900000, 0x0000000100000000)
  eden space 9728K, 0% used [0x00000000d5580000,0x00000000d5580000,0x00000000d5f00000)
  from space 2048K, 98% used [0x00000000d6300000,0x00000000d64faca8,0x00000000d6500000)
  to   space 4096K, 0% used [0x00000000d5f00000,0x00000000d5f00000,0x00000000d6300000)
 ParOldGen       total 68608K, used 62377K [0x0000000080000000, 0x0000000084300000, 0x00000000d5580000)
  object space 68608K, 90% used [0x0000000080000000,0x0000000083cea538,0x0000000084300000)
 Metaspace       used 70427K, committed 71872K, reserved 1114112K
  class space    used 8691K, committed 9344K, reserved 1048576K
}
Event: 60.551 GC heap before
{Heap before GC invocations=90 (full 3):
 PSYoungGen      total 11776K, used 11755K [0x00000000d5580000, 0x00000000d6900000, 0x0000000100000000)
  eden space 9728K, 100% used [0x00000000d5580000,0x00000000d5f00000,0x00000000d5f00000)
  from space 2048K, 98% used [0x00000000d6300000,0x00000000d64faca8,0x00000000d6500000)
  to   space 4096K, 0% used [0x00000000d5f00000,0x00000000d5f00000,0x00000000d6300000)
 ParOldGen       total 68608K, used 62377K [0x0000000080000000, 0x0000000084300000, 0x00000000d5580000)
  object space 68608K, 90% used [0x0000000080000000,0x0000000083cea538,0x0000000084300000)
 Metaspace       used 71475K, committed 73024K, reserved 1114112K
  class space    used 8795K, committed 9536K, reserved 1048576K
}
Event: 60.554 GC heap after
{Heap after GC invocations=90 (full 3):
 PSYoungGen      total 11264K, used 1040K [0x00000000d5580000, 0x00000000d6380000, 0x0000000100000000)
  eden space 9728K, 0% used [0x00000000d5580000,0x00000000d5580000,0x00000000d5f00000)
  from space 1536K, 67% used [0x00000000d5f00000,0x00000000d6004010,0x00000000d6080000)
  to   space 2048K, 0% used [0x00000000d6180000,0x00000000d6180000,0x00000000d6380000)
 ParOldGen       total 68608K, used 63034K [0x0000000080000000, 0x0000000084300000, 0x00000000d5580000)
  object space 68608K, 91% used [0x0000000080000000,0x0000000083d8ea88,0x0000000084300000)
 Metaspace       used 71475K, committed 73024K, reserved 1114112K
  class space    used 8795K, committed 9536K, reserved 1048576K
}
Event: 60.724 GC heap before
{Heap before GC invocations=91 (full 3):
 PSYoungGen      total 11264K, used 10768K [0x00000000d5580000, 0x00000000d6380000, 0x0000000100000000)
  eden space 9728K, 100% used [0x00000000d5580000,0x00000000d5f00000,0x00000000d5f00000)
  from space 1536K, 67% used [0x00000000d5f00000,0x00000000d6004010,0x00000000d6080000)
  to   space 2048K, 0% used [0x00000000d6180000,0x00000000d6180000,0x00000000d6380000)
 ParOldGen       total 68608K, used 63034K [0x0000000080000000, 0x0000000084300000, 0x00000000d5580000)
  object space 68608K, 91% used [0x0000000080000000,0x0000000083d8ea88,0x0000000084300000)
 Metaspace       used 71957K, committed 73472K, reserved 1114112K
  class space    used 8856K, committed 9536K, reserved 1048576K
}
Event: 60.731 GC heap after
{Heap after GC invocations=91 (full 3):
 PSYoungGen      total 10752K, used 896K [0x00000000d5580000, 0x00000000d6280000, 0x0000000100000000)
  eden space 9728K, 0% used [0x00000000d5580000,0x00000000d5580000,0x00000000d5f00000)
  from space 1024K, 87% used [0x00000000d6180000,0x00000000d6260010,0x00000000d6280000)
  to   space 1536K, 0% used [0x00000000d5f80000,0x00000000d5f80000,0x00000000d6100000)
 ParOldGen       total 68608K, used 63943K [0x0000000080000000, 0x0000000084300000, 0x00000000d5580000)
  object space 68608K, 93% used [0x0000000080000000,0x0000000083e71df0,0x0000000084300000)
 Metaspace       used 71957K, committed 73472K, reserved 1114112K
  class space    used 8856K, committed 9536K, reserved 1048576K
}
Event: 60.792 GC heap before
{Heap before GC invocations=92 (full 3):
 PSYoungGen      total 10752K, used 10624K [0x00000000d5580000, 0x00000000d6280000, 0x0000000100000000)
  eden space 9728K, 100% used [0x00000000d5580000,0x00000000d5f00000,0x00000000d5f00000)
  from space 1024K, 87% used [0x00000000d6180000,0x00000000d6260010,0x00000000d6280000)
  to   space 1536K, 0% used [0x00000000d5f80000,0x00000000d5f80000,0x00000000d6100000)
 ParOldGen       total 68608K, used 63943K [0x0000000080000000, 0x0000000084300000, 0x00000000d5580000)
  object space 68608K, 93% used [0x0000000080000000,0x0000000083e71df0,0x0000000084300000)
 Metaspace       used 71957K, committed 73472K, reserved 1114112K
  class space    used 8856K, committed 9536K, reserved 1048576K
}
Event: 60.799 GC heap after
{Heap after GC invocations=92 (full 3):
 PSYoungGen      total 11264K, used 1088K [0x00000000d5580000, 0x00000000d6200000, 0x0000000100000000)
  eden space 9728K, 0% used [0x00000000d5580000,0x00000000d5580000,0x00000000d5f00000)
  from space 1536K, 70% used [0x00000000d5f80000,0x00000000d6090010,0x00000000d6100000)
  to   space 1024K, 0% used [0x00000000d6100000,0x00000000d6100000,0x00000000d6200000)
 ParOldGen       total 68608K, used 64687K [0x0000000080000000, 0x0000000084300000, 0x00000000d5580000)
  object space 68608K, 94% used [0x0000000080000000,0x0000000083f2bdf0,0x0000000084300000)
 Metaspace       used 71957K, committed 73472K, reserved 1114112K
  class space    used 8856K, committed 9536K, reserved 1048576K
}

Dll operation events (15 events):
Event: 0.025 Loaded shared library c:\Users\farha\.antigravity\extensions\redhat.java-1.53.0-win32-x64\jre\21.0.10-win32-x86_64\bin\java.dll
Event: 0.115 Loaded shared library c:\Users\farha\.antigravity\extensions\redhat.java-1.53.0-win32-x64\jre\21.0.10-win32-x86_64\bin\zip.dll
Event: 0.142 Loaded shared library C:\Users\farha\.antigravity\extensions\redhat.java-1.53.0-win32-x64\jre\21.0.10-win32-x86_64\bin\instrument.dll
Event: 0.149 Loaded shared library C:\Users\farha\.antigravity\extensions\redhat.java-1.53.0-win32-x64\jre\21.0.10-win32-x86_64\bin\net.dll
Event: 0.152 Loaded shared library C:\Users\farha\.antigravity\extensions\redhat.java-1.53.0-win32-x64\jre\21.0.10-win32-x86_64\bin\nio.dll
Event: 0.156 Loaded shared library C:\Users\farha\.antigravity\extensions\redhat.java-1.53.0-win32-x64\jre\21.0.10-win32-x86_64\bin\zip.dll
Event: 0.176 Loaded shared library C:\Users\farha\.antigravity\extensions\redhat.java-1.53.0-win32-x64\jre\21.0.10-win32-x86_64\bin\jimage.dll
Event: 0.285 Loaded shared library c:\Users\farha\.antigravity\extensions\redhat.java-1.53.0-win32-x64\jre\21.0.10-win32-x86_64\bin\verify.dll
Event: 1.890 Loaded shared library C:\Users\farha\AppData\Roaming\Antigravity\User\globalStorage\redhat.java\1.53.0\config_win\org.eclipse.equinox.launcher\org.eclipse.equinox.launcher.win32.win32.x86_64_1.3.0.v20260203-2149\eclipse_11919.dll
Event: 4.258 Loaded shared library C:\Users\farha\AppData\Local\Temp\jna-97201744\jna16718506073705064315.dll
Event: 11.506 Loaded shared library D:\Apps\Dev\.gradle\native\c067742578af261105cb4f569cf0c3c89f3d7b1fecec35dd04571415982c5e48\windows-amd64\native-platform.dll
Event: 12.652 Loaded shared library C:\Users\farha\.antigravity\extensions\redhat.java-1.53.0-win32-x64\jre\21.0.10-win32-x86_64\bin\management.dll
Event: 12.657 Loaded shared library C:\Users\farha\.antigravity\extensions\redhat.java-1.53.0-win32-x64\jre\21.0.10-win32-x86_64\bin\management_ext.dll
Event: 16.682 Loaded shared library C:\Users\farha\.antigravity\extensions\redhat.java-1.53.0-win32-x64\jre\21.0.10-win32-x86_64\bin\extnet.dll
Event: 19.803 Loaded shared library C:\Users\farha\.antigravity\extensions\redhat.java-1.53.0-win32-x64\jre\21.0.10-win32-x86_64\bin\sunmscapi.dll

Deoptimization events (20 events):
Event: 60.637 Thread 0x000002677d71fc00 Uncommon trap: reason=class_check action=maybe_recompile pc=0x0000026727a2d8f4 method=org.eclipse.jdt.internal.compiler.util.JrtFileSystem$2.visitFile(Ljava/nio/file/Path;Ljava/nio/file/attribute/BasicFileAttributes;)Ljava/nio/file/FileVisitResult; @ 14 c
Event: 60.637 Thread 0x000002677d71fc00 DEOPT PACKING pc=0x0000026727a2d8f4 sp=0x00000093009fd8c0
Event: 60.637 Thread 0x000002677d71fc00 DEOPT UNPACKING pc=0x00000267271c3aa2 sp=0x00000093009fd898 mode 2
Event: 60.638 Thread 0x000002677d71fc00 Uncommon trap: trap_request=0xffffffde fr.pc=0x0000026727a286f4 relative=0x00000000000000b4
Event: 60.638 Thread 0x000002677d71fc00 Uncommon trap: reason=class_check action=maybe_recompile pc=0x0000026727a286f4 method=org.eclipse.jdt.internal.core.JrtPackageFragmentRoot$1.visitFile(Ljava/lang/Object;Ljava/lang/Object;Ljava/nio/file/attribute/BasicFileAttributes;)Ljava/nio/file/FileVis
Event: 60.638 Thread 0x000002677d71fc00 DEOPT PACKING pc=0x0000026727a286f4 sp=0x00000093009fd870
Event: 60.638 Thread 0x000002677d71fc00 DEOPT UNPACKING pc=0x00000267271c3aa2 sp=0x00000093009fd818 mode 2
Event: 60.638 Thread 0x000002677d71fc00 Uncommon trap: trap_request=0xffffffde fr.pc=0x0000026727a29734 relative=0x0000000000000b74
Event: 60.638 Thread 0x000002677d71fc00 Uncommon trap: reason=class_check action=maybe_recompile pc=0x0000026727a29734 method=org.eclipse.jdt.internal.compiler.util.JrtFileSystem$2.visitFile(Ljava/lang/Object;Ljava/nio/file/attribute/BasicFileAttributes;)Ljava/nio/file/FileVisitResult; @ 2 c2
Event: 60.638 Thread 0x000002677d71fc00 DEOPT PACKING pc=0x0000026727a29734 sp=0x00000093009fd930
Event: 60.638 Thread 0x000002677d71fc00 DEOPT UNPACKING pc=0x00000267271c3aa2 sp=0x00000093009fd908 mode 2
Event: 60.638 Thread 0x000002677d71fc00 Uncommon trap: trap_request=0xffffffde fr.pc=0x0000026727a2d8f4 relative=0x0000000000000ab4
Event: 60.638 Thread 0x000002677d71fc00 Uncommon trap: reason=class_check action=maybe_recompile pc=0x0000026727a2d8f4 method=org.eclipse.jdt.internal.compiler.util.JrtFileSystem$2.visitFile(Ljava/nio/file/Path;Ljava/nio/file/attribute/BasicFileAttributes;)Ljava/nio/file/FileVisitResult; @ 14 c
Event: 60.638 Thread 0x000002677d71fc00 DEOPT PACKING pc=0x0000026727a2d8f4 sp=0x00000093009fd8c0
Event: 60.638 Thread 0x000002677d71fc00 DEOPT UNPACKING pc=0x00000267271c3aa2 sp=0x00000093009fd898 mode 2
Event: 60.638 Thread 0x000002677d71fc00 Uncommon trap: trap_request=0xffffffde fr.pc=0x0000026727a286f4 relative=0x00000000000000b4
Event: 60.638 Thread 0x000002677d71fc00 Uncommon trap: reason=class_check action=maybe_recompile pc=0x0000026727a286f4 method=org.eclipse.jdt.internal.core.JrtPackageFragmentRoot$1.visitFile(Ljava/lang/Object;Ljava/lang/Object;Ljava/nio/file/attribute/BasicFileAttributes;)Ljava/nio/file/FileVis
Event: 60.638 Thread 0x000002677d71fc00 DEOPT PACKING pc=0x0000026727a286f4 sp=0x00000093009fd870
Event: 60.638 Thread 0x000002677d71fc00 DEOPT UNPACKING pc=0x00000267271c3aa2 sp=0x00000093009fd818 mode 2
Event: 61.074 Thread 0x000002677d71fc00 Uncommon trap: trap_request=0xffffffde fr.pc=0x0000026727df94ec relative=0x0000000000000f2c

Classes loaded (20 events):
Event: 60.681 Loading class sun/security/rsa/RSASignature$SHA224withRSA
Event: 60.681 Loading class sun/security/rsa/RSASignature$SHA224withRSA done
Event: 60.681 Loading class sun/security/provider/DSA$SHA224withDSA
Event: 60.681 Loading class sun/security/provider/DSA$SHA224withDSA done
Event: 60.682 Loading class sun/security/ssl/SessionId
Event: 60.682 Loading class sun/security/ssl/SessionId done
Event: 60.682 Loading class sun/security/ssl/DTLSInputRecord
Event: 60.684 Loading class sun/security/ssl/DTLSRecord
Event: 60.684 Loading class sun/security/ssl/DTLSRecord done
Event: 60.684 Loading class sun/security/ssl/DTLSInputRecord done
Event: 60.684 Loading class java/util/concurrent/ConcurrentSkipListMap$KeySet
Event: 60.686 Loading class java/util/concurrent/ConcurrentSkipListMap$KeySet done
Event: 60.689 Loading class java/util/concurrent/ConcurrentSkipListMap$KeyIterator
Event: 60.690 Loading class java/util/concurrent/ConcurrentSkipListMap$KeyIterator done
Event: 60.690 Loading class java/net/InetAddress$NameServiceAddresses
Event: 60.691 Loading class java/net/InetAddress$Addresses
Event: 60.692 Loading class java/net/InetAddress$Addresses done
Event: 60.692 Loading class java/net/InetAddress$NameServiceAddresses done
Event: 60.692 Loading class java/net/spi/InetAddressResolverProvider
Event: 60.692 Loading class java/net/spi/InetAddressResolverProvider done

Classes unloaded (18 events):
Event: 5.027 Thread 0x000002671cadebc0 Unloading class 0x00000267351acc00 'java/lang/invoke/LambdaForm$MH+0x00000267351acc00'
Event: 5.027 Thread 0x000002671cadebc0 Unloading class 0x00000267351ac800 'java/lang/invoke/LambdaForm$MH+0x00000267351ac800'
Event: 5.027 Thread 0x000002671cadebc0 Unloading class 0x00000267351ac400 'java/lang/invoke/LambdaForm$MH+0x00000267351ac400'
Event: 5.027 Thread 0x000002671cadebc0 Unloading class 0x00000267351ac000 'java/lang/invoke/LambdaForm$MH+0x00000267351ac000'
Event: 5.027 Thread 0x000002671cadebc0 Unloading class 0x00000267351abc00 'java/lang/invoke/LambdaForm$BMH+0x00000267351abc00'
Event: 5.027 Thread 0x000002671cadebc0 Unloading class 0x00000267351ab800 'java/lang/invoke/LambdaForm$DMH+0x00000267351ab800'
Event: 5.027 Thread 0x000002671cadebc0 Unloading class 0x00000267351aa400 'java/lang/invoke/LambdaForm$DMH+0x00000267351aa400'
Event: 6.733 Thread 0x000002671cadebc0 Unloading class 0x0000026735331800 'java/lang/invoke/LambdaForm$MH+0x0000026735331800'
Event: 6.733 Thread 0x000002671cadebc0 Unloading class 0x0000026735331000 'java/lang/invoke/LambdaForm$MH+0x0000026735331000'
Event: 6.733 Thread 0x000002671cadebc0 Unloading class 0x0000026735330400 'java/lang/invoke/LambdaForm$MH+0x0000026735330400'
Event: 6.733 Thread 0x000002671cadebc0 Unloading class 0x000002673532f400 'java/lang/invoke/LambdaForm$MH+0x000002673532f400'
Event: 6.733 Thread 0x000002671cadebc0 Unloading class 0x000002673532f000 'java/lang/invoke/LambdaForm$DMH+0x000002673532f000'
Event: 6.733 Thread 0x000002671cadebc0 Unloading class 0x000002673532e800 'java/lang/invoke/LambdaForm$MH+0x000002673532e800'
Event: 6.733 Thread 0x000002671cadebc0 Unloading class 0x000002673532ac00 'java/lang/invoke/LambdaForm$MH+0x000002673532ac00'
Event: 6.733 Thread 0x000002671cadebc0 Unloading class 0x000002673532a000 'java/lang/invoke/LambdaForm$MH+0x000002673532a000'
Event: 6.733 Thread 0x000002671cadebc0 Unloading class 0x0000026735329800 'java/lang/invoke/LambdaForm$MH+0x0000026735329800'
Event: 6.733 Thread 0x000002671cadebc0 Unloading class 0x0000026735328c00 'java/lang/invoke/LambdaForm$MH+0x0000026735328c00'
Event: 6.733 Thread 0x000002671cadebc0 Unloading class 0x0000026735328400 'java/lang/invoke/LambdaForm$MH+0x0000026735328400'

Classes redefined (0 events):
No events

Internal exceptions (20 events):
Event: 59.844 Thread 0x000002677b8258e0 Exception <a 'sun/nio/fs/WindowsException'{0x00000000d5a46198}> (0x00000000d5a46198) 
thrown [s\src\hotspot\share\prims\jni.cpp, line 520]
Event: 59.844 Thread 0x000002677b8258e0 Exception <a 'sun/nio/fs/WindowsException'{0x00000000d5a46d28}> (0x00000000d5a46d28) 
thrown [s\src\hotspot\share\prims\jni.cpp, line 520]
Event: 59.853 Thread 0x000002677b8258e0 Exception <a 'sun/nio/fs/WindowsException'{0x00000000d5a82068}> (0x00000000d5a82068) 
thrown [s\src\hotspot\share\prims\jni.cpp, line 520]
Event: 59.853 Thread 0x000002677b8258e0 Exception <a 'sun/nio/fs/WindowsException'{0x00000000d5a82bf8}> (0x00000000d5a82bf8) 
thrown [s\src\hotspot\share\prims\jni.cpp, line 520]
Event: 59.855 Thread 0x000002677b8258e0 Exception <a 'sun/nio/fs/WindowsException'{0x00000000d5a84b88}> (0x00000000d5a84b88) 
thrown [s\src\hotspot\share\prims\jni.cpp, line 520]
Event: 59.855 Thread 0x000002677b8258e0 Exception <a 'sun/nio/fs/WindowsException'{0x00000000d5a85718}> (0x00000000d5a85718) 
thrown [s\src\hotspot\share\prims\jni.cpp, line 520]
Event: 59.863 Thread 0x000002677b8258e0 Exception <a 'sun/nio/fs/WindowsException'{0x00000000d5abc8e8}> (0x00000000d5abc8e8) 
thrown [s\src\hotspot\share\prims\jni.cpp, line 520]
Event: 59.863 Thread 0x000002677b8258e0 Exception <a 'sun/nio/fs/WindowsException'{0x00000000d5abd6e8}> (0x00000000d5abd6e8) 
thrown [s\src\hotspot\share\prims\jni.cpp, line 520]
Event: 59.864 Thread 0x000002677b8258e0 Exception <a 'sun/nio/fs/WindowsException'{0x00000000d5abf6c0}> (0x00000000d5abf6c0) 
thrown [s\src\hotspot\share\prims\jni.cpp, line 520]
Event: 59.864 Thread 0x000002677b8258e0 Exception <a 'sun/nio/fs/WindowsException'{0x00000000d5ac04c0}> (0x00000000d5ac04c0) 
thrown [s\src\hotspot\share\prims\jni.cpp, line 520]
Event: 59.866 Thread 0x000002677b8258e0 Exception <a 'sun/nio/fs/WindowsException'{0x00000000d5ac3188}> (0x00000000d5ac3188) 
thrown [s\src\hotspot\share\prims\jni.cpp, line 520]
Event: 59.866 Thread 0x000002677b8258e0 Exception <a 'sun/nio/fs/WindowsException'{0x00000000d5ac3f88}> (0x00000000d5ac3f88) 
thrown [s\src\hotspot\share\prims\jni.cpp, line 520]
Event: 59.870 Thread 0x000002677b8258e0 Exception <a 'java/io/FileNotFoundException'{0x00000000d5ae7898}> (0x00000000d5ae7898) 
thrown [s\src\hotspot\share\prims\jni.cpp, line 520]
Event: 59.871 Thread 0x000002677b8258e0 Exception <a 'java/io/FileNotFoundException'{0x00000000d5ae8b78}> (0x00000000d5ae8b78) 
thrown [s\src\hotspot\share\prims\jni.cpp, line 520]
Event: 60.011 Thread 0x000002677b824bc0 Exception <a 'sun/nio/fs/WindowsException'{0x00000000d55fe640}> (0x00000000d55fe640) 
thrown [s\src\hotspot\share\prims\jni.cpp, line 520]
Event: 60.046 Thread 0x0000026708f69ad0 Implicit null exception at 0x0000026727d1e942 to 0x0000026727d2248c
Event: 60.211 Thread 0x000002677d71fc00 Exception <a 'sun/nio/fs/WindowsException'{0x00000000d5e35830}> (0x00000000d5e35830) 
thrown [s\src\hotspot\share\prims\jni.cpp, line 520]
Event: 60.211 Thread 0x000002677d71fc00 Exception <a 'sun/nio/fs/WindowsException'{0x00000000d5e365f0}> (0x00000000d5e365f0) 
thrown [s\src\hotspot\share\prims\jni.cpp, line 520]
Event: 60.328 Thread 0x000002677b824bc0 Implicit null exception at 0x0000026727b43242 to 0x0000026727b43994
Event: 60.329 Thread 0x000002677b824bc0 Implicit null exception at 0x0000026727adbc6b to 0x0000026727adc634

ZGC Phase Switch (0 events):
No events

VM Operations (20 events):
Event: 60.016 Executing non-safepoint VM operation: HandshakeAllThreads (Deoptimize) done
Event: 60.046 Executing non-safepoint VM operation: HandshakeAllThreads (HandshakeForDeflation)
Event: 60.046 Executing non-safepoint VM operation: HandshakeAllThreads (HandshakeForDeflation) done
Event: 60.046 Executing non-safepoint VM operation: RendezvousGCThreads
Event: 60.046 Executing non-safepoint VM operation: RendezvousGCThreads done
Event: 60.117 Executing non-safepoint VM operation: HandshakeAllThreads (Deoptimize)
Event: 60.117 Executing non-safepoint VM operation: HandshakeAllThreads (Deoptimize) done
Event: 60.279 Executing safepoint VM operation: ParallelGCFailedAllocation (Allocation Failure)
Event: 60.283 Executing safepoint VM operation: ParallelGCFailedAllocation (Allocation Failure) done
Event: 60.548 Executing safepoint VM operation: ParallelGCFailedAllocation (Allocation Failure)
Event: 60.554 Executing safepoint VM operation: ParallelGCFailedAllocation (Allocation Failure) done
Event: 60.589 Executing non-safepoint VM operation: HandshakeAllThreads (Deoptimize)
Event: 60.590 Executing non-safepoint VM operation: HandshakeAllThreads (Deoptimize) done
Event: 60.678 Executing non-safepoint VM operation: HandshakeAllThreads (Deoptimize)
Event: 60.680 Executing non-safepoint VM operation: HandshakeAllThreads (Deoptimize) done
Event: 60.724 Executing safepoint VM operation: ParallelGCFailedAllocation (Allocation Failure)
Event: 60.731 Executing safepoint VM operation: ParallelGCFailedAllocation (Allocation Failure) done
Event: 60.792 Executing safepoint VM operation: ParallelGCFailedAllocation (Allocation Failure)
Event: 60.799 Executing safepoint VM operation: ParallelGCFailedAllocation (Allocation Failure) done
Event: 61.799 Executing safepoint VM operation: Cleanup

Memory protections (0 events):
No events

Nmethod flushes (20 events):
Event: 12.973 Thread 0x000002671cadebc0 flushing  nmethod 0x00000267205c3910
Event: 12.973 Thread 0x000002671cadebc0 flushing  nmethod 0x00000267205dda90
Event: 12.973 Thread 0x000002671cadebc0 flushing  nmethod 0x00000267205e0f90
Event: 12.973 Thread 0x000002671cadebc0 flushing  nmethod 0x00000267205e2990
Event: 12.973 Thread 0x000002671cadebc0 flushing  nmethod 0x00000267205e3410
Event: 12.973 Thread 0x000002671cadebc0 flushing  nmethod 0x00000267205e5890
Event: 12.973 Thread 0x000002671cadebc0 flushing  nmethod 0x00000267205edc10
Event: 12.973 Thread 0x000002671cadebc0 flushing  nmethod 0x00000267205f5610
Event: 12.973 Thread 0x000002671cadebc0 flushing  nmethod 0x000002672062d090
Event: 12.973 Thread 0x000002671cadebc0 flushing  nmethod 0x000002672062d790
Event: 12.973 Thread 0x000002671cadebc0 flushing  nmethod 0x0000026720630610
Event: 12.973 Thread 0x000002671cadebc0 flushing  nmethod 0x0000026720639090
Event: 12.973 Thread 0x000002671cadebc0 flushing  nmethod 0x000002672063a710
Event: 12.973 Thread 0x000002671cadebc0 flushing  nmethod 0x00000267206aee10
Event: 12.973 Thread 0x000002671cadebc0 flushing  nmethod 0x00000267206afb10
Event: 12.973 Thread 0x000002671cadebc0 flushing  nmethod 0x00000267206b9190
Event: 12.973 Thread 0x000002671cadebc0 flushing osr nmethod 0x00000267206bf910
Event: 12.973 Thread 0x000002671cadebc0 flushing  nmethod 0x00000267206cc710
Event: 12.973 Thread 0x000002671cadebc0 flushing  nmethod 0x00000267206cca90
Event: 12.973 Thread 0x000002671cadebc0 flushing  nmethod 0x00000267206d7c90

Events (20 events):
Event: 37.544 Thread 0x000002677b8a0f50 Thread exited: 0x000002677b8a0f50
Event: 45.449 Thread 0x000002671c9cfe80 Thread added: 0x000002677b89fae0
Event: 45.971 Thread 0x000002677b89fae0 Thread exited: 0x000002677b89fae0
Event: 58.302 Thread 0x000002671c9d1450 Thread added: 0x000002677b89fae0
Event: 58.379 Thread 0x000002677b89fae0 Thread added: 0x000002677b8a0f50
Event: 58.654 Thread 0x0000026708f6a7f0 Thread exited: 0x0000026708f6a7f0
Event: 58.657 Thread 0x0000026708f6ae80 Thread exited: 0x0000026708f6ae80
Event: 58.673 Thread 0x0000026708f68090 Thread exited: 0x0000026708f68090
Event: 58.761 Thread 0x000002677b8258e0 Thread added: 0x0000026708f68db0
Event: 58.763 Thread 0x000002677b8258e0 Thread added: 0x0000026708f69440
Event: 58.813 Thread 0x0000026708f69440 Thread exited: 0x0000026708f69440
Event: 58.821 Thread 0x000002677b8258e0 Thread added: 0x0000026708f69440
Event: 58.824 Thread 0x000002677b8258e0 Thread added: 0x0000026708f68090
Event: 58.854 Thread 0x0000026708f68090 Thread exited: 0x0000026708f68090
Event: 59.955 Thread 0x000002677b8258e0 Thread added: 0x0000026708f6a160
Event: 59.958 Thread 0x000002677b8258e0 Thread added: 0x0000026708f69ad0
Event: 59.976 Thread 0x0000026708f69ad0 Thread added: 0x0000026708f6a7f0
Event: 60.025 Thread 0x0000026708f69ad0 Thread added: 0x0000026708f6ae80
Event: 60.025 Thread 0x0000026708f69ad0 Thread added: 0x0000026708f68090
Event: 60.028 Thread 0x0000026708f6ae80 Thread exited: 0x0000026708f6ae80


Dynamic libraries:
0x00007ff6cfb20000 - 0x00007ff6cfb2e000 	c:\Users\farha\.antigravity\extensions\redhat.java-1.53.0-win32-x64\jre\21.0.10-win32-x86_64\bin\java.exe
0x00007ffcf2b00000 - 0x00007ffcf2d67000 	C:\WINDOWS\SYSTEM32\ntdll.dll
0x00007ffcf1900000 - 0x00007ffcf19c9000 	C:\WINDOWS\System32\KERNEL32.DLL
0x00007ffcef470000 - 0x00007ffcef861000 	C:\WINDOWS\System32\KERNELBASE.dll
0x00007ffcef870000 - 0x00007ffcef9bb000 	C:\WINDOWS\System32\ucrtbase.dll
0x00007ffcea7a0000 - 0x00007ffcea7be000 	c:\Users\farha\.antigravity\extensions\redhat.java-1.53.0-win32-x64\jre\21.0.10-win32-x86_64\bin\VCRUNTIME140.dll
0x00007ffcd5bc0000 - 0x00007ffcd5bd8000 	c:\Users\farha\.antigravity\extensions\redhat.java-1.53.0-win32-x64\jre\21.0.10-win32-x86_64\bin\jli.dll
0x00007ffcf08a0000 - 0x00007ffcf0a65000 	C:\WINDOWS\System32\USER32.dll
0x00007ffcdbcc0000 - 0x00007ffcdbf53000 	C:\WINDOWS\WinSxS\amd64_microsoft.windows.common-controls_6595b64144ccf1df_6.0.26100.8037_none_3e092faae333b53b\COMCTL32.dll
0x00007ffcf1660000 - 0x00007ffcf1709000 	C:\WINDOWS\System32\msvcrt.dll
0x00007ffcefe20000 - 0x00007ffcefe47000 	C:\WINDOWS\System32\win32u.dll
0x00007ffcf2a90000 - 0x00007ffcf2abb000 	C:\WINDOWS\System32\GDI32.dll
0x00007ffcf0770000 - 0x00007ffcf089b000 	C:\WINDOWS\System32\gdi32full.dll
0x00007ffcefd70000 - 0x00007ffcefe13000 	C:\WINDOWS\System32\msvcp_win.dll
0x00007ffcf20e0000 - 0x00007ffcf2111000 	C:\WINDOWS\System32\IMM32.DLL
0x00007ffcddd20000 - 0x00007ffcddd2c000 	c:\Users\farha\.antigravity\extensions\redhat.java-1.53.0-win32-x64\jre\21.0.10-win32-x86_64\bin\vcruntime140_1.dll
0x00007ffc95390000 - 0x00007ffc9541d000 	c:\Users\farha\.antigravity\extensions\redhat.java-1.53.0-win32-x64\jre\21.0.10-win32-x86_64\bin\msvcp140.dll
0x00007ffc535e0000 - 0x00007ffc54381000 	c:\Users\farha\.antigravity\extensions\redhat.java-1.53.0-win32-x64\jre\21.0.10-win32-x86_64\bin\server\jvm.dll
0x00007ffcf1840000 - 0x00007ffcf18fb000 	C:\WINDOWS\System32\ADVAPI32.dll
0x00007ffcf1710000 - 0x00007ffcf17b7000 	C:\WINDOWS\System32\sechost.dll
0x00007ffcf1fc0000 - 0x00007ffcf20d8000 	C:\WINDOWS\System32\RPCRT4.dll
0x00007ffcf1e80000 - 0x00007ffcf1ef4000 	C:\WINDOWS\System32\WS2_32.dll
0x00007ffcef240000 - 0x00007ffcef29e000 	C:\WINDOWS\SYSTEM32\POWRPROF.dll
0x00007ffce54c0000 - 0x00007ffce54cb000 	C:\WINDOWS\SYSTEM32\VERSION.dll
0x00007ffce56c0000 - 0x00007ffce56f5000 	C:\WINDOWS\SYSTEM32\WINMM.dll
0x00007ffcef220000 - 0x00007ffcef234000 	C:\WINDOWS\SYSTEM32\UMPDC.dll
0x00007ffcee170000 - 0x00007ffcee18b000 	C:\WINDOWS\SYSTEM32\kernel.appcore.dll
0x00007ffcd5c20000 - 0x00007ffcd5c2a000 	c:\Users\farha\.antigravity\extensions\redhat.java-1.53.0-win32-x64\jre\21.0.10-win32-x86_64\bin\jimage.dll
0x00007ffced550000 - 0x00007ffced792000 	C:\WINDOWS\SYSTEM32\DBGHELP.DLL
0x00007ffcf26a0000 - 0x00007ffcf2a22000 	C:\WINDOWS\System32\combase.dll
0x00007ffcf1a10000 - 0x00007ffcf1ae7000 	C:\WINDOWS\System32\OLEAUT32.dll
0x00007ffcd5440000 - 0x00007ffcd547b000 	C:\WINDOWS\SYSTEM32\dbgcore.DLL
0x00007ffcefe50000 - 0x00007ffcefef5000 	C:\WINDOWS\System32\bcryptPrimitives.dll
0x00007ffcd5be0000 - 0x00007ffcd5bef000 	c:\Users\farha\.antigravity\extensions\redhat.java-1.53.0-win32-x64\jre\21.0.10-win32-x86_64\bin\instrument.dll
0x00007ffcd5c00000 - 0x00007ffcd5c20000 	c:\Users\farha\.antigravity\extensions\redhat.java-1.53.0-win32-x64\jre\21.0.10-win32-x86_64\bin\java.dll
0x00007ffcf0ee0000 - 0x00007ffcf163f000 	C:\WINDOWS\System32\SHELL32.dll
0x00007ffcefb40000 - 0x00007ffcefcaa000 	C:\WINDOWS\System32\wintypes.dll
0x00007ffceff00000 - 0x00007ffcf0764000 	C:\WINDOWS\System32\windows.storage.dll
0x00007ffcf0de0000 - 0x00007ffcf0ed7000 	C:\WINDOWS\System32\SHCORE.dll
0x00007ffcf1c90000 - 0x00007ffcf1cf7000 	C:\WINDOWS\System32\shlwapi.dll
0x00007ffcef300000 - 0x00007ffcef329000 	C:\WINDOWS\SYSTEM32\profapi.dll
0x00007ffcbeda0000 - 0x00007ffcbedb8000 	c:\Users\farha\.antigravity\extensions\redhat.java-1.53.0-win32-x64\jre\21.0.10-win32-x86_64\bin\zip.dll
0x00007ffcd5bf0000 - 0x00007ffcd5c00000 	C:\Users\farha\.antigravity\extensions\redhat.java-1.53.0-win32-x64\jre\21.0.10-win32-x86_64\bin\net.dll
0x00007ffce4840000 - 0x00007ffce4967000 	C:\WINDOWS\SYSTEM32\WINHTTP.dll
0x00007ffcee6e0000 - 0x00007ffcee74b000 	C:\WINDOWS\system32\mswsock.dll
0x00007ffcbb460000 - 0x00007ffcbb476000 	C:\Users\farha\.antigravity\extensions\redhat.java-1.53.0-win32-x64\jre\21.0.10-win32-x86_64\bin\nio.dll
0x00007ffcd5c90000 - 0x00007ffcd5ca0000 	c:\Users\farha\.antigravity\extensions\redhat.java-1.53.0-win32-x64\jre\21.0.10-win32-x86_64\bin\verify.dll
0x00007ffcbef60000 - 0x00007ffcbefa5000 	C:\Users\farha\AppData\Roaming\Antigravity\User\globalStorage\redhat.java\1.53.0\config_win\org.eclipse.equinox.launcher\org.eclipse.equinox.launcher.win32.win32.x86_64_1.3.0.v20260203-2149\eclipse_11919.dll
0x00007ffcf1af0000 - 0x00007ffcf1c85000 	C:\WINDOWS\System32\ole32.dll
0x00007ffcee9c0000 - 0x00007ffcee9db000 	C:\WINDOWS\SYSTEM32\CRYPTSP.dll
0x00007ffcee0d0000 - 0x00007ffcee109000 	C:\WINDOWS\system32\rsaenh.dll
0x00007ffcee790000 - 0x00007ffcee7c2000 	C:\WINDOWS\SYSTEM32\USERENV.dll
0x00007ffcef2d0000 - 0x00007ffcef2fa000 	C:\WINDOWS\SYSTEM32\bcrypt.dll
0x00007ffcee9e0000 - 0x00007ffcee9ec000 	C:\WINDOWS\SYSTEM32\CRYPTBASE.dll
0x00007ffceda70000 - 0x00007ffcedaa3000 	C:\WINDOWS\SYSTEM32\IPHLPAPI.DLL
0x00007ffcf0c70000 - 0x00007ffcf0c7a000 	C:\WINDOWS\System32\NSI.dll
0x00007ffcbef10000 - 0x00007ffcbef59000 	C:\Users\farha\AppData\Local\Temp\jna-97201744\jna16718506073705064315.dll
0x00007ffcf19d0000 - 0x00007ffcf19d8000 	C:\WINDOWS\System32\PSAPI.DLL
0x00007ffce9870000 - 0x00007ffce988d000 	C:\WINDOWS\SYSTEM32\dhcpcsvc6.DLL
0x00007ffce9830000 - 0x00007ffce9853000 	C:\WINDOWS\SYSTEM32\dhcpcsvc.DLL
0x00007ffcd2f10000 - 0x00007ffcd2f37000 	D:\Apps\Dev\.gradle\native\c067742578af261105cb4f569cf0c3c89f3d7b1fecec35dd04571415982c5e48\windows-amd64\native-platform.dll
0x00007ffcd4750000 - 0x00007ffcd475a000 	C:\Users\farha\.antigravity\extensions\redhat.java-1.53.0-win32-x64\jre\21.0.10-win32-x86_64\bin\management.dll
0x00007ffcd2bd0000 - 0x00007ffcd2bdc000 	C:\Users\farha\.antigravity\extensions\redhat.java-1.53.0-win32-x64\jre\21.0.10-win32-x86_64\bin\management_ext.dll
0x00007ffcc7010000 - 0x00007ffcc7019000 	C:\Users\farha\.antigravity\extensions\redhat.java-1.53.0-win32-x64\jre\21.0.10-win32-x86_64\bin\extnet.dll
0x00007ffcc9b70000 - 0x00007ffcc9b7e000 	C:\Users\farha\.antigravity\extensions\redhat.java-1.53.0-win32-x64\jre\21.0.10-win32-x86_64\bin\sunmscapi.dll
0x00007ffcef9c0000 - 0x00007ffcefb37000 	C:\WINDOWS\System32\CRYPT32.dll
0x00007ffceebe0000 - 0x00007ffceec10000 	C:\WINDOWS\SYSTEM32\ncrypt.dll
0x00007ffceeb90000 - 0x00007ffceebcf000 	C:\WINDOWS\SYSTEM32\NTASN1.dll
0x00007ffc88ba0000 - 0x00007ffc88ba8000 	C:\WINDOWS\system32\wshunix.dll
0x00007ffcedb90000 - 0x00007ffcedcba000 	C:\WINDOWS\SYSTEM32\DNSAPI.dll
0x00007ffce54d0000 - 0x00007ffce54db000 	C:\Windows\System32\rasadhlp.dll
0x00007ffce9c50000 - 0x00007ffce9cd6000 	C:\WINDOWS\System32\fwpuclnt.dll

JVMTI agents:
c:\Users\farha\.antigravity\extensions\redhat.java-1.53.0-win32-x64\lombok\lombok-1.18.39-4050.jar path:c:\Users\farha\.antigravity\extensions\redhat.java-1.53.0-win32-x64\jre\21.0.10-win32-x86_64\bin\instrument.dll, loaded, initialized, instrumentlib options:none

dbghelp: loaded successfully - version: 4.0.5 - missing functions: none
symbol engine: initialized successfully - sym options: 0x614 - pdb path: .;c:\Users\farha\.antigravity\extensions\redhat.java-1.53.0-win32-x64\jre\21.0.10-win32-x86_64\bin;C:\WINDOWS\SYSTEM32;C:\WINDOWS\WinSxS\amd64_microsoft.windows.common-controls_6595b64144ccf1df_6.0.26100.8037_none_3e092faae333b53b;c:\Users\farha\.antigravity\extensions\redhat.java-1.53.0-win32-x64\jre\21.0.10-win32-x86_64\bin\server;C:\Users\farha\AppData\Roaming\Antigravity\User\globalStorage\redhat.java\1.53.0\config_win\org.eclipse.equinox.launcher\org.eclipse.equinox.launcher.win32.win32.x86_64_1.3.0.v20260203-2149;C:\Users\farha\AppData\Local\Temp\jna-97201744;D:\Apps\Dev\.gradle\native\c067742578af261105cb4f569cf0c3c89f3d7b1fecec35dd04571415982c5e48\windows-amd64

VM Arguments:
jvm_args: --add-modules=ALL-SYSTEM --add-opens=java.base/java.util=ALL-UNNAMED --add-opens=java.base/java.lang=ALL-UNNAMED --add-opens=java.base/sun.nio.fs=ALL-UNNAMED -Declipse.application=org.eclipse.jdt.ls.core.id1 -Dosgi.bundles.defaultStartLevel=4 -Declipse.product=org.eclipse.jdt.ls.core.product -Djava.import.generatesMetadataFilesAtProjectRoot=false -DDetectVMInstallationsJob.disabled=true -Dfile.encoding=utf8 -XX:+UseParallelGC -XX:GCTimeRatio=4 -XX:AdaptiveSizePolicyWeight=90 -Dsun.zip.disableMemoryMapping=true -Xmx2G -Xms100m -Xlog:disable -javaagent:c:\Users\farha\.antigravity\extensions\redhat.java-1.53.0-win32-x64\lombok\lombok-1.18.39-4050.jar -XX:+HeapDumpOnOutOfMemoryError -XX:HeapDumpPath=c:\Users\farha\AppData\Roaming\Antigravity\User\workspaceStorage\d81d773f28174eba71a84acaede03c91\redhat.java -Daether.dependencyCollector.impl=bf 
java_command: c:\Users\farha\.antigravity\extensions\redhat.java-1.53.0-win32-x64\server\plugins\org.eclipse.equinox.launcher_1.7.100.v20251111-0406.jar -configuration c:\Users\farha\AppData\Roaming\Antigravity\User\globalStorage\redhat.java\1.53.0\config_win -data c:\Users\farha\AppData\Roaming\Antigravity\User\workspaceStorage\d81d773f28174eba71a84acaede03c91\redhat.java\jdt_ws --pipe=\\.\pipe\lsp-1b5c20c034e1ff7d7157b7b0247b004f-sock
java_class_path (initial): c:\Users\farha\.antigravity\extensions\redhat.java-1.53.0-win32-x64\server\plugins\org.eclipse.equinox.launcher_1.7.100.v20251111-0406.jar
Launcher Type: SUN_STANDARD

[Global flags]
    uintx AdaptiveSizePolicyWeight                 = 90                                        {product} {command line}
     intx CICompilerCount                          = 4                                         {product} {ergonomic}
    uintx GCTimeRatio                              = 4                                         {product} {command line}
     bool HeapDumpOnOutOfMemoryError               = true                                   {manageable} {command line}
    ccstr HeapDumpPath                             = c:\Users\farha\AppData\Roaming\Antigravity\User\workspaceStorage\d81d773f28174eba71a84acaede03c91\redhat.java         {manageable} {command line}
   size_t InitialHeapSize                          = 104857600                                 {product} {command line}
   size_t MaxHeapSize                              = 2147483648                                {product} {command line}
   size_t MaxNewSize                               = 715653120                                 {product} {ergonomic}
   size_t MinHeapDeltaBytes                        = 524288                                    {product} {ergonomic}
   size_t MinHeapSize                              = 104857600                                 {product} {command line}
   size_t NewSize                                  = 34603008                                  {product} {ergonomic}
    uintx NonNMethodCodeHeapSize                   = 5839372                                {pd product} {ergonomic}
    uintx NonProfiledCodeHeapSize                  = 122909434                              {pd product} {ergonomic}
   size_t OldSize                                  = 70254592                                  {product} {ergonomic}
    uintx ProfiledCodeHeapSize                     = 122909434                              {pd product} {ergonomic}
    uintx ReservedCodeCacheSize                    = 251658240                              {pd product} {ergonomic}
     bool SegmentedCodeCache                       = true                                      {product} {ergonomic}
   size_t SoftMaxHeapSize                          = 2147483648                             {manageable} {ergonomic}
     bool UseCompressedOops                        = true                           {product lp64_product} {ergonomic}
     bool UseLargePagesIndividualAllocation        = false                                  {pd product} {ergonomic}
     bool UseParallelGC                            = true                                      {product} {command line}

Logging:
Log output configuration:
 #0: stdout all=off uptime,level,tags foldmultilines=false
 #1: stderr all=off uptime,level,tags foldmultilines=false

Release file:
JAVA_VERSION="21.0.10" 
MODULES="java.base java.compiler java.datatransfer java.xml java.prefs java.desktop java.instrument java.logging java.management java.security.sasl java.naming java.rmi java.management.rmi java.net.http java.scripting java.security.jgss java.transaction.xa java.sql java.sql.rowset java.xml.crypto java.se java.smartcardio jdk.accessibility jdk.internal.jvmstat jdk.attach jdk.charsets jdk.internal.opt jdk.zipfs jdk.compiler jdk.crypto.ec jdk.crypto.cryptoki jdk.crypto.mscapi jdk.dynalink jdk.internal.ed jdk.editpad jdk.hotspot.agent jdk.httpserver jdk.internal.le jdk.internal.vm.ci jdk.internal.vm.compiler jdk.internal.vm.compiler.management jdk.jartool jdk.javadoc jdk.jcmd jdk.management jdk.management.agent jdk.jconsole jdk.jdeps jdk.jdwp.agent jdk.jdi jdk.jfr jdk.jshell jdk.jsobject jdk.jstatd jdk.localedata jdk.management.jfr jdk.naming.dns jdk.naming.rmi jdk.net jdk.nio.mapmode jdk.random jdk.sctp jdk.security.auth jdk.security.jgss jdk.unsupported jdk.unsupported.desktop jdk.xml.dom" 

Environment Variables:
JAVA_HOME=C:\Program Files\Java\jdk-24\
PATH=D:\Apps\npm-global;D:\Apps\npm-global;C:\Python314\Scripts\;C:\Python314\;C:\WINDOWS\system32;C:\WINDOWS;C:\WINDOWS\System32\Wbem;C:\WINDOWS\System32\WindowsPowerShell\v1.0\;C:\WINDOWS\System32\OpenSSH\;C:\Program Files\Java\jdk-24\bin;E:\winlibs-x86_64-posix-seh-gcc-15.2.0-mingw-w64msvcrt-13.0.0-r1\mingw64\bin;C:\xampp\php;C:\composer;C:\Program Files\nodejs\;C:\ProgramData\chocolatey\bin;C:\Program Files\Git\cmd;C:\Program Files\dotnet\;C:\Program Files\WebP;C:\Program Files\Tailscale\;C:\Program Files\GitHub CLI\;C:\Program Files\Redis\;C:\Program Files\PowerShell\7-preview\preview;C:\Program Files\CMake\bin;C:\Program Files\PowerShell\7\;C:\Program Files\Microsoft SQL Server\170\Tools\Binn\;C:\Program Files\Microsoft SQL Server\Client SDK\ODBC\170\Tools\Binn\;c:\Users\farha\AppData\Local\Programs\cursor\resources\app\codeBin;C:\Users\farha\scoop\apps\mingw\current\bin;C:\Users\farha\scoop\shims;C:\Users\farha\AppData\Local\Programs\Python\Launcher\;C:\Users\farha\AppData\Local\Programs\Microsoft VS Code\bin;C:\Users\farha\AppData\Roaming\Composer\vendor\bin;C:\Users\farha\AppData\Local\Microsoft\WindowsApps;C:\Users\farha\AppData\Local\Programs\Antigravity\bin;C:\Users\farha\AppData\Local\Android\Sdk\platform-tools;C:\Users\farha\AppData\Local\Android\Sdk\emulator;C:\Users\farha\AppData\Local\Android\Sdk\cmdline-tools\latest\bin;C:\Users\farha\.dotnet\tools
USERNAME=farha
OS=Windows_NT
PROCESSOR_IDENTIFIER=AMD64 Family 23 Model 160 Stepping 0, AuthenticAMD
TMP=C:\Users\farha\AppData\Local\Temp
TEMP=C:\Users\farha\AppData\Local\Temp




Periodic native trim disabled

---------------  S Y S T E M  ---------------

OS:
 Windows 11 , 64 bit Build 26100 (10.0.26100.7920)
OS uptime: 0 days 5:59 hours
Hyper-V role detected

CPU: total 8 (initial active 8) (8 cores per cpu, 2 threads per core) family 23 model 160 stepping 0 microcode 0x8a00006, cx8, cmov, fxsr, ht, mmx, 3dnowpref, sse, sse2, sse3, ssse3, sse4a, sse4.1, sse4.2, popcnt, lzcnt, tsc, tscinvbit, avx, avx2, aes, clmul, bmi1, bmi2, adx, sha, fma, vzeroupper, clflush, clflushopt, hv, rdtscp, rdpid, f16c
Processor Information for the first 8 processors :
  Max Mhz: 2801, Current Mhz: 2801, Mhz Limit: 2801

Memory: 4k page, system-wide physical 15647M (1296M free)
TotalPageFile size 19743M (AvailPageFile size 207M)
current process WorkingSet (physical memory assigned to process): 311M, peak: 320M
current process commit charge ("private bytes"): 390M, peak: 401M

vm_info: OpenJDK 64-Bit Server VM (21.0.10+7-LTS) for windows-amd64 JRE (21.0.10+7-LTS), built on 2026-01-20T00:00:00Z by "admin" with MS VC++ 17.12 (VS2022)

END.
