#
# There is insufficient memory for the Java Runtime Environment to continue.
# Native memory allocation (malloc) failed to allocate 1048576 bytes. Error detail: AllocateHeap
# Possible reasons:
#   The system is out of physical RAM or swap space
#   This process is running with CompressedOops enabled, and the Java Heap may be blocking the growth of the native heap
# Possible solutions:
#   Reduce memory load on the system
#   Increase physical memory or swap space
#   Check if swap backing store is full
#   Decrease Java heap size (-Xmx/-Xms)
#   Decrease number of Java threads
#   Decrease Java thread stack sizes (-Xss)
#   Set larger code cache with -XX:ReservedCodeCacheSize=
#   JVM is running with Unscaled Compressed Oops mode in which the Java heap is
#     placed in the first 4GB address space. The Java Heap base address is the
#     maximum limit for the native heap growth. Please use -XX:HeapBaseMinAddress
#     to set the Java Heap base and to place the Java Heap above 4GB virtual address.
# This output file may be truncated or incomplete.
#
#  Out of Memory Error (allocation.cpp:44), pid=3272, tid=19460
#
# JRE version: OpenJDK Runtime Environment Temurin-21.0.10+7 (21.0.10+7) (build 21.0.10+7-LTS)
# Java VM: OpenJDK 64-Bit Server VM Temurin-21.0.10+7 (21.0.10+7-LTS, mixed mode, sharing, tiered, compressed oops, compressed class ptrs, parallel gc, windows-amd64)
# No core dump will be written. Minidumps are not enabled by default on client versions of Windows
#

---------------  S U M M A R Y ------------

Command Line: --add-modules=ALL-SYSTEM --add-opens=java.base/java.util=ALL-UNNAMED --add-opens=java.base/java.lang=ALL-UNNAMED --add-opens=java.base/sun.nio.fs=ALL-UNNAMED -Declipse.application=org.eclipse.jdt.ls.core.id1 -Dosgi.bundles.defaultStartLevel=4 -Declipse.product=org.eclipse.jdt.ls.core.product -Djava.import.generatesMetadataFilesAtProjectRoot=false -DDetectVMInstallationsJob.disabled=true -Dfile.encoding=utf8 -XX:+UseParallelGC -XX:GCTimeRatio=4 -XX:AdaptiveSizePolicyWeight=90 -Dsun.zip.disableMemoryMapping=true -Xmx2G -Xms100m -Xlog:disable -javaagent:c:\Users\farha\.antigravity\extensions\redhat.java-1.53.0-win32-x64\lombok\lombok-1.18.39-4050.jar -XX:+HeapDumpOnOutOfMemoryError -XX:HeapDumpPath=c:\Users\farha\AppData\Roaming\Antigravity\User\workspaceStorage\d81d773f28174eba71a84acaede03c91\redhat.java -Daether.dependencyCollector.impl=bf c:\Users\farha\.antigravity\extensions\redhat.java-1.53.0-win32-x64\server\plugins\org.eclipse.equinox.launcher_1.7.100.v20251111-0406.jar -configuration c:\Users\farha\AppData\Roaming\Antigravity\User\globalStorage\redhat.java\1.53.0\config_win -data c:\Users\farha\AppData\Roaming\Antigravity\User\workspaceStorage\d81d773f28174eba71a84acaede03c91\redhat.java\jdt_ws --pipe=\\.\pipe\lsp-a3bd63c4ac880ee24ec9fd9b74242145-sock

Host: AMD Ryzen 5 7520U with Radeon Graphics         , 8 cores, 15G,  Windows 11 , 64 bit Build 26100 (10.0.26100.7920)
Time: Sat Apr 11 02:07:00 2026 SE Asia Standard Time elapsed time: 1930.507340 seconds (0d 0h 32m 10s)

---------------  T H R E A D  ---------------

Current thread (0x0000015d96b19070):  JavaThread "Attach Listener" daemon [_thread_in_vm, id=19460, stack(0x0000004fd8800000,0x0000004fd8900000) (1024K)]

Stack: [0x0000004fd8800000,0x0000004fd8900000]
Native frames: (J=compiled Java code, j=interpreted, Vv=VM code, C=native code)
V  [jvm.dll+0x6d7a39]
V  [jvm.dll+0x8b4b26]
V  [jvm.dll+0x8b70de]
V  [jvm.dll+0x8b77c3]
V  [jvm.dll+0x284346]
V  [jvm.dll+0xc1277]
V  [jvm.dll+0x6d82e9]
V  [jvm.dll+0x1334a6]
V  [jvm.dll+0x3f857e]
V  [jvm.dll+0x85f59d]
V  [jvm.dll+0x6d626d]
C  [ucrtbase.dll+0x37b0]
C  [KERNEL32.DLL+0x2e8d7]
C  [ntdll.dll+0x8c48c]


---------------  P R O C E S S  ---------------

Threads class SMR info:
_java_thread_list=0x0000015dd97ff210, length=51, elements={
0x0000015dfded9460, 0x0000015dffafa300, 0x0000015dffafe7a0, 0x0000015d96b15dd0,
0x0000015d96b19070, 0x0000015d96b1c9a0, 0x0000015d96b1bc80, 0x0000015d96b2df20,
0x0000015dd95afef0, 0x0000015d96b1d030, 0x0000015d96b1c310, 0x0000015d96b1d6c0,
0x0000015d96b1dd50, 0x0000015d96b1af60, 0x0000015d96b1e3e0, 0x0000015d96b1b5f0,
0x0000015dde2d4900, 0x0000015dde2d4f90, 0x0000015dde2d1b10, 0x0000015dde2d5620,
0x0000015dde2d21a0, 0x0000015dde2d3550, 0x0000015dde2d2830, 0x0000015dde2d6340,
0x0000015dde2d76f0, 0x0000015dde2d69d0, 0x0000015dde2d7060, 0x0000015dde2d7d80,
0x0000015dde2d8410, 0x0000015dde2d8aa0, 0x0000015dde2d9130, 0x0000015ddf3f6b40,
0x0000015ddf3f8580, 0x0000015ddf3f9fc0, 0x0000015ddf3fb370, 0x0000015ddf3fc090,
0x0000015ddf3fa650, 0x0000015ddf3fba00, 0x0000015de3d06550, 0x0000015de3d06be0,
0x0000015de3d07270, 0x0000015de3d07900, 0x0000015de3d0b410, 0x0000015de3d09340,
0x0000015de3d0a6f0, 0x0000015de3d099d0, 0x0000015ddf3fc720, 0x0000015ddf3fcdb0,
0x0000015de3e29cf0, 0x0000015de3e28fd0, 0x0000015de3e2aa10
}

Java Threads: ( => current thread )
  0x0000015dfded9460 JavaThread "main"                              [_thread_blocked, id=19904, stack(0x0000004fd8100000,0x0000004fd8200000) (1024K)]
  0x0000015dffafa300 JavaThread "Reference Handler"          daemon [_thread_blocked, id=18772, stack(0x0000004fd8500000,0x0000004fd8600000) (1024K)]
  0x0000015dffafe7a0 JavaThread "Finalizer"                  daemon [_thread_blocked, id=19884, stack(0x0000004fd8600000,0x0000004fd8700000) (1024K)]
  0x0000015d96b15dd0 JavaThread "Signal Dispatcher"          daemon [_thread_blocked, id=10232, stack(0x0000004fd8700000,0x0000004fd8800000) (1024K)]
=>0x0000015d96b19070 JavaThread "Attach Listener"            daemon [_thread_in_vm, id=19460, stack(0x0000004fd8800000,0x0000004fd8900000) (1024K)]
  0x0000015d96b1c9a0 JavaThread "Service Thread"             daemon [_thread_blocked, id=20320, stack(0x0000004fd8900000,0x0000004fd8a00000) (1024K)]
  0x0000015d96b1bc80 JavaThread "Monitor Deflation Thread"   daemon [_thread_blocked, id=20308, stack(0x0000004fd8a00000,0x0000004fd8b00000) (1024K)]
  0x0000015d96b2df20 JavaThread "C2 CompilerThread0"         daemon [_thread_blocked, id=9092, stack(0x0000004fd8b00000,0x0000004fd8c00000) (1024K)]
  0x0000015dd95afef0 JavaThread "C1 CompilerThread0"         daemon [_thread_blocked, id=19068, stack(0x0000004fd8c00000,0x0000004fd8d00000) (1024K)]
  0x0000015d96b1d030 JavaThread "Common-Cleaner"             daemon [_thread_blocked, id=22556, stack(0x0000004fd8d00000,0x0000004fd8e00000) (1024K)]
  0x0000015d96b1c310 JavaThread "Notification Thread"        daemon [_thread_blocked, id=7680, stack(0x0000004fd8e00000,0x0000004fd8f00000) (1024K)]
  0x0000015d96b1d6c0 JavaThread "Active Thread: Equinox Container: b7a15602-ca22-494f-8ebc-1269a0d60f69"        [_thread_blocked, id=16164, stack(0x0000004fd9600000,0x0000004fd9700000) (1024K)]
  0x0000015d96b1dd50 JavaThread "Refresh Thread: Equinox Container: b7a15602-ca22-494f-8ebc-1269a0d60f69" daemon [_thread_blocked, id=2836, stack(0x0000004fd9700000,0x0000004fd9800000) (1024K)]
  0x0000015d96b1af60 JavaThread "Framework Event Dispatcher: Equinox Container: b7a15602-ca22-494f-8ebc-1269a0d60f69" daemon [_thread_blocked, id=12356, stack(0x0000004fd9800000,0x0000004fd9900000) (1024K)]
  0x0000015d96b1e3e0 JavaThread "Start Level: Equinox Container: b7a15602-ca22-494f-8ebc-1269a0d60f69" daemon [_thread_blocked, id=8708, stack(0x0000004fd9900000,0x0000004fd9a00000) (1024K)]
  0x0000015d96b1b5f0 JavaThread "Bundle File Closer"         daemon [_thread_blocked, id=20064, stack(0x0000004fd9c00000,0x0000004fd9d00000) (1024K)]
  0x0000015dde2d4900 JavaThread "SCR Component Actor"        daemon [_thread_blocked, id=14104, stack(0x0000004fd9a00000,0x0000004fd9b00000) (1024K)]
  0x0000015dde2d4f90 JavaThread "Worker-JM"                         [_thread_blocked, id=23216, stack(0x0000004fd9e00000,0x0000004fd9f00000) (1024K)]
  0x0000015dde2d1b10 JavaThread "JNA Cleaner"                daemon [_thread_blocked, id=22900, stack(0x0000004fd9b00000,0x0000004fd9c00000) (1024K)]
  0x0000015dde2d5620 JavaThread "Worker-0"                          [_thread_blocked, id=1656, stack(0x0000004fd9d00000,0x0000004fd9e00000) (1024K)]
  0x0000015dde2d21a0 JavaThread "Worker-1"                          [_thread_blocked, id=13504, stack(0x0000004fd9f00000,0x0000004fda000000) (1024K)]
  0x0000015dde2d3550 JavaThread "Java indexing"              daemon [_thread_blocked, id=11824, stack(0x0000004fda100000,0x0000004fda200000) (1024K)]
  0x0000015dde2d2830 JavaThread "Thread-1"                   daemon [_thread_in_native, id=7508, stack(0x0000004fda900000,0x0000004fdaa00000) (1024K)]
  0x0000015dde2d6340 JavaThread "Thread-2"                   daemon [_thread_in_native, id=19376, stack(0x0000004fdaa00000,0x0000004fdab00000) (1024K)]
  0x0000015dde2d76f0 JavaThread "Thread-3"                   daemon [_thread_in_native, id=19080, stack(0x0000004fdab00000,0x0000004fdac00000) (1024K)]
  0x0000015dde2d69d0 JavaThread "Thread-4"                   daemon [_thread_in_native, id=1836, stack(0x0000004fdac00000,0x0000004fdad00000) (1024K)]
  0x0000015dde2d7060 JavaThread "Thread-5"                   daemon [_thread_in_native, id=9268, stack(0x0000004fdad00000,0x0000004fdae00000) (1024K)]
  0x0000015dde2d7d80 JavaThread "Thread-6"                   daemon [_thread_in_native, id=21840, stack(0x0000004fdae00000,0x0000004fdaf00000) (1024K)]
  0x0000015dde2d8410 JavaThread "Thread-7"                   daemon [_thread_in_native, id=6848, stack(0x0000004fdaf00000,0x0000004fdb000000) (1024K)]
  0x0000015dde2d8aa0 JavaThread "Thread-8"                   daemon [_thread_in_native, id=22204, stack(0x0000004fdb000000,0x0000004fdb100000) (1024K)]
  0x0000015dde2d9130 JavaThread "Thread-9"                   daemon [_thread_in_native, id=19964, stack(0x0000004fdb100000,0x0000004fdb200000) (1024K)]
  0x0000015ddf3f6b40 JavaThread "pool-2-thread-1"                   [_thread_blocked, id=12488, stack(0x0000004fdb300000,0x0000004fdb400000) (1024K)]
  0x0000015ddf3f8580 JavaThread "WorkspaceEventsHandler"            [_thread_blocked, id=9560, stack(0x0000004fdb400000,0x0000004fdb500000) (1024K)]
  0x0000015ddf3f9fc0 JavaThread "pool-1-thread-1"                   [_thread_blocked, id=23260, stack(0x0000004fdb500000,0x0000004fdb600000) (1024K)]
  0x0000015ddf3fb370 JavaThread "Timer-0"                           [_thread_blocked, id=13600, stack(0x0000004fda200000,0x0000004fda300000) (1024K)]
  0x0000015ddf3fc090 JavaThread "Timer-1"                           [_thread_blocked, id=13620, stack(0x0000004fda000000,0x0000004fda100000) (1024K)]
  0x0000015ddf3fa650 JavaThread "Timer-2"                           [_thread_blocked, id=22612, stack(0x0000004fdb800000,0x0000004fdb900000) (1024K)]
  0x0000015ddf3fba00 JavaThread "Timer-3"                           [_thread_blocked, id=6560, stack(0x0000004fdbe00000,0x0000004fdbf00000) (1024K)]
  0x0000015de3d06550 JavaThread "Timer-4"                           [_thread_blocked, id=10192, stack(0x0000004fdbf00000,0x0000004fdc000000) (1024K)]
  0x0000015de3d06be0 JavaThread "Timer-5"                           [_thread_blocked, id=10400, stack(0x0000004fdc000000,0x0000004fdc100000) (1024K)]
  0x0000015de3d07270 JavaThread "Timer-6"                           [_thread_blocked, id=19740, stack(0x0000004fdc100000,0x0000004fdc200000) (1024K)]
  0x0000015de3d07900 JavaThread "Timer-7"                           [_thread_blocked, id=21296, stack(0x0000004fdc300000,0x0000004fdc400000) (1024K)]
  0x0000015de3d0b410 JavaThread "Timer-8"                           [_thread_blocked, id=22688, stack(0x0000004fd8000000,0x0000004fd8100000) (1024K)]
  0x0000015de3d09340 JavaThread "Timer-9"                           [_thread_blocked, id=16564, stack(0x0000004fdba00000,0x0000004fdbb00000) (1024K)]
  0x0000015de3d0a6f0 JavaThread "Timer-10"                          [_thread_blocked, id=2148, stack(0x0000004fdb900000,0x0000004fdba00000) (1024K)]
  0x0000015de3d099d0 JavaThread "Timer-11"                          [_thread_blocked, id=9272, stack(0x0000004fdbb00000,0x0000004fdbc00000) (1024K)]
  0x0000015ddf3fc720 JavaThread "Timer-12"                          [_thread_blocked, id=18912, stack(0x0000004fdc800000,0x0000004fdc900000) (1024K)]
  0x0000015ddf3fcdb0 JavaThread "Timer-13"                          [_thread_blocked, id=21868, stack(0x0000004fdc900000,0x0000004fdca00000) (1024K)]
  0x0000015de3e29cf0 JavaThread "Timer-14"                          [_thread_blocked, id=21732, stack(0x0000004fdc200000,0x0000004fdc300000) (1024K)]
  0x0000015de3e28fd0 JavaThread "Timer-15"                          [_thread_blocked, id=17896, stack(0x0000004fdc600000,0x0000004fdc700000) (1024K)]
  0x0000015de3e2aa10 JavaThread "Timer-16"                          [_thread_blocked, id=21452, stack(0x0000004fdca00000,0x0000004fdcb00000) (1024K)]
Total: 51

Other Threads:
  0x0000015dffadfbc0 VMThread "VM Thread"                           [id=20240, stack(0x0000004fd8400000,0x0000004fd8500000) (1024K)]
  0x0000015d96a2ca00 WatcherThread "VM Periodic Task Thread"        [id=19496, stack(0x0000004fd8300000,0x0000004fd8400000) (1024K)]
  0x0000015dffa5c5d0 WorkerThread "GC Thread#0"                     [id=17364, stack(0x0000004fd8200000,0x0000004fd8300000) (1024K)]
  0x0000015dde307f60 WorkerThread "GC Thread#1"                     [id=20472, stack(0x0000004fd9000000,0x0000004fd9100000) (1024K)]
  0x0000015dd98b93e0 WorkerThread "GC Thread#2"                     [id=6628, stack(0x0000004fd9100000,0x0000004fd9200000) (1024K)]
  0x0000015dd98b9790 WorkerThread "GC Thread#3"                     [id=19132, stack(0x0000004fd9200000,0x0000004fd9300000) (1024K)]
  0x0000015dde100f80 WorkerThread "GC Thread#4"                     [id=12652, stack(0x0000004fd9300000,0x0000004fd9400000) (1024K)]
  0x0000015dde101330 WorkerThread "GC Thread#5"                     [id=20676, stack(0x0000004fd9400000,0x0000004fd9500000) (1024K)]
  0x0000015dde105840 WorkerThread "GC Thread#6"                     [id=18664, stack(0x0000004fd9500000,0x0000004fd9600000) (1024K)]
  0x0000015dde6b1360 WorkerThread "GC Thread#7"                     [id=8180, stack(0x0000004fd8f00000,0x0000004fd9000000) (1024K)]
Total: 10

Threads with active compile tasks:
Total: 0

VM state: not at safepoint (normal execution)

VM Mutex/Monitor currently owned by a thread: None

Heap address: 0x0000000080000000, size: 2048 MB, Compressed Oops mode: 32-bit

CDS archive(s) mapped at: [0x0000015d97000000-0x0000015d97ba0000-0x0000015d97ba0000), size 12189696, SharedBaseAddress: 0x0000015d97000000, ArchiveRelocationMode: 1.
Compressed class space mapped at: 0x0000015d98000000-0x0000015dd8000000, reserved size: 1073741824
Narrow klass base: 0x0000015d97000000, Narrow klass shift: 0, Narrow klass range: 0x100000000

GC Precious Log:
 CardTable entry size: 512
 CPUs: 8 total, 8 available
 Memory: 15647M
 Large Page Support: Disabled
 NUMA Support: Disabled
 Compressed Oops: Enabled (32-bit)
 Alignments: Space 512K, Generation 512K, Heap 2M
 Heap Min Capacity: 100M
 Heap Initial Capacity: 100M
 Heap Max Capacity: 2G
 Pre-touch: Disabled
 Parallel Workers: 8

Heap:
 PSYoungGen      total 2560K, used 1257K [0x00000000d5580000, 0x00000000d5d00000, 0x0000000100000000)
  eden space 2048K, 53% used [0x00000000d5580000,0x00000000d56926b0,0x00000000d5780000)
  from space 512K, 31% used [0x00000000d5c80000,0x00000000d5ca8000,0x00000000d5d00000)
  to   space 512K, 0% used [0x00000000d5c00000,0x00000000d5c00000,0x00000000d5c80000)
 ParOldGen       total 811008K, used 810768K [0x0000000080000000, 0x00000000b1800000, 0x00000000d5580000)
  object space 811008K, 99% used [0x0000000080000000,0x00000000b17c42f0,0x00000000b1800000)
 Metaspace       used 79072K, committed 80832K, reserved 1179648K
  class space    used 9668K, committed 10496K, reserved 1048576K

Card table byte_map: [0x0000015d92140000,0x0000015d92550000] _byte_map_base: 0x0000015d91d40000

Marking Bits: (ParMarkBitMap*) 0x00007ffc542a3450
 Begin Bits: [0x0000015d92550000, 0x0000015d94550000)
 End Bits:   [0x0000015d94550000, 0x0000015d96550000)

Polling page: 0x0000015dfe0b0000

Metaspace:

Usage:
  Non-class:     67.78 MB used.
      Class:      9.44 MB used.
       Both:     77.22 MB used.

Virtual space:
  Non-class space:      128.00 MB reserved,      68.69 MB ( 54%) committed,  2 nodes.
      Class space:        1.00 GB reserved,      10.25 MB (  1%) committed,  1 nodes.
             Both:        1.12 GB reserved,      78.94 MB (  7%) committed. 

Chunk freelists:
   Non-Class:  10.69 MB
       Class:  5.81 MB
        Both:  16.49 MB

MaxMetaspaceSize: unlimited
CompressedClassSpaceSize: 1.00 GB
Initial GC threshold: 21.00 MB
Current GC threshold: 98.12 MB
CDS: on
 - commit_granule_bytes: 65536.
 - commit_granule_words: 8192.
 - virtual_space_node_default_size: 8388608.
 - enlarge_chunks_in_place: 1.
 - use_allocation_guard: 0.


Internal statistics:

num_allocs_failed_limit: 13.
num_arena_births: 1468.
num_arena_deaths: 44.
num_vsnodes_births: 3.
num_vsnodes_deaths: 0.
num_space_committed: 1263.
num_space_uncommitted: 0.
num_chunks_returned_to_freelist: 69.
num_chunks_taken_from_freelist: 5035.
num_chunk_merges: 15.
num_chunk_splits: 3097.
num_chunks_enlarged: 1838.
num_inconsistent_stats: 0.

CodeHeap 'non-profiled nmethods': size=120000Kb used=13127Kb max_used=13127Kb free=106872Kb
 bounds [0x0000015d8ac10000, 0x0000015d8b8f0000, 0x0000015d92140000]
CodeHeap 'profiled nmethods': size=120000Kb used=25426Kb max_used=25426Kb free=94573Kb
 bounds [0x0000015d83140000, 0x0000015d84a20000, 0x0000015d8a670000]
CodeHeap 'non-nmethods': size=5760Kb used=1462Kb max_used=1536Kb free=4298Kb
 bounds [0x0000015d8a670000, 0x0000015d8a8e0000, 0x0000015d8ac10000]
CodeCache: size=245760Kb, used=40015Kb, max_used=40089Kb, free=205743Kb
 total_blobs=12858, nmethods=12085, adapters=679, full_count=0
Compilation: enabled, stopped_count=0, restarted_count=0

Compilation events (20 events):
Event: 1765.742 Thread 0x0000015dd95afef0 12802       3       com.google.common.base.Splitter::<init> (12 bytes)
Event: 1765.742 Thread 0x0000015d96b2df20 12806       4       java.io.StringWriter::write (10 bytes)
Event: 1765.742 Thread 0x0000015dd95afef0 nmethod 12802 0x0000015d84a11410 code [0x0000015d84a115c0, 0x0000015d84a11820]
Event: 1765.742 Thread 0x0000015dd95afef0 12803       3       com.google.common.base.Splitter::lambda$on$0 (11 bytes)
Event: 1765.742 Thread 0x0000015dd95afef0 nmethod 12803 0x0000015d84a11990 code [0x0000015d84a11b40, 0x0000015d84a11d48]
Event: 1765.742 Thread 0x0000015dd95afef0 12804       3       com.google.common.base.Splitter$1::<init> (12 bytes)
Event: 1765.742 Thread 0x0000015dd95afef0 nmethod 12804 0x0000015d84a11e90 code [0x0000015d84a12040, 0x0000015d84a12198]
Event: 1765.742 Thread 0x0000015dd95afef0 12805       3       com.google.common.base.Splitter$SplittingIterator::<init> (39 bytes)
Event: 1765.743 Thread 0x0000015dd95afef0 nmethod 12805 0x0000015d84a12290 code [0x0000015d84a12440, 0x0000015d84a126a8]
Event: 1765.747 Thread 0x0000015d96b2df20 nmethod 12806 0x0000015d8b8e0b90 code [0x0000015d8b8e0d80, 0x0000015d8b8e1458]
Event: 1765.846 Thread 0x0000015d96b2df20 12807       4       java.util.Arrays::fill (21 bytes)
Event: 1765.847 Thread 0x0000015dd95afef0 12808       3       com.google.gson.reflect.TypeToken::<init> (41 bytes)
Event: 1765.847 Thread 0x0000015dd95afef0 nmethod 12808 0x0000015d84a12810 code [0x0000015d84a12a20, 0x0000015d84a12f70]
Event: 1765.848 Thread 0x0000015dd95afef0 12809       3       org.eclipse.core.internal.dtree.DeletedNode::compareWithParent (43 bytes)
Event: 1765.849 Thread 0x0000015dd95afef0 nmethod 12809 0x0000015d84a13110 code [0x0000015d84a133e0, 0x0000015d84a14050]
Event: 1765.849 Thread 0x0000015dd95afef0 12810   !   3       org.eclipse.core.internal.preferences.EclipsePreferences::getInt (27 bytes)
Event: 1765.849 Thread 0x0000015dd95afef0 nmethod 12810 0x0000015d84a14590 code [0x0000015d84a14760, 0x0000015d84a14a40]
Event: 1765.856 Thread 0x0000015d96b2df20 nmethod 12807 0x0000015d8b8e1810 code [0x0000015d8b8e19a0, 0x0000015d8b8e1ac8]
Event: 1855.614 Thread 0x0000015d96b2df20 12811       4       java.util.concurrent.locks.LockSupport::setBlocker (12 bytes)
Event: 1855.614 Thread 0x0000015d96b2df20 nmethod 12811 0x0000015d8b8e1b90 code [0x0000015d8b8e1d00, 0x0000015d8b8e1d88]

GC Heap History (20 events):
Event: 1763.109 GC heap before
{Heap before GC invocations=894 (full 3):
 PSYoungGen      total 2560K, used 2208K [0x00000000d5580000, 0x00000000d5d00000, 0x0000000100000000)
  eden space 2048K, 100% used [0x00000000d5580000,0x00000000d5780000,0x00000000d5780000)
  from space 512K, 31% used [0x00000000d5c80000,0x00000000d5ca8000,0x00000000d5d00000)
  to   space 512K, 0% used [0x00000000d5c00000,0x00000000d5c00000,0x00000000d5c80000)
 ParOldGen       total 810496K, used 810368K [0x0000000080000000, 0x00000000b1780000, 0x00000000d5580000)
  object space 810496K, 99% used [0x0000000080000000,0x00000000b17602f0,0x00000000b1780000)
 Metaspace       used 79002K, committed 80768K, reserved 1179648K
  class space    used 9668K, committed 10496K, reserved 1048576K
}
Event: 1763.112 GC heap after
{Heap after GC invocations=894 (full 3):
 PSYoungGen      total 2560K, used 224K [0x00000000d5580000, 0x00000000d5d00000, 0x0000000100000000)
  eden space 2048K, 0% used [0x00000000d5580000,0x00000000d5580000,0x00000000d5780000)
  from space 512K, 43% used [0x00000000d5c00000,0x00000000d5c38000,0x00000000d5c80000)
  to   space 512K, 0% used [0x00000000d5c80000,0x00000000d5c80000,0x00000000d5d00000)
 ParOldGen       total 810496K, used 810408K [0x0000000080000000, 0x00000000b1780000, 0x00000000d5580000)
  object space 810496K, 99% used [0x0000000080000000,0x00000000b176a2f0,0x00000000b1780000)
 Metaspace       used 79002K, committed 80768K, reserved 1179648K
  class space    used 9668K, committed 10496K, reserved 1048576K
}
Event: 1763.191 GC heap before
{Heap before GC invocations=895 (full 3):
 PSYoungGen      total 2560K, used 2272K [0x00000000d5580000, 0x00000000d5d00000, 0x0000000100000000)
  eden space 2048K, 100% used [0x00000000d5580000,0x00000000d5780000,0x00000000d5780000)
  from space 512K, 43% used [0x00000000d5c00000,0x00000000d5c38000,0x00000000d5c80000)
  to   space 512K, 0% used [0x00000000d5c80000,0x00000000d5c80000,0x00000000d5d00000)
 ParOldGen       total 810496K, used 810408K [0x0000000080000000, 0x00000000b1780000, 0x00000000d5580000)
  object space 810496K, 99% used [0x0000000080000000,0x00000000b176a2f0,0x00000000b1780000)
 Metaspace       used 79017K, committed 80832K, reserved 1179648K
  class space    used 9668K, committed 10496K, reserved 1048576K
}
Event: 1763.193 GC heap after
{Heap after GC invocations=895 (full 3):
 PSYoungGen      total 2560K, used 192K [0x00000000d5580000, 0x00000000d5d00000, 0x0000000100000000)
  eden space 2048K, 0% used [0x00000000d5580000,0x00000000d5580000,0x00000000d5780000)
  from space 512K, 37% used [0x00000000d5c80000,0x00000000d5cb0000,0x00000000d5d00000)
  to   space 512K, 0% used [0x00000000d5c00000,0x00000000d5c00000,0x00000000d5c80000)
 ParOldGen       total 810496K, used 810488K [0x0000000080000000, 0x00000000b1780000, 0x00000000d5580000)
  object space 810496K, 99% used [0x0000000080000000,0x00000000b177e2f0,0x00000000b1780000)
 Metaspace       used 79017K, committed 80832K, reserved 1179648K
  class space    used 9668K, committed 10496K, reserved 1048576K
}
Event: 1763.225 GC heap before
{Heap before GC invocations=896 (full 3):
 PSYoungGen      total 2560K, used 2240K [0x00000000d5580000, 0x00000000d5d00000, 0x0000000100000000)
  eden space 2048K, 100% used [0x00000000d5580000,0x00000000d5780000,0x00000000d5780000)
  from space 512K, 37% used [0x00000000d5c80000,0x00000000d5cb0000,0x00000000d5d00000)
  to   space 512K, 0% used [0x00000000d5c00000,0x00000000d5c00000,0x00000000d5c80000)
 ParOldGen       total 810496K, used 810488K [0x0000000080000000, 0x00000000b1780000, 0x00000000d5580000)
  object space 810496K, 99% used [0x0000000080000000,0x00000000b177e2f0,0x00000000b1780000)
 Metaspace       used 79018K, committed 80832K, reserved 1179648K
  class space    used 9668K, committed 10496K, reserved 1048576K
}
Event: 1763.228 GC heap after
{Heap after GC invocations=896 (full 3):
 PSYoungGen      total 2560K, used 160K [0x00000000d5580000, 0x00000000d5d00000, 0x0000000100000000)
  eden space 2048K, 0% used [0x00000000d5580000,0x00000000d5580000,0x00000000d5780000)
  from space 512K, 31% used [0x00000000d5c00000,0x00000000d5c28000,0x00000000d5c80000)
  to   space 512K, 0% used [0x00000000d5c80000,0x00000000d5c80000,0x00000000d5d00000)
 ParOldGen       total 811008K, used 810536K [0x0000000080000000, 0x00000000b1800000, 0x00000000d5580000)
  object space 811008K, 99% used [0x0000000080000000,0x00000000b178a2f0,0x00000000b1800000)
 Metaspace       used 79018K, committed 80832K, reserved 1179648K
  class space    used 9668K, committed 10496K, reserved 1048576K
}
Event: 1763.269 GC heap before
{Heap before GC invocations=897 (full 3):
 PSYoungGen      total 2560K, used 2208K [0x00000000d5580000, 0x00000000d5d00000, 0x0000000100000000)
  eden space 2048K, 100% used [0x00000000d5580000,0x00000000d5780000,0x00000000d5780000)
  from space 512K, 31% used [0x00000000d5c00000,0x00000000d5c28000,0x00000000d5c80000)
  to   space 512K, 0% used [0x00000000d5c80000,0x00000000d5c80000,0x00000000d5d00000)
 ParOldGen       total 811008K, used 810536K [0x0000000080000000, 0x00000000b1800000, 0x00000000d5580000)
  object space 811008K, 99% used [0x0000000080000000,0x00000000b178a2f0,0x00000000b1800000)
 Metaspace       used 79022K, committed 80832K, reserved 1179648K
  class space    used 9668K, committed 10496K, reserved 1048576K
}
Event: 1763.271 GC heap after
{Heap after GC invocations=897 (full 3):
 PSYoungGen      total 2560K, used 224K [0x00000000d5580000, 0x00000000d5d00000, 0x0000000100000000)
  eden space 2048K, 0% used [0x00000000d5580000,0x00000000d5580000,0x00000000d5780000)
  from space 512K, 43% used [0x00000000d5c80000,0x00000000d5cb8000,0x00000000d5d00000)
  to   space 512K, 0% used [0x00000000d5c00000,0x00000000d5c00000,0x00000000d5c80000)
 ParOldGen       total 811008K, used 810560K [0x0000000080000000, 0x00000000b1800000, 0x00000000d5580000)
  object space 811008K, 99% used [0x0000000080000000,0x00000000b17902f0,0x00000000b1800000)
 Metaspace       used 79022K, committed 80832K, reserved 1179648K
  class space    used 9668K, committed 10496K, reserved 1048576K
}
Event: 1763.307 GC heap before
{Heap before GC invocations=898 (full 3):
 PSYoungGen      total 2560K, used 2272K [0x00000000d5580000, 0x00000000d5d00000, 0x0000000100000000)
  eden space 2048K, 100% used [0x00000000d5580000,0x00000000d5780000,0x00000000d5780000)
  from space 512K, 43% used [0x00000000d5c80000,0x00000000d5cb8000,0x00000000d5d00000)
  to   space 512K, 0% used [0x00000000d5c00000,0x00000000d5c00000,0x00000000d5c80000)
 ParOldGen       total 811008K, used 810560K [0x0000000080000000, 0x00000000b1800000, 0x00000000d5580000)
  object space 811008K, 99% used [0x0000000080000000,0x00000000b17902f0,0x00000000b1800000)
 Metaspace       used 79024K, committed 80832K, reserved 1179648K
  class space    used 9668K, committed 10496K, reserved 1048576K
}
Event: 1763.309 GC heap after
{Heap after GC invocations=898 (full 3):
 PSYoungGen      total 2560K, used 96K [0x00000000d5580000, 0x00000000d5d00000, 0x0000000100000000)
  eden space 2048K, 0% used [0x00000000d5580000,0x00000000d5580000,0x00000000d5780000)
  from space 512K, 18% used [0x00000000d5c00000,0x00000000d5c18000,0x00000000d5c80000)
  to   space 512K, 0% used [0x00000000d5c80000,0x00000000d5c80000,0x00000000d5d00000)
 ParOldGen       total 811008K, used 810584K [0x0000000080000000, 0x00000000b1800000, 0x00000000d5580000)
  object space 811008K, 99% used [0x0000000080000000,0x00000000b17962f0,0x00000000b1800000)
 Metaspace       used 79024K, committed 80832K, reserved 1179648K
  class space    used 9668K, committed 10496K, reserved 1048576K
}
Event: 1765.653 GC heap before
{Heap before GC invocations=899 (full 3):
 PSYoungGen      total 2560K, used 2144K [0x00000000d5580000, 0x00000000d5d00000, 0x0000000100000000)
  eden space 2048K, 100% used [0x00000000d5580000,0x00000000d5780000,0x00000000d5780000)
  from space 512K, 18% used [0x00000000d5c00000,0x00000000d5c18000,0x00000000d5c80000)
  to   space 512K, 0% used [0x00000000d5c80000,0x00000000d5c80000,0x00000000d5d00000)
 ParOldGen       total 811008K, used 810584K [0x0000000080000000, 0x00000000b1800000, 0x00000000d5580000)
  object space 811008K, 99% used [0x0000000080000000,0x00000000b17962f0,0x00000000b1800000)
 Metaspace       used 79041K, committed 80832K, reserved 1179648K
  class space    used 9668K, committed 10496K, reserved 1048576K
}
Event: 1765.655 GC heap after
{Heap after GC invocations=899 (full 3):
 PSYoungGen      total 2560K, used 192K [0x00000000d5580000, 0x00000000d5d00000, 0x0000000100000000)
  eden space 2048K, 0% used [0x00000000d5580000,0x00000000d5580000,0x00000000d5780000)
  from space 512K, 37% used [0x00000000d5c80000,0x00000000d5cb0000,0x00000000d5d00000)
  to   space 512K, 0% used [0x00000000d5c00000,0x00000000d5c00000,0x00000000d5c80000)
 ParOldGen       total 811008K, used 810600K [0x0000000080000000, 0x00000000b1800000, 0x00000000d5580000)
  object space 811008K, 99% used [0x0000000080000000,0x00000000b179a2f0,0x00000000b1800000)
 Metaspace       used 79041K, committed 80832K, reserved 1179648K
  class space    used 9668K, committed 10496K, reserved 1048576K
}
Event: 1765.658 GC heap before
{Heap before GC invocations=900 (full 3):
 PSYoungGen      total 2560K, used 2240K [0x00000000d5580000, 0x00000000d5d00000, 0x0000000100000000)
  eden space 2048K, 100% used [0x00000000d5580000,0x00000000d5780000,0x00000000d5780000)
  from space 512K, 37% used [0x00000000d5c80000,0x00000000d5cb0000,0x00000000d5d00000)
  to   space 512K, 0% used [0x00000000d5c00000,0x00000000d5c00000,0x00000000d5c80000)
 ParOldGen       total 811008K, used 810600K [0x0000000080000000, 0x00000000b1800000, 0x00000000d5580000)
  object space 811008K, 99% used [0x0000000080000000,0x00000000b179a2f0,0x00000000b1800000)
 Metaspace       used 79049K, committed 80832K, reserved 1179648K
  class space    used 9668K, committed 10496K, reserved 1048576K
}
Event: 1765.660 GC heap after
{Heap after GC invocations=900 (full 3):
 PSYoungGen      total 2560K, used 192K [0x00000000d5580000, 0x00000000d5d00000, 0x0000000100000000)
  eden space 2048K, 0% used [0x00000000d5580000,0x00000000d5580000,0x00000000d5780000)
  from space 512K, 37% used [0x00000000d5c00000,0x00000000d5c30000,0x00000000d5c80000)
  to   space 512K, 0% used [0x00000000d5c80000,0x00000000d5c80000,0x00000000d5d00000)
 ParOldGen       total 811008K, used 810664K [0x0000000080000000, 0x00000000b1800000, 0x00000000d5580000)
  object space 811008K, 99% used [0x0000000080000000,0x00000000b17aa2f0,0x00000000b1800000)
 Metaspace       used 79049K, committed 80832K, reserved 1179648K
  class space    used 9668K, committed 10496K, reserved 1048576K
}
Event: 1765.686 GC heap before
{Heap before GC invocations=901 (full 3):
 PSYoungGen      total 2560K, used 2240K [0x00000000d5580000, 0x00000000d5d00000, 0x0000000100000000)
  eden space 2048K, 100% used [0x00000000d5580000,0x00000000d5780000,0x00000000d5780000)
  from space 512K, 37% used [0x00000000d5c00000,0x00000000d5c30000,0x00000000d5c80000)
  to   space 512K, 0% used [0x00000000d5c80000,0x00000000d5c80000,0x00000000d5d00000)
 ParOldGen       total 811008K, used 810664K [0x0000000080000000, 0x00000000b1800000, 0x00000000d5580000)
  object space 811008K, 99% used [0x0000000080000000,0x00000000b17aa2f0,0x00000000b1800000)
 Metaspace       used 79061K, committed 80832K, reserved 1179648K
  class space    used 9668K, committed 10496K, reserved 1048576K
}
Event: 1765.688 GC heap after
{Heap after GC invocations=901 (full 3):
 PSYoungGen      total 2560K, used 160K [0x00000000d5580000, 0x00000000d5d00000, 0x0000000100000000)
  eden space 2048K, 0% used [0x00000000d5580000,0x00000000d5580000,0x00000000d5780000)
  from space 512K, 31% used [0x00000000d5c80000,0x00000000d5ca8000,0x00000000d5d00000)
  to   space 512K, 0% used [0x00000000d5c00000,0x00000000d5c00000,0x00000000d5c80000)
 ParOldGen       total 811008K, used 810712K [0x0000000080000000, 0x00000000b1800000, 0x00000000d5580000)
  object space 811008K, 99% used [0x0000000080000000,0x00000000b17b62f0,0x00000000b1800000)
 Metaspace       used 79061K, committed 80832K, reserved 1179648K
  class space    used 9668K, committed 10496K, reserved 1048576K
}
Event: 1765.710 GC heap before
{Heap before GC invocations=902 (full 3):
 PSYoungGen      total 2560K, used 2208K [0x00000000d5580000, 0x00000000d5d00000, 0x0000000100000000)
  eden space 2048K, 100% used [0x00000000d5580000,0x00000000d5780000,0x00000000d5780000)
  from space 512K, 31% used [0x00000000d5c80000,0x00000000d5ca8000,0x00000000d5d00000)
  to   space 512K, 0% used [0x00000000d5c00000,0x00000000d5c00000,0x00000000d5c80000)
 ParOldGen       total 811008K, used 810712K [0x0000000080000000, 0x00000000b1800000, 0x00000000d5580000)
  object space 811008K, 99% used [0x0000000080000000,0x00000000b17b62f0,0x00000000b1800000)
 Metaspace       used 79064K, committed 80832K, reserved 1179648K
  class space    used 9668K, committed 10496K, reserved 1048576K
}
Event: 1765.712 GC heap after
{Heap after GC invocations=902 (full 3):
 PSYoungGen      total 2560K, used 192K [0x00000000d5580000, 0x00000000d5d00000, 0x0000000100000000)
  eden space 2048K, 0% used [0x00000000d5580000,0x00000000d5580000,0x00000000d5780000)
  from space 512K, 37% used [0x00000000d5c00000,0x00000000d5c30000,0x00000000d5c80000)
  to   space 512K, 0% used [0x00000000d5c80000,0x00000000d5c80000,0x00000000d5d00000)
 ParOldGen       total 811008K, used 810744K [0x0000000080000000, 0x00000000b1800000, 0x00000000d5580000)
  object space 811008K, 99% used [0x0000000080000000,0x00000000b17be2f0,0x00000000b1800000)
 Metaspace       used 79064K, committed 80832K, reserved 1179648K
  class space    used 9668K, committed 10496K, reserved 1048576K
}
Event: 1765.732 GC heap before
{Heap before GC invocations=903 (full 3):
 PSYoungGen      total 2560K, used 2240K [0x00000000d5580000, 0x00000000d5d00000, 0x0000000100000000)
  eden space 2048K, 100% used [0x00000000d5580000,0x00000000d5780000,0x00000000d5780000)
  from space 512K, 37% used [0x00000000d5c00000,0x00000000d5c30000,0x00000000d5c80000)
  to   space 512K, 0% used [0x00000000d5c80000,0x00000000d5c80000,0x00000000d5d00000)
 ParOldGen       total 811008K, used 810744K [0x0000000080000000, 0x00000000b1800000, 0x00000000d5580000)
  object space 811008K, 99% used [0x0000000080000000,0x00000000b17be2f0,0x00000000b1800000)
 Metaspace       used 79069K, committed 80832K, reserved 1179648K
  class space    used 9668K, committed 10496K, reserved 1048576K
}
Event: 1765.734 GC heap after
{Heap after GC invocations=903 (full 3):
 PSYoungGen      total 2560K, used 160K [0x00000000d5580000, 0x00000000d5d00000, 0x0000000100000000)
  eden space 2048K, 0% used [0x00000000d5580000,0x00000000d5580000,0x00000000d5780000)
  from space 512K, 31% used [0x00000000d5c80000,0x00000000d5ca8000,0x00000000d5d00000)
  to   space 512K, 0% used [0x00000000d5c00000,0x00000000d5c00000,0x00000000d5c80000)
 ParOldGen       total 811008K, used 810768K [0x0000000080000000, 0x00000000b1800000, 0x00000000d5580000)
  object space 811008K, 99% used [0x0000000080000000,0x00000000b17c42f0,0x00000000b1800000)
 Metaspace       used 79069K, committed 80832K, reserved 1179648K
  class space    used 9668K, committed 10496K, reserved 1048576K
}

Dll operation events (15 events):
Event: 0.028 Loaded shared library c:\Users\farha\.antigravity\extensions\redhat.java-1.53.0-win32-x64\jre\21.0.10-win32-x86_64\bin\java.dll
Event: 0.173 Loaded shared library c:\Users\farha\.antigravity\extensions\redhat.java-1.53.0-win32-x64\jre\21.0.10-win32-x86_64\bin\zip.dll
Event: 0.204 Loaded shared library C:\Users\farha\.antigravity\extensions\redhat.java-1.53.0-win32-x64\jre\21.0.10-win32-x86_64\bin\instrument.dll
Event: 0.215 Loaded shared library C:\Users\farha\.antigravity\extensions\redhat.java-1.53.0-win32-x64\jre\21.0.10-win32-x86_64\bin\net.dll
Event: 0.218 Loaded shared library C:\Users\farha\.antigravity\extensions\redhat.java-1.53.0-win32-x64\jre\21.0.10-win32-x86_64\bin\nio.dll
Event: 0.224 Loaded shared library C:\Users\farha\.antigravity\extensions\redhat.java-1.53.0-win32-x64\jre\21.0.10-win32-x86_64\bin\zip.dll
Event: 0.252 Loaded shared library C:\Users\farha\.antigravity\extensions\redhat.java-1.53.0-win32-x64\jre\21.0.10-win32-x86_64\bin\jimage.dll
Event: 0.454 Loaded shared library c:\Users\farha\.antigravity\extensions\redhat.java-1.53.0-win32-x64\jre\21.0.10-win32-x86_64\bin\verify.dll
Event: 11.405 Loaded shared library C:\Users\farha\AppData\Roaming\Antigravity\User\globalStorage\redhat.java\1.53.0\config_win\org.eclipse.equinox.launcher\org.eclipse.equinox.launcher.win32.win32.x86_64_1.3.0.v20260203-2149\eclipse_11919.dll
Event: 22.545 Loaded shared library C:\Users\farha\AppData\Local\Temp\jna-97201744\jna11983892885914010602.dll
Event: 28.848 Loaded shared library D:\Apps\Dev\.gradle\native\c067742578af261105cb4f569cf0c3c89f3d7b1fecec35dd04571415982c5e48\windows-amd64\native-platform.dll
Event: 29.596 Loaded shared library C:\Users\farha\.antigravity\extensions\redhat.java-1.53.0-win32-x64\jre\21.0.10-win32-x86_64\bin\management.dll
Event: 29.598 Loaded shared library C:\Users\farha\.antigravity\extensions\redhat.java-1.53.0-win32-x64\jre\21.0.10-win32-x86_64\bin\management_ext.dll
Event: 33.487 Loaded shared library C:\Users\farha\.antigravity\extensions\redhat.java-1.53.0-win32-x64\jre\21.0.10-win32-x86_64\bin\extnet.dll
Event: 35.459 Loaded shared library C:\Users\farha\.antigravity\extensions\redhat.java-1.53.0-win32-x64\jre\21.0.10-win32-x86_64\bin\sunmscapi.dll

Deoptimization events (20 events):
Event: 1746.333 Thread 0x0000015de3d051a0 DEOPT PACKING pc=0x0000015d8b363840 sp=0x0000004fda3feb20
Event: 1746.333 Thread 0x0000015de3d051a0 DEOPT UNPACKING pc=0x0000015d8a6c3aa2 sp=0x0000004fda3fea38 mode 2
Event: 1746.333 Thread 0x0000015de3d051a0 Uncommon trap: trap_request=0xffffffc6 fr.pc=0x0000015d8afadc60 relative=0x0000000000000280
Event: 1746.333 Thread 0x0000015de3d051a0 Uncommon trap: reason=bimorphic_or_optimized_type_check action=maybe_recompile pc=0x0000015d8afadc60 method=java.util.regex.Pattern$BmpCharProperty.match(Ljava/util/regex/Matcher;ILjava/lang/CharSequence;)Z @ 14 c2
Event: 1746.333 Thread 0x0000015de3d051a0 DEOPT PACKING pc=0x0000015d8afadc60 sp=0x0000004fda3febc0
Event: 1746.333 Thread 0x0000015de3d051a0 DEOPT UNPACKING pc=0x0000015d8a6c3aa2 sp=0x0000004fda3feb50 mode 2
Event: 1746.333 Thread 0x0000015de3d051a0 Uncommon trap: trap_request=0xffffffc6 fr.pc=0x0000015d8b363840 relative=0x0000000000000100
Event: 1746.333 Thread 0x0000015de3d051a0 Uncommon trap: reason=bimorphic_or_optimized_type_check action=maybe_recompile pc=0x0000015d8b363840 method=java.util.regex.Pattern.lambda$union$3(Ljava/util/regex/Pattern$CharPredicate;Ljava/util/regex/Pattern$CharPredicate;I)Z @ 12 c2
Event: 1746.333 Thread 0x0000015de3d051a0 DEOPT PACKING pc=0x0000015d8b363840 sp=0x0000004fda3feb20
Event: 1746.333 Thread 0x0000015de3d051a0 DEOPT UNPACKING pc=0x0000015d8a6c3aa2 sp=0x0000004fda3fea38 mode 2
Event: 1763.161 Thread 0x0000015ddf3f8580 DEOPT PACKING pc=0x0000015d849cebfd sp=0x0000004fdb4fe030
Event: 1763.162 Thread 0x0000015ddf3f8580 DEOPT UNPACKING pc=0x0000015d8a6c4242 sp=0x0000004fdb4fd4e0 mode 0
Event: 1763.213 Thread 0x0000015ddf3f8580 DEOPT PACKING pc=0x0000015d848d3bc1 sp=0x0000004fdb4fe9f0
Event: 1763.213 Thread 0x0000015ddf3f8580 DEOPT UNPACKING pc=0x0000015d8a6c4242 sp=0x0000004fdb4fded0 mode 0
Event: 1765.652 Thread 0x0000015ddf3f8580 Uncommon trap: trap_request=0xffffff76 fr.pc=0x0000015d8b8be630 relative=0x00000000000026f0
Event: 1765.652 Thread 0x0000015ddf3f8580 Uncommon trap: reason=predicate action=maybe_recompile pc=0x0000015d8b8be630 method=java.util.ComparableTimSort.binarySort([Ljava/lang/Object;III)V @ 34 c2
Event: 1765.653 Thread 0x0000015ddf3f8580 DEOPT PACKING pc=0x0000015d8b8be630 sp=0x0000004fdb4febc0
Event: 1765.653 Thread 0x0000015ddf3f8580 DEOPT UNPACKING pc=0x0000015d8a6c3aa2 sp=0x0000004fdb4fe968 mode 2
Event: 1830.126 Thread 0x0000015ddf3fb370 DEOPT PACKING pc=0x0000015d84933d2b sp=0x0000004fda2ff000
Event: 1830.126 Thread 0x0000015ddf3fb370 DEOPT UNPACKING pc=0x0000015d8a6c4242 sp=0x0000004fda2fe4e8 mode 0

Classes loaded (20 events):
Event: 104.953 Loading class java/util/stream/ReduceOps$CountingSink$OfRef
Event: 104.953 Loading class java/util/stream/ReduceOps$CountingSink
Event: 104.954 Loading class java/util/stream/ReduceOps$CountingSink done
Event: 104.954 Loading class java/util/stream/ReduceOps$CountingSink$OfRef done
Event: 104.980 Loading class java/util/stream/ReduceOps$1
Event: 104.980 Loading class java/util/stream/ReduceOps$1 done
Event: 104.980 Loading class java/util/stream/ReduceOps$1ReducingSink
Event: 104.980 Loading class java/util/stream/ReduceOps$1ReducingSink done
Event: 332.639 Loading class java/util/stream/Nodes$CollectorTask$OfRef
Event: 332.639 Loading class java/util/stream/Nodes$CollectorTask
Event: 332.640 Loading class java/util/stream/Nodes$CollectorTask done
Event: 332.640 Loading class java/util/stream/Nodes$CollectorTask$OfRef done
Event: 332.640 Loading class java/util/function/LongFunction
Event: 332.640 Loading class java/util/function/LongFunction done
Event: 332.640 Loading class java/util/stream/Nodes$ConcNode
Event: 332.640 Loading class java/util/stream/Nodes$AbstractConcNode
Event: 332.640 Loading class java/util/stream/Nodes$AbstractConcNode done
Event: 332.640 Loading class java/util/stream/Nodes$ConcNode done
Event: 387.021 Loading class java/io/SequenceInputStream
Event: 387.021 Loading class java/io/SequenceInputStream done

Classes unloaded (20 events):
Event: 23.286 Thread 0x0000015dffadfbc0 Unloading class 0x0000015d981a3000 'java/lang/invoke/LambdaForm$MH+0x0000015d981a3000'
Event: 23.286 Thread 0x0000015dffadfbc0 Unloading class 0x0000015d981a2c00 'java/lang/invoke/LambdaForm$MH+0x0000015d981a2c00'
Event: 23.286 Thread 0x0000015dffadfbc0 Unloading class 0x0000015d981a2800 'java/lang/invoke/LambdaForm$BMH+0x0000015d981a2800'
Event: 23.286 Thread 0x0000015dffadfbc0 Unloading class 0x0000015d981a2400 'java/lang/invoke/LambdaForm$DMH+0x0000015d981a2400'
Event: 23.286 Thread 0x0000015dffadfbc0 Unloading class 0x0000015d981a1000 'java/lang/invoke/LambdaForm$DMH+0x0000015d981a1000'
Event: 24.689 Thread 0x0000015dffadfbc0 Unloading class 0x0000015d9833ac00 'java/lang/invoke/LambdaForm$MH+0x0000015d9833ac00'
Event: 24.689 Thread 0x0000015dffadfbc0 Unloading class 0x0000015d9833a000 'java/lang/invoke/LambdaForm$MH+0x0000015d9833a000'
Event: 24.689 Thread 0x0000015dffadfbc0 Unloading class 0x0000015d98339800 'java/lang/invoke/LambdaForm$MH+0x0000015d98339800'
Event: 24.689 Thread 0x0000015dffadfbc0 Unloading class 0x0000015d98339000 'java/lang/invoke/LambdaForm$MH+0x0000015d98339000'
Event: 24.689 Thread 0x0000015dffadfbc0 Unloading class 0x0000015d98338800 'java/lang/invoke/LambdaForm$DMH+0x0000015d98338800'
Event: 24.689 Thread 0x0000015dffadfbc0 Unloading class 0x0000015d98338000 'java/lang/invoke/LambdaForm$MH+0x0000015d98338000'
Event: 24.689 Thread 0x0000015dffadfbc0 Unloading class 0x0000015d98330400 'java/lang/invoke/LambdaForm$MH+0x0000015d98330400'
Event: 24.689 Thread 0x0000015dffadfbc0 Unloading class 0x0000015d9832f800 'java/lang/invoke/LambdaForm$MH+0x0000015d9832f800'
Event: 24.689 Thread 0x0000015dffadfbc0 Unloading class 0x0000015d9832f000 'java/lang/invoke/LambdaForm$MH+0x0000015d9832f000'
Event: 24.689 Thread 0x0000015dffadfbc0 Unloading class 0x0000015d9832ec00 'java/lang/invoke/LambdaForm$MH+0x0000015d9832ec00'
Event: 24.689 Thread 0x0000015dffadfbc0 Unloading class 0x0000015d9832e400 'java/lang/invoke/LambdaForm$MH+0x0000015d9832e400'
Event: 24.689 Thread 0x0000015dffadfbc0 Unloading class 0x0000015d9832dc00 'java/lang/invoke/LambdaForm$MH+0x0000015d9832dc00'
Event: 24.689 Thread 0x0000015dffadfbc0 Unloading class 0x0000015d9832d400 'java/lang/invoke/LambdaForm$MH+0x0000015d9832d400'
Event: 24.689 Thread 0x0000015dffadfbc0 Unloading class 0x0000015d9832c800 'java/lang/invoke/LambdaForm$MH+0x0000015d9832c800'
Event: 24.689 Thread 0x0000015dffadfbc0 Unloading class 0x0000015d9832c000 'java/lang/invoke/LambdaForm$DMH+0x0000015d9832c000'

Classes redefined (0 events):
No events

Internal exceptions (20 events):
Event: 386.991 Thread 0x0000015ddf3f8580 Exception <a 'java/lang/NoSuchMethodError'{0x00000000d5616818}: 'java.lang.Object java.lang.invoke.DirectMethodHandle$Holder.invokeStatic(java.lang.Object, java.lang.Object, int, java.lang.Object)'> (0x00000000d5616818) 
thrown [s\src\hotspot\share\interpreter\linkResolver.cpp, line 773]
Event: 404.930 Thread 0x0000015de3e28940 Exception <a 'java/lang/NoSuchMethodError'{0x00000000d55fa5e0}: static Lorg/gradle/plugins/ide/internal/tooling/model/DefaultGradleProject;.<clinit>()V> (0x00000000d55fa5e0) 
thrown [s\src\hotspot\share\prims\jni.cpp, line 1111]
Event: 404.931 Thread 0x0000015de3e28940 Exception <a 'java/lang/NoSuchMethodError'{0x00000000d560ea48}: static Lorg/gradle/plugins/ide/internal/tooling/model/DefaultGradleScript;.<clinit>()V> (0x00000000d560ea48) 
thrown [s\src\hotspot\share\prims\jni.cpp, line 1111]
Event: 404.945 Thread 0x0000015de3e28940 Exception <a 'java/lang/NoSuchMethodError'{0x00000000d56fe3a8}: static Lorg/gradle/tooling/internal/gradle/DefaultProjectIdentifier;.<clinit>()V> (0x00000000d56fe3a8) 
thrown [s\src\hotspot\share\prims\jni.cpp, line 1111]
Event: 404.946 Thread 0x0000015de3e28940 Exception <a 'java/lang/NoSuchMethodError'{0x00000000d570d1d8}: static Lorg/gradle/tooling/internal/gradle/DefaultBuildIdentifier;.<clinit>()V> (0x00000000d570d1d8) 
thrown [s\src\hotspot\share\prims\jni.cpp, line 1111]
Event: 404.950 Thread 0x0000015de3e28940 Exception <a 'java/lang/NoSuchMethodError'{0x00000000d574a728}: static Lorg/gradle/plugins/ide/internal/tooling/model/LaunchableGradleTask;.<clinit>()V> (0x00000000d574a728) 
thrown [s\src\hotspot\share\prims\jni.cpp, line 1111]
Event: 404.950 Thread 0x0000015de3e28940 Exception <a 'java/lang/NoSuchMethodError'{0x00000000d57505f8}: static Lorg/gradle/plugins/ide/internal/tooling/model/LaunchableGradleProjectTask;.<clinit>()V> (0x00000000d57505f8) 
thrown [s\src\hotspot\share\prims\jni.cpp, line 1111]
Event: 687.073 Thread 0x0000015dde2d21a0 Exception <a 'sun/nio/fs/WindowsException'{0x00000000d55bafc8}> (0x00000000d55bafc8) 
thrown [s\src\hotspot\share\prims\jni.cpp, line 520]
Event: 687.073 Thread 0x0000015dde2d21a0 Exception <a 'sun/nio/fs/WindowsException'{0x00000000d55bb960}> (0x00000000d55bb960) 
thrown [s\src\hotspot\share\prims\jni.cpp, line 520]
Event: 863.544 Thread 0x0000015ddf3f9fc0 Exception <a 'java/lang/IncompatibleClassChangeError'{0x00000000d56b3a58}: Found class java.lang.Object, but interface was expected> (0x00000000d56b3a58) 
thrown [s\src\hotspot\share\interpreter\linkResolver.cpp, line 840]
Event: 871.981 Thread 0x0000015de3d08620 Exception <a 'java/lang/NoSuchMethodError'{0x00000000d575c2f8}: static Lorg/gradle/plugins/ide/internal/tooling/model/DefaultGradleProject;.<clinit>()V> (0x00000000d575c2f8) 
thrown [s\src\hotspot\share\prims\jni.cpp, line 1111]
Event: 871.982 Thread 0x0000015de3d08620 Exception <a 'java/lang/NoSuchMethodError'{0x00000000d57709e8}: static Lorg/gradle/plugins/ide/internal/tooling/model/DefaultGradleScript;.<clinit>()V> (0x00000000d57709e8) 
thrown [s\src\hotspot\share\prims\jni.cpp, line 1111]
Event: 872.012 Thread 0x0000015de3d08620 Exception <a 'java/lang/NoSuchMethodError'{0x00000000d5661220}: static Lorg/gradle/tooling/internal/gradle/DefaultProjectIdentifier;.<clinit>()V> (0x00000000d5661220) 
thrown [s\src\hotspot\share\prims\jni.cpp, line 1111]
Event: 872.014 Thread 0x0000015de3d08620 Exception <a 'java/lang/NoSuchMethodError'{0x00000000d5670080}: static Lorg/gradle/tooling/internal/gradle/DefaultBuildIdentifier;.<clinit>()V> (0x00000000d5670080) 
thrown [s\src\hotspot\share\prims\jni.cpp, line 1111]
Event: 872.020 Thread 0x0000015de3d08620 Exception <a 'java/lang/NoSuchMethodError'{0x00000000d56ad5b8}: static Lorg/gradle/plugins/ide/internal/tooling/model/LaunchableGradleTask;.<clinit>()V> (0x00000000d56ad5b8) 
thrown [s\src\hotspot\share\prims\jni.cpp, line 1111]
Event: 872.020 Thread 0x0000015de3d08620 Exception <a 'java/lang/NoSuchMethodError'{0x00000000d56b3408}: static Lorg/gradle/plugins/ide/internal/tooling/model/LaunchableGradleProjectTask;.<clinit>()V> (0x00000000d56b3408) 
thrown [s\src\hotspot\share\prims\jni.cpp, line 1111]
Event: 1156.574 Thread 0x0000015dde2d5620 Exception <a 'sun/nio/fs/WindowsException'{0x00000000d5777ee8}> (0x00000000d5777ee8) 
thrown [s\src\hotspot\share\prims\jni.cpp, line 520]
Event: 1156.574 Thread 0x0000015dde2d5620 Exception <a 'sun/nio/fs/WindowsException'{0x00000000d5778880}> (0x00000000d5778880) 
thrown [s\src\hotspot\share\prims\jni.cpp, line 520]
Event: 1507.203 Thread 0x0000015dde2d5620 Exception <a 'sun/nio/fs/WindowsException'{0x00000000d55f5e80}> (0x00000000d55f5e80) 
thrown [s\src\hotspot\share\prims\jni.cpp, line 520]
Event: 1507.203 Thread 0x0000015dde2d5620 Exception <a 'sun/nio/fs/WindowsException'{0x00000000d55f6818}> (0x00000000d55f6818) 
thrown [s\src\hotspot\share\prims\jni.cpp, line 520]

ZGC Phase Switch (0 events):
No events

VM Operations (20 events):
Event: 1763.269 Executing safepoint VM operation: ParallelGCFailedAllocation (Allocation Failure)
Event: 1763.271 Executing safepoint VM operation: ParallelGCFailedAllocation (Allocation Failure) done
Event: 1763.307 Executing safepoint VM operation: ParallelGCFailedAllocation (Allocation Failure)
Event: 1763.309 Executing safepoint VM operation: ParallelGCFailedAllocation (Allocation Failure) done
Event: 1765.653 Executing safepoint VM operation: ParallelGCFailedAllocation (Allocation Failure)
Event: 1765.655 Executing safepoint VM operation: ParallelGCFailedAllocation (Allocation Failure) done
Event: 1765.658 Executing safepoint VM operation: ParallelGCFailedAllocation (Allocation Failure)
Event: 1765.660 Executing safepoint VM operation: ParallelGCFailedAllocation (Allocation Failure) done
Event: 1765.686 Executing safepoint VM operation: ParallelGCFailedAllocation (Allocation Failure)
Event: 1765.688 Executing safepoint VM operation: ParallelGCFailedAllocation (Allocation Failure) done
Event: 1765.710 Executing safepoint VM operation: ParallelGCFailedAllocation (Allocation Failure)
Event: 1765.712 Executing safepoint VM operation: ParallelGCFailedAllocation (Allocation Failure) done
Event: 1765.732 Executing safepoint VM operation: ParallelGCFailedAllocation (Allocation Failure)
Event: 1765.734 Executing safepoint VM operation: ParallelGCFailedAllocation (Allocation Failure) done
Event: 1767.734 Executing safepoint VM operation: Cleanup
Event: 1767.734 Executing safepoint VM operation: Cleanup done
Event: 1924.386 Executing non-safepoint VM operation: HandshakeAllThreads (HandshakeForDeflation)
Event: 1924.386 Executing non-safepoint VM operation: HandshakeAllThreads (HandshakeForDeflation) done
Event: 1924.386 Executing non-safepoint VM operation: RendezvousGCThreads
Event: 1924.386 Executing non-safepoint VM operation: RendezvousGCThreads done

Memory protections (0 events):
No events

Nmethod flushes (20 events):
Event: 31.606 Thread 0x0000015dffadfbc0 flushing  nmethod 0x0000015d8399a610
Event: 31.606 Thread 0x0000015dffadfbc0 flushing  nmethod 0x0000015d839a8a90
Event: 31.606 Thread 0x0000015dffadfbc0 flushing  nmethod 0x0000015d839b6010
Event: 31.606 Thread 0x0000015dffadfbc0 flushing  nmethod 0x0000015d839c0b10
Event: 31.606 Thread 0x0000015dffadfbc0 flushing  nmethod 0x0000015d839c3a10
Event: 31.606 Thread 0x0000015dffadfbc0 flushing  nmethod 0x0000015d839c6010
Event: 31.606 Thread 0x0000015dffadfbc0 flushing  nmethod 0x0000015d839d8590
Event: 31.606 Thread 0x0000015dffadfbc0 flushing  nmethod 0x0000015d839e2d10
Event: 31.606 Thread 0x0000015dffadfbc0 flushing  nmethod 0x0000015d839e6e10
Event: 31.606 Thread 0x0000015dffadfbc0 flushing  nmethod 0x0000015d839f5910
Event: 31.606 Thread 0x0000015dffadfbc0 flushing  nmethod 0x0000015d83a0dc10
Event: 31.606 Thread 0x0000015dffadfbc0 flushing  nmethod 0x0000015d83a0e910
Event: 31.606 Thread 0x0000015dffadfbc0 flushing  nmethod 0x0000015d83a11390
Event: 31.606 Thread 0x0000015dffadfbc0 flushing  nmethod 0x0000015d83a13610
Event: 31.606 Thread 0x0000015dffadfbc0 flushing  nmethod 0x0000015d83a14410
Event: 31.606 Thread 0x0000015dffadfbc0 flushing osr nmethod 0x0000015d83a21390
Event: 31.606 Thread 0x0000015dffadfbc0 flushing  nmethod 0x0000015d83a2a510
Event: 31.606 Thread 0x0000015dffadfbc0 flushing  nmethod 0x0000015d83a2c010
Event: 31.606 Thread 0x0000015dffadfbc0 flushing  nmethod 0x0000015d83a39890
Event: 31.606 Thread 0x0000015dffadfbc0 flushing  nmethod 0x0000015d83a3c790

Events (20 events):
Event: 1150.497 Thread 0x0000015de3d08620 Thread added: 0x0000015de3d08cb0
Event: 1150.497 Thread 0x0000015de3d051a0 Thread exited: 0x0000015de3d051a0
Event: 1151.440 Thread 0x0000015de3d08cb0 Thread exited: 0x0000015de3d08cb0
Event: 1151.445 Thread 0x0000015de3d08620 Thread exited: 0x0000015de3d08620
Event: 1156.573 Thread 0x0000015dde2d5620 Thread added: 0x0000015de3d08620
Event: 1156.573 Thread 0x0000015de3d08620 Thread exited: 0x0000015de3d08620
Event: 1156.575 Thread 0x0000015dde2d5620 Thread added: 0x0000015de3d08620
Event: 1156.575 Thread 0x0000015de3d08620 Thread exited: 0x0000015de3d08620
Event: 1507.201 Thread 0x0000015dde2d5620 Thread added: 0x0000015de3d08620
Event: 1507.201 Thread 0x0000015de3d08620 Thread exited: 0x0000015de3d08620
Event: 1507.204 Thread 0x0000015dde2d5620 Thread added: 0x0000015de3d08620
Event: 1507.204 Thread 0x0000015de3d08620 Thread exited: 0x0000015de3d08620
Event: 1743.450 Thread 0x0000015ddf3f8580 Thread added: 0x0000015de3d08620
Event: 1743.493 Thread 0x0000015de3d08620 Thread added: 0x0000015de3d051a0
Event: 1743.499 Thread 0x0000015de3d051a0 Thread added: 0x0000015de3d08cb0
Event: 1743.500 Thread 0x0000015de3d051a0 Thread added: 0x0000015de3d0ad80
Event: 1743.500 Thread 0x0000015de3d08cb0 Thread exited: 0x0000015de3d08cb0
Event: 1746.424 Thread 0x0000015de3d051a0 Thread exited: 0x0000015de3d051a0
Event: 1746.424 Thread 0x0000015de3d0ad80 Thread exited: 0x0000015de3d0ad80
Event: 1746.427 Thread 0x0000015de3d08620 Thread exited: 0x0000015de3d08620


Dynamic libraries:
0x00007ff6cfb20000 - 0x00007ff6cfb2e000 	c:\Users\farha\.antigravity\extensions\redhat.java-1.53.0-win32-x64\jre\21.0.10-win32-x86_64\bin\java.exe
0x00007ffcf2b00000 - 0x00007ffcf2d67000 	C:\WINDOWS\SYSTEM32\ntdll.dll
0x00007ffcf1900000 - 0x00007ffcf19c9000 	C:\WINDOWS\System32\KERNEL32.DLL
0x00007ffcef470000 - 0x00007ffcef861000 	C:\WINDOWS\System32\KERNELBASE.dll
0x00007ffcef870000 - 0x00007ffcef9bb000 	C:\WINDOWS\System32\ucrtbase.dll
0x00007ffcd5bc0000 - 0x00007ffcd5bd8000 	c:\Users\farha\.antigravity\extensions\redhat.java-1.53.0-win32-x64\jre\21.0.10-win32-x86_64\bin\jli.dll
0x00007ffcf08a0000 - 0x00007ffcf0a65000 	C:\WINDOWS\System32\USER32.dll
0x00007ffcefe20000 - 0x00007ffcefe47000 	C:\WINDOWS\System32\win32u.dll
0x00007ffcf2a90000 - 0x00007ffcf2abb000 	C:\WINDOWS\System32\GDI32.dll
0x00007ffcf0770000 - 0x00007ffcf089b000 	C:\WINDOWS\System32\gdi32full.dll
0x00007ffcefd70000 - 0x00007ffcefe13000 	C:\WINDOWS\System32\msvcp_win.dll
0x00007ffcea7a0000 - 0x00007ffcea7be000 	c:\Users\farha\.antigravity\extensions\redhat.java-1.53.0-win32-x64\jre\21.0.10-win32-x86_64\bin\VCRUNTIME140.dll
0x00007ffcdbcc0000 - 0x00007ffcdbf53000 	C:\WINDOWS\WinSxS\amd64_microsoft.windows.common-controls_6595b64144ccf1df_6.0.26100.8037_none_3e092faae333b53b\COMCTL32.dll
0x00007ffcf1660000 - 0x00007ffcf1709000 	C:\WINDOWS\System32\msvcrt.dll
0x00007ffcf20e0000 - 0x00007ffcf2111000 	C:\WINDOWS\System32\IMM32.DLL
0x00007ffcddd20000 - 0x00007ffcddd2c000 	c:\Users\farha\.antigravity\extensions\redhat.java-1.53.0-win32-x64\jre\21.0.10-win32-x86_64\bin\vcruntime140_1.dll
0x00007ffc95390000 - 0x00007ffc9541d000 	c:\Users\farha\.antigravity\extensions\redhat.java-1.53.0-win32-x64\jre\21.0.10-win32-x86_64\bin\msvcp140.dll
0x00007ffc535e0000 - 0x00007ffc54381000 	c:\Users\farha\.antigravity\extensions\redhat.java-1.53.0-win32-x64\jre\21.0.10-win32-x86_64\bin\server\jvm.dll
0x00007ffcf1840000 - 0x00007ffcf18fb000 	C:\WINDOWS\System32\ADVAPI32.dll
0x00007ffcf1710000 - 0x00007ffcf17b7000 	C:\WINDOWS\System32\sechost.dll
0x00007ffcf1fc0000 - 0x00007ffcf20d8000 	C:\WINDOWS\System32\RPCRT4.dll
0x00007ffcf1e80000 - 0x00007ffcf1ef4000 	C:\WINDOWS\System32\WS2_32.dll
0x00007ffcef240000 - 0x00007ffcef29e000 	C:\WINDOWS\SYSTEM32\POWRPROF.dll
0x00007ffce56c0000 - 0x00007ffce56f5000 	C:\WINDOWS\SYSTEM32\WINMM.dll
0x00007ffce54c0000 - 0x00007ffce54cb000 	C:\WINDOWS\SYSTEM32\VERSION.dll
0x00007ffcef220000 - 0x00007ffcef234000 	C:\WINDOWS\SYSTEM32\UMPDC.dll
0x00007ffcee170000 - 0x00007ffcee18b000 	C:\WINDOWS\SYSTEM32\kernel.appcore.dll
0x00007ffcd5c20000 - 0x00007ffcd5c2a000 	c:\Users\farha\.antigravity\extensions\redhat.java-1.53.0-win32-x64\jre\21.0.10-win32-x86_64\bin\jimage.dll
0x00007ffced550000 - 0x00007ffced792000 	C:\WINDOWS\SYSTEM32\DBGHELP.DLL
0x00007ffcf26a0000 - 0x00007ffcf2a22000 	C:\WINDOWS\System32\combase.dll
0x00007ffcf1a10000 - 0x00007ffcf1ae7000 	C:\WINDOWS\System32\OLEAUT32.dll
0x00007ffcd5440000 - 0x00007ffcd547b000 	C:\WINDOWS\SYSTEM32\dbgcore.DLL
0x00007ffcefe50000 - 0x00007ffcefef5000 	C:\WINDOWS\System32\bcryptPrimitives.dll
0x00007ffcd5be0000 - 0x00007ffcd5bef000 	c:\Users\farha\.antigravity\extensions\redhat.java-1.53.0-win32-x64\jre\21.0.10-win32-x86_64\bin\instrument.dll
0x00007ffcd5c00000 - 0x00007ffcd5c20000 	c:\Users\farha\.antigravity\extensions\redhat.java-1.53.0-win32-x64\jre\21.0.10-win32-x86_64\bin\java.dll
0x00007ffcf0ee0000 - 0x00007ffcf163f000 	C:\WINDOWS\System32\SHELL32.dll
0x00007ffcefb40000 - 0x00007ffcefcaa000 	C:\WINDOWS\System32\wintypes.dll
0x00007ffceff00000 - 0x00007ffcf0764000 	C:\WINDOWS\System32\windows.storage.dll
0x00007ffcf0de0000 - 0x00007ffcf0ed7000 	C:\WINDOWS\System32\SHCORE.dll
0x00007ffcf1c90000 - 0x00007ffcf1cf7000 	C:\WINDOWS\System32\shlwapi.dll
0x00007ffcef300000 - 0x00007ffcef329000 	C:\WINDOWS\SYSTEM32\profapi.dll
0x00007ffcbeda0000 - 0x00007ffcbedb8000 	c:\Users\farha\.antigravity\extensions\redhat.java-1.53.0-win32-x64\jre\21.0.10-win32-x86_64\bin\zip.dll
0x00007ffcd5bf0000 - 0x00007ffcd5c00000 	C:\Users\farha\.antigravity\extensions\redhat.java-1.53.0-win32-x64\jre\21.0.10-win32-x86_64\bin\net.dll
0x00007ffce4840000 - 0x00007ffce4967000 	C:\WINDOWS\SYSTEM32\WINHTTP.dll
0x00007ffcee6e0000 - 0x00007ffcee74b000 	C:\WINDOWS\system32\mswsock.dll
0x00007ffcbb460000 - 0x00007ffcbb476000 	C:\Users\farha\.antigravity\extensions\redhat.java-1.53.0-win32-x64\jre\21.0.10-win32-x86_64\bin\nio.dll
0x00007ffcd5bb0000 - 0x00007ffcd5bc0000 	c:\Users\farha\.antigravity\extensions\redhat.java-1.53.0-win32-x64\jre\21.0.10-win32-x86_64\bin\verify.dll
0x00007ffc93eb0000 - 0x00007ffc93ef5000 	C:\Users\farha\AppData\Roaming\Antigravity\User\globalStorage\redhat.java\1.53.0\config_win\org.eclipse.equinox.launcher\org.eclipse.equinox.launcher.win32.win32.x86_64_1.3.0.v20260203-2149\eclipse_11919.dll
0x00007ffcf1af0000 - 0x00007ffcf1c85000 	C:\WINDOWS\System32\ole32.dll
0x00007ffcee9c0000 - 0x00007ffcee9db000 	C:\WINDOWS\SYSTEM32\CRYPTSP.dll
0x00007ffcee0d0000 - 0x00007ffcee109000 	C:\WINDOWS\system32\rsaenh.dll
0x00007ffcee790000 - 0x00007ffcee7c2000 	C:\WINDOWS\SYSTEM32\USERENV.dll
0x00007ffcef2d0000 - 0x00007ffcef2fa000 	C:\WINDOWS\SYSTEM32\bcrypt.dll
0x00007ffcee9e0000 - 0x00007ffcee9ec000 	C:\WINDOWS\SYSTEM32\CRYPTBASE.dll
0x00007ffceda70000 - 0x00007ffcedaa3000 	C:\WINDOWS\SYSTEM32\IPHLPAPI.DLL
0x00007ffcf0c70000 - 0x00007ffcf0c7a000 	C:\WINDOWS\System32\NSI.dll
0x00007ffcd5c50000 - 0x00007ffcd5c99000 	C:\Users\farha\AppData\Local\Temp\jna-97201744\jna11983892885914010602.dll
0x00007ffcf19d0000 - 0x00007ffcf19d8000 	C:\WINDOWS\System32\PSAPI.DLL
0x00007ffce9870000 - 0x00007ffce988d000 	C:\WINDOWS\SYSTEM32\dhcpcsvc6.DLL
0x00007ffce9830000 - 0x00007ffce9853000 	C:\WINDOWS\SYSTEM32\dhcpcsvc.DLL
0x00007ffcd2f10000 - 0x00007ffcd2f37000 	D:\Apps\Dev\.gradle\native\c067742578af261105cb4f569cf0c3c89f3d7b1fecec35dd04571415982c5e48\windows-amd64\native-platform.dll
0x00007ffcd4750000 - 0x00007ffcd475a000 	C:\Users\farha\.antigravity\extensions\redhat.java-1.53.0-win32-x64\jre\21.0.10-win32-x86_64\bin\management.dll
0x00007ffcd2bd0000 - 0x00007ffcd2bdc000 	C:\Users\farha\.antigravity\extensions\redhat.java-1.53.0-win32-x64\jre\21.0.10-win32-x86_64\bin\management_ext.dll
0x00007ffcc7010000 - 0x00007ffcc7019000 	C:\Users\farha\.antigravity\extensions\redhat.java-1.53.0-win32-x64\jre\21.0.10-win32-x86_64\bin\extnet.dll
0x00007ffcc9b70000 - 0x00007ffcc9b7e000 	C:\Users\farha\.antigravity\extensions\redhat.java-1.53.0-win32-x64\jre\21.0.10-win32-x86_64\bin\sunmscapi.dll
0x00007ffcef9c0000 - 0x00007ffcefb37000 	C:\WINDOWS\System32\CRYPT32.dll
0x00007ffceebe0000 - 0x00007ffceec10000 	C:\WINDOWS\SYSTEM32\ncrypt.dll
0x00007ffceeb90000 - 0x00007ffceebcf000 	C:\WINDOWS\SYSTEM32\NTASN1.dll
0x00007ffc88ba0000 - 0x00007ffc88ba8000 	C:\WINDOWS\system32\wshunix.dll
0x00007ffcedb90000 - 0x00007ffcedcba000 	C:\WINDOWS\SYSTEM32\DNSAPI.dll
0x00007ffce54d0000 - 0x00007ffce54db000 	C:\Windows\System32\rasadhlp.dll
0x00007ffce9c50000 - 0x00007ffce9cd6000 	C:\WINDOWS\System32\fwpuclnt.dll

JVMTI agents:
c:\Users\farha\.antigravity\extensions\redhat.java-1.53.0-win32-x64\lombok\lombok-1.18.39-4050.jar path:c:\Users\farha\.antigravity\extensions\redhat.java-1.53.0-win32-x64\jre\21.0.10-win32-x86_64\bin\instrument.dll, loaded, initialized, instrumentlib options:none

dbghelp: loaded successfully - version: 4.0.5 - missing functions: none
symbol engine: initialized successfully - sym options: 0x614 - pdb path: .;c:\Users\farha\.antigravity\extensions\redhat.java-1.53.0-win32-x64\jre\21.0.10-win32-x86_64\bin;C:\WINDOWS\SYSTEM32;C:\WINDOWS\WinSxS\amd64_microsoft.windows.common-controls_6595b64144ccf1df_6.0.26100.8037_none_3e092faae333b53b;c:\Users\farha\.antigravity\extensions\redhat.java-1.53.0-win32-x64\jre\21.0.10-win32-x86_64\bin\server;C:\Users\farha\AppData\Roaming\Antigravity\User\globalStorage\redhat.java\1.53.0\config_win\org.eclipse.equinox.launcher\org.eclipse.equinox.launcher.win32.win32.x86_64_1.3.0.v20260203-2149;C:\Users\farha\AppData\Local\Temp\jna-97201744;D:\Apps\Dev\.gradle\native\c067742578af261105cb4f569cf0c3c89f3d7b1fecec35dd04571415982c5e48\windows-amd64

VM Arguments:
jvm_args: --add-modules=ALL-SYSTEM --add-opens=java.base/java.util=ALL-UNNAMED --add-opens=java.base/java.lang=ALL-UNNAMED --add-opens=java.base/sun.nio.fs=ALL-UNNAMED -Declipse.application=org.eclipse.jdt.ls.core.id1 -Dosgi.bundles.defaultStartLevel=4 -Declipse.product=org.eclipse.jdt.ls.core.product -Djava.import.generatesMetadataFilesAtProjectRoot=false -DDetectVMInstallationsJob.disabled=true -Dfile.encoding=utf8 -XX:+UseParallelGC -XX:GCTimeRatio=4 -XX:AdaptiveSizePolicyWeight=90 -Dsun.zip.disableMemoryMapping=true -Xmx2G -Xms100m -Xlog:disable -javaagent:c:\Users\farha\.antigravity\extensions\redhat.java-1.53.0-win32-x64\lombok\lombok-1.18.39-4050.jar -XX:+HeapDumpOnOutOfMemoryError -XX:HeapDumpPath=c:\Users\farha\AppData\Roaming\Antigravity\User\workspaceStorage\d81d773f28174eba71a84acaede03c91\redhat.java -Daether.dependencyCollector.impl=bf 
java_command: c:\Users\farha\.antigravity\extensions\redhat.java-1.53.0-win32-x64\server\plugins\org.eclipse.equinox.launcher_1.7.100.v20251111-0406.jar -configuration c:\Users\farha\AppData\Roaming\Antigravity\User\globalStorage\redhat.java\1.53.0\config_win -data c:\Users\farha\AppData\Roaming\Antigravity\User\workspaceStorage\d81d773f28174eba71a84acaede03c91\redhat.java\jdt_ws --pipe=\\.\pipe\lsp-a3bd63c4ac880ee24ec9fd9b74242145-sock
java_class_path (initial): c:\Users\farha\.antigravity\extensions\redhat.java-1.53.0-win32-x64\server\plugins\org.eclipse.equinox.launcher_1.7.100.v20251111-0406.jar
Launcher Type: SUN_STANDARD

[Global flags]
    uintx AdaptiveSizePolicyWeight                 = 90                                        {product} {command line}
     intx CICompilerCount                          = 4                                         {product} {ergonomic}
    uintx GCTimeRatio                              = 4                                         {product} {command line}
     bool HeapDumpOnOutOfMemoryError               = true                                   {manageable} {command line}
    ccstr HeapDumpPath                             = c:\Users\farha\AppData\Roaming\Antigravity\User\workspaceStorage\d81d773f28174eba71a84acaede03c91\redhat.java         {manageable} {command line}
   size_t InitialHeapSize                          = 104857600                                 {product} {command line}
   size_t MaxHeapSize                              = 2147483648                                {product} {command line}
   size_t MaxNewSize                               = 715653120                                 {product} {ergonomic}
   size_t MinHeapDeltaBytes                        = 524288                                    {product} {ergonomic}
   size_t MinHeapSize                              = 104857600                                 {product} {command line}
   size_t NewSize                                  = 34603008                                  {product} {ergonomic}
    uintx NonNMethodCodeHeapSize                   = 5839372                                {pd product} {ergonomic}
    uintx NonProfiledCodeHeapSize                  = 122909434                              {pd product} {ergonomic}
   size_t OldSize                                  = 70254592                                  {product} {ergonomic}
    uintx ProfiledCodeHeapSize                     = 122909434                              {pd product} {ergonomic}
    uintx ReservedCodeCacheSize                    = 251658240                              {pd product} {ergonomic}
     bool SegmentedCodeCache                       = true                                      {product} {ergonomic}
   size_t SoftMaxHeapSize                          = 2147483648                             {manageable} {ergonomic}
     bool UseCompressedOops                        = true                           {product lp64_product} {ergonomic}
     bool UseLargePagesIndividualAllocation        = false                                  {pd product} {ergonomic}
     bool UseParallelGC                            = true                                      {product} {command line}

Logging:
Log output configuration:
 #0: stdout all=off uptime,level,tags foldmultilines=false
 #1: stderr all=off uptime,level,tags foldmultilines=false

Release file:
JAVA_VERSION="21.0.10" 
MODULES="java.base java.compiler java.datatransfer java.xml java.prefs java.desktop java.instrument java.logging java.management java.security.sasl java.naming java.rmi java.management.rmi java.net.http java.scripting java.security.jgss java.transaction.xa java.sql java.sql.rowset java.xml.crypto java.se java.smartcardio jdk.accessibility jdk.internal.jvmstat jdk.attach jdk.charsets jdk.internal.opt jdk.zipfs jdk.compiler jdk.crypto.ec jdk.crypto.cryptoki jdk.crypto.mscapi jdk.dynalink jdk.internal.ed jdk.editpad jdk.hotspot.agent jdk.httpserver jdk.internal.le jdk.internal.vm.ci jdk.internal.vm.compiler jdk.internal.vm.compiler.management jdk.jartool jdk.javadoc jdk.jcmd jdk.management jdk.management.agent jdk.jconsole jdk.jdeps jdk.jdwp.agent jdk.jdi jdk.jfr jdk.jshell jdk.jsobject jdk.jstatd jdk.localedata jdk.management.jfr jdk.naming.dns jdk.naming.rmi jdk.net jdk.nio.mapmode jdk.random jdk.sctp jdk.security.auth jdk.security.jgss jdk.unsupported jdk.unsupported.desktop jdk.xml.dom" 

Environment Variables:
JAVA_HOME=C:\Program Files\Java\jdk-24\
PATH=D:\Apps\npm-global;D:\Apps\npm-global;C:\Python314\Scripts\;C:\Python314\;C:\WINDOWS\system32;C:\WINDOWS;C:\WINDOWS\System32\Wbem;C:\WINDOWS\System32\WindowsPowerShell\v1.0\;C:\WINDOWS\System32\OpenSSH\;C:\Program Files\Java\jdk-24\bin;E:\winlibs-x86_64-posix-seh-gcc-15.2.0-mingw-w64msvcrt-13.0.0-r1\mingw64\bin;C:\xampp\php;C:\composer;C:\Program Files\nodejs\;C:\ProgramData\chocolatey\bin;C:\Program Files\Git\cmd;C:\Program Files\dotnet\;C:\Program Files\WebP;C:\Program Files\Tailscale\;C:\Program Files\GitHub CLI\;C:\Program Files\Redis\;C:\Program Files\PowerShell\7-preview\preview;C:\Program Files\CMake\bin;C:\Program Files\PowerShell\7\;C:\Program Files\Microsoft SQL Server\170\Tools\Binn\;C:\Program Files\Microsoft SQL Server\Client SDK\ODBC\170\Tools\Binn\;c:\Users\farha\AppData\Local\Programs\cursor\resources\app\codeBin;C:\Users\farha\scoop\apps\mingw\current\bin;C:\Users\farha\scoop\shims;C:\Users\farha\AppData\Local\Programs\Python\Launcher\;C:\Users\farha\AppData\Local\Programs\Microsoft VS Code\bin;C:\Users\farha\AppData\Roaming\Composer\vendor\bin;C:\Users\farha\AppData\Local\Microsoft\WindowsApps;C:\Users\farha\AppData\Local\Programs\Antigravity\bin;C:\Users\farha\AppData\Local\Android\Sdk\platform-tools;C:\Users\farha\AppData\Local\Android\Sdk\emulator;C:\Users\farha\AppData\Local\Android\Sdk\cmdline-tools\latest\bin;C:\Users\farha\.dotnet\tools
USERNAME=farha
OS=Windows_NT
PROCESSOR_IDENTIFIER=AMD64 Family 23 Model 160 Stepping 0, AuthenticAMD
TMP=C:\Users\farha\AppData\Local\Temp
TEMP=C:\Users\farha\AppData\Local\Temp




Periodic native trim disabled

---------------  S Y S T E M  ---------------

OS:
 Windows 11 , 64 bit Build 26100 (10.0.26100.7920)
OS uptime: 0 days 5:58 hours
Hyper-V role detected

CPU: total 8 (initial active 8) (8 cores per cpu, 2 threads per core) family 23 model 160 stepping 0 microcode 0x8a00006, cx8, cmov, fxsr, ht, mmx, 3dnowpref, sse, sse2, sse3, ssse3, sse4a, sse4.1, sse4.2, popcnt, lzcnt, tsc, tscinvbit, avx, avx2, aes, clmul, bmi1, bmi2, adx, sha, fma, vzeroupper, clflush, clflushopt, hv, rdtscp, rdpid, f16c
Processor Information for the first 8 processors :
  Max Mhz: 2801, Current Mhz: 2801, Mhz Limit: 2801

Memory: 4k page, system-wide physical 15647M (1542M free)
TotalPageFile size 19743M (AvailPageFile size 18M)
current process WorkingSet (physical memory assigned to process): 224M, peak: 1254M
current process commit charge ("private bytes"): 1150M, peak: 1167M

vm_info: OpenJDK 64-Bit Server VM (21.0.10+7-LTS) for windows-amd64 JRE (21.0.10+7-LTS), built on 2026-01-20T00:00:00Z by "admin" with MS VC++ 17.12 (VS2022)

END.
