#
# There is insufficient memory for the Java Runtime Environment to continue.
# Native memory allocation (malloc) failed to allocate 1056176 bytes. Error detail: Chunk::new
# Possible reasons:
#   The system is out of physical RAM or swap space
#   This process is running with CompressedOops enabled, and the Java Heap may be blocking the growth of the native heap
# Possible solutions:
#   Reduce memory load on the system
#   Increase physical memory or swap space
#   Check if swap backing store is full
#   Decrease Java heap size (-Xmx/-Xms)
#   Decrease number of Java threads
#   Decrease Java thread stack sizes (-Xss)
#   Set larger code cache with -XX:ReservedCodeCacheSize=
#   JVM is running with Unscaled Compressed Oops mode in which the Java heap is
#     placed in the first 4GB address space. The Java Heap base address is the
#     maximum limit for the native heap growth. Please use -XX:HeapBaseMinAddress
#     to set the Java Heap base and to place the Java Heap above 4GB virtual address.
# This output file may be truncated or incomplete.
#
#  Out of Memory Error (arena.cpp:168), pid=22032, tid=3620
#
# JRE version: OpenJDK Runtime Environment Temurin-21.0.10+7 (21.0.10+7) (build 21.0.10+7-LTS)
# Java VM: OpenJDK 64-Bit Server VM Temurin-21.0.10+7 (21.0.10+7-LTS, mixed mode, sharing, tiered, compressed oops, compressed class ptrs, g1 gc, windows-amd64)
# No core dump will be written. Minidumps are not enabled by default on client versions of Windows
#

---------------  S U M M A R Y ------------

Command Line: --add-opens=java.base/java.util=ALL-UNNAMED --add-opens=java.base/java.lang=ALL-UNNAMED --add-opens=java.base/java.lang.invoke=ALL-UNNAMED --add-opens=java.prefs/java.util.prefs=ALL-UNNAMED --add-opens=java.base/java.nio.charset=ALL-UNNAMED --add-opens=java.base/java.net=ALL-UNNAMED --add-opens=java.base/java.util.concurrent.atomic=ALL-UNNAMED -Xmx2048m -Dfile.encoding=UTF-8 -Duser.country=ID -Duser.language=en -Duser.variant -javaagent:D:\Apps\Dev\.gradle\wrapper\dists\gradle-8.7-bin\bhs2wmbdwecv87pi65oeuq5iu\gradle-8.7\lib\agents\gradle-instrumentation-agent-8.7.jar org.gradle.launcher.daemon.bootstrap.GradleDaemon 8.7

Host: AMD Ryzen 5 7520U with Radeon Graphics         , 8 cores, 15G,  Windows 11 , 64 bit Build 26100 (10.0.26100.7920)
Time: Sat Apr 11 02:19:56 2026 SE Asia Standard Time elapsed time: 20.717143 seconds (0d 0h 0m 20s)

---------------  T H R E A D  ---------------

Current thread (0x000001add863bf60):  JavaThread "C2 CompilerThread0" daemon [_thread_in_native, id=3620, stack(0x00000086e3300000,0x00000086e3400000) (1024K)]


Current CompileTask:
C2:20717 9574       4       org.gradle.internal.instantiation.generator.AbstractClassGenerator::inspectType (560 bytes)

Stack: [0x00000086e3300000,0x00000086e3400000]
Native frames: (J=compiled Java code, j=interpreted, Vv=VM code, C=native code)
V  [jvm.dll+0x6d7a39]
V  [jvm.dll+0x8b4b26]
V  [jvm.dll+0x8b70de]
V  [jvm.dll+0x8b77c3]
V  [jvm.dll+0x284346]
V  [jvm.dll+0xc66ed]
V  [jvm.dll+0xc6c31]
V  [jvm.dll+0x2fb29e]
V  [jvm.dll+0x5fe884]
V  [jvm.dll+0x255b17]
V  [jvm.dll+0x255edd]
V  [jvm.dll+0x24e500]
V  [jvm.dll+0x24ba42]
V  [jvm.dll+0x1cb34e]
V  [jvm.dll+0x25b85d]
V  [jvm.dll+0x259dea]
V  [jvm.dll+0x3f857e]
V  [jvm.dll+0x85f59d]
V  [jvm.dll+0x6d626d]
C  [ucrtbase.dll+0x37b0]
C  [KERNEL32.DLL+0x2e8d7]
C  [ntdll.dll+0x8c48c]


---------------  P R O C E S S  ---------------

Threads class SMR info:
_java_thread_list=0x000001ae204ac790, length=49, elements={
0x000001adbeb67f30, 0x000001add861c8a0, 0x000001add861f310, 0x000001add86238f0,
0x000001add86245b0, 0x000001add86286c0, 0x000001add8627700, 0x000001add863bf60,
0x000001add8642ab0, 0x000001add8900600, 0x000001add8936a00, 0x000001ae1f8a77f0,
0x000001ae1f39d200, 0x000001ae1f96c730, 0x000001ae1eff1550, 0x000001ae1fb7b660,
0x000001ae1f9082d0, 0x000001ae1fa421b0, 0x000001ae1fa43bf0, 0x000001ae1fa42ed0,
0x000001ae1fa43560, 0x000001ae1fa41b20, 0x000001ae1fa44910, 0x000001ae1fa41490,
0x000001ae23719a90, 0x000001ae23717330, 0x000001ae237186e0, 0x000001ae23719400,
0x000001ae2371a120, 0x000001ae237179c0, 0x000001ae23718050, 0x000001ae2371a7b0,
0x000001ae2371dc30, 0x000001ae2371d5a0, 0x000001ae2371ae40, 0x000001ae2371e2c0,
0x000001ae2371e950, 0x000001ae2313e1f0, 0x000001ae2313ba90, 0x000001ae2313c120,
0x000001ae2313c7b0, 0x000001ae2313ce40, 0x000001ae2313d4d0, 0x000001ae2313ad70,
0x000001ae2313db60, 0x000001ae2313e880, 0x000001ae2313f5a0, 0x000001ae23141d00,
0x000001ae23142390
}

Java Threads: ( => current thread )
  0x000001adbeb67f30 JavaThread "main"                              [_thread_blocked, id=23300, stack(0x00000086e2500000,0x00000086e2600000) (1024K)]
  0x000001add861c8a0 JavaThread "Reference Handler"          daemon [_thread_blocked, id=2720, stack(0x00000086e2d00000,0x00000086e2e00000) (1024K)]
  0x000001add861f310 JavaThread "Finalizer"                  daemon [_thread_blocked, id=18428, stack(0x00000086e2e00000,0x00000086e2f00000) (1024K)]
  0x000001add86238f0 JavaThread "Signal Dispatcher"          daemon [_thread_blocked, id=20176, stack(0x00000086e2f00000,0x00000086e3000000) (1024K)]
  0x000001add86245b0 JavaThread "Attach Listener"            daemon [_thread_blocked, id=22332, stack(0x00000086e3000000,0x00000086e3100000) (1024K)]
  0x000001add86286c0 JavaThread "Service Thread"             daemon [_thread_blocked, id=2780, stack(0x00000086e3100000,0x00000086e3200000) (1024K)]
  0x000001add8627700 JavaThread "Monitor Deflation Thread"   daemon [_thread_blocked, id=22372, stack(0x00000086e3200000,0x00000086e3300000) (1024K)]
=>0x000001add863bf60 JavaThread "C2 CompilerThread0"         daemon [_thread_in_native, id=3620, stack(0x00000086e3300000,0x00000086e3400000) (1024K)]
  0x000001add8642ab0 JavaThread "C1 CompilerThread0"         daemon [_thread_blocked, id=15724, stack(0x00000086e3400000,0x00000086e3500000) (1024K)]
  0x000001add8900600 JavaThread "Common-Cleaner"             daemon [_thread_blocked, id=1688, stack(0x00000086e3500000,0x00000086e3600000) (1024K)]
  0x000001add8936a00 JavaThread "Notification Thread"        daemon [_thread_blocked, id=13936, stack(0x00000086e3600000,0x00000086e3700000) (1024K)]
  0x000001ae1f8a77f0 JavaThread "Daemon health stats"               [_thread_blocked, id=22860, stack(0x00000086e3d00000,0x00000086e3e00000) (1024K)]
  0x000001ae1f39d200 JavaThread "Incoming local TCP Connector on port 64356"        [_thread_in_native, id=12048, stack(0x00000086e3e00000,0x00000086e3f00000) (1024K)]
  0x000001ae1f96c730 JavaThread "Daemon periodic checks"            [_thread_blocked, id=16152, stack(0x00000086e3f00000,0x00000086e4000000) (1024K)]
  0x000001ae1eff1550 JavaThread "Daemon"                            [_thread_blocked, id=12652, stack(0x00000086e4000000,0x00000086e4100000) (1024K)]
  0x000001ae1fb7b660 JavaThread "Handler for socket connection from /127.0.0.1:64356 to /127.0.0.1:64357"        [_thread_in_native, id=1532, stack(0x00000086e4100000,0x00000086e4200000) (1024K)]
  0x000001ae1f9082d0 JavaThread "Cancel handler"                    [_thread_blocked, id=8008, stack(0x00000086e4200000,0x00000086e4300000) (1024K)]
  0x000001ae1fa421b0 JavaThread "Daemon worker"                     [_thread_in_vm, id=14236, stack(0x00000086e4300000,0x00000086e4400000) (1024K)]
  0x000001ae1fa43bf0 JavaThread "Asynchronous log dispatcher for DefaultDaemonConnection: socket connection from /127.0.0.1:64356 to /127.0.0.1:64357"        [_thread_blocked, id=14736, stack(0x00000086e4400000,0x00000086e4500000) (1024K)]
  0x000001ae1fa42ed0 JavaThread "Stdin handler"                     [_thread_blocked, id=21732, stack(0x00000086e4500000,0x00000086e4600000) (1024K)]
  0x000001ae1fa43560 JavaThread "Daemon client event forwarder"        [_thread_blocked, id=16496, stack(0x00000086e4600000,0x00000086e4700000) (1024K)]
  0x000001ae1fa41b20 JavaThread "Cache worker for journal cache (D:\Apps\Dev\.gradle\caches\journal-1)"        [_thread_blocked, id=16644, stack(0x00000086e3800000,0x00000086e3900000) (1024K)]
  0x000001ae1fa44910 JavaThread "File lock request listener"        [_thread_in_native, id=22836, stack(0x00000086e4700000,0x00000086e4800000) (1024K)]
  0x000001ae1fa41490 JavaThread "Cache worker for file hash cache (D:\Apps\Dev\.gradle\caches\8.7\fileHashes)"        [_thread_blocked, id=19432, stack(0x00000086e4800000,0x00000086e4900000) (1024K)]
  0x000001ae23719a90 JavaThread "Cache worker for file hash cache (D:\01PROJECTS\@Active\saka-note\android\.gradle\8.7\fileHashes)"        [_thread_blocked, id=21000, stack(0x00000086e4a00000,0x00000086e4b00000) (1024K)]
  0x000001ae23717330 JavaThread "File watcher server"        daemon [_thread_in_native, id=13456, stack(0x00000086e4f00000,0x00000086e5000000) (1024K)]
  0x000001ae237186e0 JavaThread "File watcher consumer"      daemon [_thread_blocked, id=17040, stack(0x00000086e5000000,0x00000086e5100000) (1024K)]
  0x000001ae23719400 JavaThread "Cache worker for checksums cache (D:\01PROJECTS\@Active\saka-note\android\.gradle\8.7\checksums)"        [_thread_blocked, id=19748, stack(0x00000086e5100000,0x00000086e5200000) (1024K)]
  0x000001ae2371a120 JavaThread "Cache worker for cache directory md-supplier (D:\Apps\Dev\.gradle\caches\8.7\md-supplier)"        [_thread_blocked, id=8096, stack(0x00000086e5200000,0x00000086e5300000) (1024K)]
  0x000001ae237179c0 JavaThread "Cache worker for cache directory md-rule (D:\Apps\Dev\.gradle\caches\8.7\md-rule)"        [_thread_blocked, id=14548, stack(0x00000086e5300000,0x00000086e5400000) (1024K)]
  0x000001ae23718050 JavaThread "Cache worker for file content cache (D:\Apps\Dev\.gradle\caches\8.7\fileContent)"        [_thread_blocked, id=10756, stack(0x00000086e5400000,0x00000086e5500000) (1024K)]
  0x000001ae2371a7b0 JavaThread "Cache worker for Build Output Cleanup Cache (D:\01PROJECTS\@Active\saka-note\android\.gradle\buildOutputCleanup)"        [_thread_blocked, id=9964, stack(0x00000086e5500000,0x00000086e5600000) (1024K)]
  0x000001ae2371dc30 JavaThread "Unconstrained build operations"        [_thread_blocked, id=8904, stack(0x00000086e5600000,0x00000086e5700000) (1024K)]
  0x000001ae2371d5a0 JavaThread "Unconstrained build operations Thread 2"        [_thread_blocked, id=7532, stack(0x00000086e5700000,0x00000086e5800000) (1024K)]
  0x000001ae2371ae40 JavaThread "Unconstrained build operations Thread 3"        [_thread_blocked, id=23532, stack(0x00000086e5800000,0x00000086e5900000) (1024K)]
  0x000001ae2371e2c0 JavaThread "Unconstrained build operations Thread 4"        [_thread_blocked, id=11212, stack(0x00000086e5900000,0x00000086e5a00000) (1024K)]
  0x000001ae2371e950 JavaThread "Unconstrained build operations Thread 5"        [_thread_blocked, id=7508, stack(0x00000086e5a00000,0x00000086e5b00000) (1024K)]
  0x000001ae2313e1f0 JavaThread "Unconstrained build operations Thread 6"        [_thread_blocked, id=14328, stack(0x00000086e5b00000,0x00000086e5c00000) (1024K)]
  0x000001ae2313ba90 JavaThread "Unconstrained build operations Thread 7"        [_thread_blocked, id=7688, stack(0x00000086e5c00000,0x00000086e5d00000) (1024K)]
  0x000001ae2313c120 JavaThread "Unconstrained build operations Thread 8"        [_thread_blocked, id=15932, stack(0x00000086e5d00000,0x00000086e5e00000) (1024K)]
  0x000001ae2313c7b0 JavaThread "Unconstrained build operations Thread 9"        [_thread_blocked, id=16752, stack(0x00000086e5e00000,0x00000086e5f00000) (1024K)]
  0x000001ae2313ce40 JavaThread "Unconstrained build operations Thread 10"        [_thread_blocked, id=17708, stack(0x00000086e5f00000,0x00000086e6000000) (1024K)]
  0x000001ae2313d4d0 JavaThread "Unconstrained build operations Thread 11"        [_thread_blocked, id=12556, stack(0x00000086e6000000,0x00000086e6100000) (1024K)]
  0x000001ae2313ad70 JavaThread "Unconstrained build operations Thread 12"        [_thread_blocked, id=17592, stack(0x00000086e6100000,0x00000086e6200000) (1024K)]
  0x000001ae2313db60 JavaThread "Unconstrained build operations Thread 13"        [_thread_blocked, id=20228, stack(0x00000086e6200000,0x00000086e6300000) (1024K)]
  0x000001ae2313e880 JavaThread "Unconstrained build operations Thread 14"        [_thread_blocked, id=10596, stack(0x00000086e6300000,0x00000086e6400000) (1024K)]
  0x000001ae2313f5a0 JavaThread "Memory manager"                    [_thread_blocked, id=15980, stack(0x00000086e4900000,0x00000086e4a00000) (1024K)]
  0x000001ae23141d00 JavaThread "build event listener"              [_thread_blocked, id=19584, stack(0x00000086e6400000,0x00000086e6500000) (1024K)]
  0x000001ae23142390 JavaThread "File lock release action executor"        [_thread_blocked, id=19056, stack(0x00000086e3700000,0x00000086e3800000) (1024K)]
Total: 49

Other Threads:
  0x000001add85ff050 VMThread "VM Thread"                           [id=5644, stack(0x00000086e2c00000,0x00000086e2d00000) (1024K)]
  0x000001add85eaff0 WatcherThread "VM Periodic Task Thread"        [id=19840, stack(0x00000086e2b00000,0x00000086e2c00000) (1024K)]
  0x000001adc0e98e60 WorkerThread "GC Thread#0"                     [id=19876, stack(0x00000086e2600000,0x00000086e2700000) (1024K)]
  0x000001ae1ec3c070 WorkerThread "GC Thread#1"                     [id=8304, stack(0x00000086e3900000,0x00000086e3a00000) (1024K)]
  0x000001ae1eafede0 WorkerThread "GC Thread#2"                     [id=22504, stack(0x00000086e3a00000,0x00000086e3b00000) (1024K)]
  0x000001ae1ec3b610 WorkerThread "GC Thread#3"                     [id=6192, stack(0x00000086e3b00000,0x00000086e3c00000) (1024K)]
  0x000001ae1eafb340 WorkerThread "GC Thread#4"                     [id=17912, stack(0x00000086e3c00000,0x00000086e3d00000) (1024K)]
  0x000001ae214ca970 WorkerThread "GC Thread#5"                     [id=9200, stack(0x00000086e4b00000,0x00000086e4c00000) (1024K)]
  0x000001ae214cb830 WorkerThread "GC Thread#6"                     [id=1128, stack(0x00000086e4c00000,0x00000086e4d00000) (1024K)]
  0x000001ae214cbf90 WorkerThread "GC Thread#7"                     [id=20288, stack(0x00000086e4d00000,0x00000086e4e00000) (1024K)]
  0x000001adc0ea9d60 ConcurrentGCThread "G1 Main Marker"            [id=11296, stack(0x00000086e2700000,0x00000086e2800000) (1024K)]
  0x000001adc0eab600 WorkerThread "G1 Conc#0"                       [id=2432, stack(0x00000086e2800000,0x00000086e2900000) (1024K)]
  0x000001ae22a4de90 WorkerThread "G1 Conc#1"                       [id=10652, stack(0x00000086e4e00000,0x00000086e4f00000) (1024K)]
  0x000001adc0efe830 ConcurrentGCThread "G1 Refine#0"               [id=8424, stack(0x00000086e2900000,0x00000086e2a00000) (1024K)]
  0x000001add84c26b0 ConcurrentGCThread "G1 Service"                [id=23264, stack(0x00000086e2a00000,0x00000086e2b00000) (1024K)]
Total: 15

Threads with active compile tasks:
C2 CompilerThread0  20757 9574       4       org.gradle.internal.instantiation.generator.AbstractClassGenerator::inspectType (560 bytes)
Total: 1

VM state: not at safepoint (normal execution)

VM Mutex/Monitor currently owned by a thread: None

Heap address: 0x0000000080000000, size: 2048 MB, Compressed Oops mode: 32-bit

CDS archive(s) mapped at: [0x000001add9000000-0x000001add9ba0000-0x000001add9ba0000), size 12189696, SharedBaseAddress: 0x000001add9000000, ArchiveRelocationMode: 1.
Compressed class space mapped at: 0x000001adda000000-0x000001ae1a000000, reserved size: 1073741824
Narrow klass base: 0x000001add9000000, Narrow klass shift: 0, Narrow klass range: 0x100000000

GC Precious Log:
 CardTable entry size: 512
 Card Set container configuration: InlinePtr #cards 5 size 8 Array Of Cards #cards 12 size 40 Howl #buckets 4 coarsen threshold 1843 Howl Bitmap #cards 512 size 80 coarsen threshold 460 Card regions per heap region 1 cards per card region 2048
 CPUs: 8 total, 8 available
 Memory: 15647M
 Large Page Support: Disabled
 NUMA Support: Disabled
 Compressed Oops: Enabled (32-bit)
 Heap Region Size: 1M
 Heap Min Capacity: 8M
 Heap Initial Capacity: 246M
 Heap Max Capacity: 2G
 Pre-touch: Disabled
 Parallel Workers: 8
 Concurrent Workers: 2
 Concurrent Refinement Workers: 8
 Periodic GC: Disabled

Heap:
 garbage-first heap   total 150528K, used 124989K [0x0000000080000000, 0x0000000100000000)
  region size 1024K, 40 young (40960K), 4 survivors (4096K)
 Metaspace       used 80914K, committed 82880K, reserved 1179648K
  class space    used 11545K, committed 12480K, reserved 1048576K

Heap Regions: E=young(eden), S=young(survivor), O=old, HS=humongous(starts), HC=humongous(continues), CS=collection set, F=free, TAMS=top-at-mark-start, PB=parsable bottom
|   0|0x0000000080000000, 0x0000000080100000, 0x0000000080100000|100%|HS|  |TAMS 0x0000000080000000| PB 0x0000000080000000| Complete 
|   1|0x0000000080100000, 0x0000000080200000, 0x0000000080200000|100%|HC|  |TAMS 0x0000000080100000| PB 0x0000000080100000| Complete 
|   2|0x0000000080200000, 0x0000000080300000, 0x0000000080300000|100%|HC|  |TAMS 0x0000000080200000| PB 0x0000000080200000| Complete 
|   3|0x0000000080300000, 0x0000000080400000, 0x0000000080400000|100%|HC|  |TAMS 0x0000000080300000| PB 0x0000000080300000| Complete 
|   4|0x0000000080400000, 0x0000000080500000, 0x0000000080500000|100%| O|  |TAMS 0x0000000080400000| PB 0x0000000080400000| Untracked 
|   5|0x0000000080500000, 0x0000000080600000, 0x0000000080600000|100%| O|  |TAMS 0x0000000080500000| PB 0x0000000080500000| Untracked 
|   6|0x0000000080600000, 0x0000000080700000, 0x0000000080700000|100%| O|  |TAMS 0x0000000080600000| PB 0x0000000080600000| Untracked 
|   7|0x0000000080700000, 0x0000000080800000, 0x0000000080800000|100%| O|  |TAMS 0x0000000080700000| PB 0x0000000080700000| Untracked 
|   8|0x0000000080800000, 0x0000000080900000, 0x0000000080900000|100%| O|  |TAMS 0x0000000080800000| PB 0x0000000080800000| Untracked 
|   9|0x0000000080900000, 0x0000000080a00000, 0x0000000080a00000|100%| O|  |TAMS 0x0000000080900000| PB 0x0000000080900000| Untracked 
|  10|0x0000000080a00000, 0x0000000080b00000, 0x0000000080b00000|100%| O|  |TAMS 0x0000000080a00000| PB 0x0000000080a00000| Untracked 
|  11|0x0000000080b00000, 0x0000000080c00000, 0x0000000080c00000|100%| O|  |TAMS 0x0000000080b00000| PB 0x0000000080b00000| Untracked 
|  12|0x0000000080c00000, 0x0000000080d00000, 0x0000000080d00000|100%| O|  |TAMS 0x0000000080c00000| PB 0x0000000080c00000| Untracked 
|  13|0x0000000080d00000, 0x0000000080e00000, 0x0000000080e00000|100%| O|  |TAMS 0x0000000080d00000| PB 0x0000000080d00000| Untracked 
|  14|0x0000000080e00000, 0x0000000080f00000, 0x0000000080f00000|100%| O|  |TAMS 0x0000000080e00000| PB 0x0000000080e00000| Untracked 
|  15|0x0000000080f00000, 0x0000000081000000, 0x0000000081000000|100%| O|  |TAMS 0x0000000080f00000| PB 0x0000000080f00000| Untracked 
|  16|0x0000000081000000, 0x0000000081100000, 0x0000000081100000|100%| O|  |TAMS 0x0000000081000000| PB 0x0000000081000000| Untracked 
|  17|0x0000000081100000, 0x0000000081200000, 0x0000000081200000|100%| O|  |TAMS 0x0000000081100000| PB 0x0000000081100000| Untracked 
|  18|0x0000000081200000, 0x0000000081300000, 0x0000000081300000|100%| O|  |TAMS 0x0000000081200000| PB 0x0000000081200000| Untracked 
|  19|0x0000000081300000, 0x0000000081400000, 0x0000000081400000|100%| O|  |TAMS 0x0000000081300000| PB 0x0000000081300000| Untracked 
|  20|0x0000000081400000, 0x0000000081500000, 0x0000000081500000|100%| O|  |TAMS 0x0000000081400000| PB 0x0000000081400000| Untracked 
|  21|0x0000000081500000, 0x0000000081600000, 0x0000000081600000|100%| O|  |TAMS 0x0000000081500000| PB 0x0000000081500000| Untracked 
|  22|0x0000000081600000, 0x0000000081700000, 0x0000000081700000|100%| O|  |TAMS 0x0000000081600000| PB 0x0000000081600000| Untracked 
|  23|0x0000000081700000, 0x0000000081800000, 0x0000000081800000|100%| O|  |TAMS 0x0000000081700000| PB 0x0000000081700000| Untracked 
|  24|0x0000000081800000, 0x0000000081900000, 0x0000000081900000|100%| O|  |TAMS 0x0000000081800000| PB 0x0000000081800000| Untracked 
|  25|0x0000000081900000, 0x0000000081a00000, 0x0000000081a00000|100%| O|  |TAMS 0x0000000081900000| PB 0x0000000081900000| Untracked 
|  26|0x0000000081a00000, 0x0000000081b00000, 0x0000000081b00000|100%| O|  |TAMS 0x0000000081a00000| PB 0x0000000081a00000| Untracked 
|  27|0x0000000081b00000, 0x0000000081c00000, 0x0000000081c00000|100%| O|  |TAMS 0x0000000081b00000| PB 0x0000000081b00000| Untracked 
|  28|0x0000000081c00000, 0x0000000081d00000, 0x0000000081d00000|100%| O|  |TAMS 0x0000000081c00000| PB 0x0000000081c00000| Untracked 
|  29|0x0000000081d00000, 0x0000000081e00000, 0x0000000081e00000|100%| O|  |TAMS 0x0000000081d00000| PB 0x0000000081d00000| Untracked 
|  30|0x0000000081e00000, 0x0000000081f00000, 0x0000000081f00000|100%| O|  |TAMS 0x0000000081e00000| PB 0x0000000081e00000| Untracked 
|  31|0x0000000081f00000, 0x0000000082000000, 0x0000000082000000|100%| O|  |TAMS 0x0000000081f00000| PB 0x0000000081f00000| Untracked 
|  32|0x0000000082000000, 0x0000000082100000, 0x0000000082100000|100%| O|  |TAMS 0x0000000082000000| PB 0x0000000082000000| Untracked 
|  33|0x0000000082100000, 0x0000000082200000, 0x0000000082200000|100%|HS|  |TAMS 0x0000000082100000| PB 0x0000000082100000| Complete 
|  34|0x0000000082200000, 0x0000000082300000, 0x0000000082300000|100%|HC|  |TAMS 0x0000000082200000| PB 0x0000000082200000| Complete 
|  35|0x0000000082300000, 0x0000000082400000, 0x0000000082400000|100%|HS|  |TAMS 0x0000000082300000| PB 0x0000000082300000| Complete 
|  36|0x0000000082400000, 0x0000000082500000, 0x0000000082500000|100%|HC|  |TAMS 0x0000000082400000| PB 0x0000000082400000| Complete 
|  37|0x0000000082500000, 0x0000000082600000, 0x0000000082600000|100%|HS|  |TAMS 0x0000000082500000| PB 0x0000000082500000| Complete 
|  38|0x0000000082600000, 0x0000000082700000, 0x0000000082700000|100%|HS|  |TAMS 0x0000000082600000| PB 0x0000000082600000| Complete 
|  39|0x0000000082700000, 0x0000000082800000, 0x0000000082800000|100%| O|  |TAMS 0x0000000082700000| PB 0x0000000082700000| Untracked 
|  40|0x0000000082800000, 0x0000000082900000, 0x0000000082900000|100%|HS|  |TAMS 0x0000000082800000| PB 0x0000000082800000| Complete 
|  41|0x0000000082900000, 0x0000000082a00000, 0x0000000082a00000|100%|HS|  |TAMS 0x0000000082900000| PB 0x0000000082900000| Complete 
|  42|0x0000000082a00000, 0x0000000082b00000, 0x0000000082b00000|100%| O|  |TAMS 0x0000000082a00000| PB 0x0000000082a00000| Untracked 
|  43|0x0000000082b00000, 0x0000000082c00000, 0x0000000082c00000|100%| O|  |TAMS 0x0000000082b00000| PB 0x0000000082b00000| Untracked 
|  44|0x0000000082c00000, 0x0000000082d00000, 0x0000000082d00000|100%| O|  |TAMS 0x0000000082c00000| PB 0x0000000082c00000| Untracked 
|  45|0x0000000082d00000, 0x0000000082e00000, 0x0000000082e00000|100%| O|Cm|TAMS 0x0000000082d00000| PB 0x0000000082d00000| Complete 
|  46|0x0000000082e00000, 0x0000000082f00000, 0x0000000082f00000|100%| O|Cm|TAMS 0x0000000082e00000| PB 0x0000000082e00000| Complete 
|  47|0x0000000082f00000, 0x0000000083000000, 0x0000000083000000|100%| O|  |TAMS 0x0000000082f00000| PB 0x0000000082f00000| Untracked 
|  48|0x0000000083000000, 0x0000000083100000, 0x0000000083100000|100%|HS|  |TAMS 0x0000000083000000| PB 0x0000000083000000| Complete 
|  49|0x0000000083100000, 0x0000000083200000, 0x0000000083200000|100%|HC|  |TAMS 0x0000000083100000| PB 0x0000000083100000| Complete 
|  50|0x0000000083200000, 0x0000000083300000, 0x0000000083300000|100%|HC|  |TAMS 0x0000000083200000| PB 0x0000000083200000| Complete 
|  51|0x0000000083300000, 0x0000000083400000, 0x0000000083400000|100%|HC|  |TAMS 0x0000000083300000| PB 0x0000000083300000| Complete 
|  52|0x0000000083400000, 0x0000000083500000, 0x0000000083500000|100%|HS|  |TAMS 0x0000000083400000| PB 0x0000000083400000| Complete 
|  53|0x0000000083500000, 0x0000000083600000, 0x0000000083600000|100%|HS|  |TAMS 0x0000000083500000| PB 0x0000000083500000| Complete 
|  54|0x0000000083600000, 0x0000000083700000, 0x0000000083700000|100%| O|  |TAMS 0x0000000083600000| PB 0x0000000083600000| Untracked 
|  55|0x0000000083700000, 0x0000000083800000, 0x0000000083800000|100%| O|  |TAMS 0x0000000083700000| PB 0x0000000083700000| Untracked 
|  56|0x0000000083800000, 0x0000000083900000, 0x0000000083900000|100%| O|  |TAMS 0x0000000083800000| PB 0x0000000083800000| Untracked 
|  57|0x0000000083900000, 0x0000000083a00000, 0x0000000083a00000|100%| O|  |TAMS 0x0000000083900000| PB 0x0000000083900000| Untracked 
|  58|0x0000000083a00000, 0x0000000083b00000, 0x0000000083b00000|100%| O|  |TAMS 0x0000000083a00000| PB 0x0000000083a00000| Untracked 
|  59|0x0000000083b00000, 0x0000000083c00000, 0x0000000083c00000|100%| O|  |TAMS 0x0000000083b00000| PB 0x0000000083b00000| Untracked 
|  60|0x0000000083c00000, 0x0000000083d00000, 0x0000000083d00000|100%| O|  |TAMS 0x0000000083c00000| PB 0x0000000083c00000| Untracked 
|  61|0x0000000083d00000, 0x0000000083e00000, 0x0000000083e00000|100%| O|  |TAMS 0x0000000083d00000| PB 0x0000000083d00000| Untracked 
|  62|0x0000000083e00000, 0x0000000083f00000, 0x0000000083f00000|100%|HS|  |TAMS 0x0000000083e00000| PB 0x0000000083e00000| Complete 
|  63|0x0000000083f00000, 0x0000000084000000, 0x0000000084000000|100%| O|Cm|TAMS 0x0000000083f00000| PB 0x0000000083f00000| Complete 
|  64|0x0000000084000000, 0x0000000084100000, 0x0000000084100000|100%|HS|  |TAMS 0x0000000084000000| PB 0x0000000084000000| Complete 
|  65|0x0000000084100000, 0x0000000084200000, 0x0000000084200000|100%|HC|  |TAMS 0x0000000084100000| PB 0x0000000084100000| Complete 
|  66|0x0000000084200000, 0x0000000084300000, 0x0000000084300000|100%|HC|  |TAMS 0x0000000084200000| PB 0x0000000084200000| Complete 
|  67|0x0000000084300000, 0x0000000084400000, 0x0000000084400000|100%|HC|  |TAMS 0x0000000084300000| PB 0x0000000084300000| Complete 
|  68|0x0000000084400000, 0x0000000084500000, 0x0000000084500000|100%| O|  |TAMS 0x0000000084400000| PB 0x0000000084400000| Untracked 
|  69|0x0000000084500000, 0x0000000084600000, 0x0000000084600000|100%| O|  |TAMS 0x0000000084500000| PB 0x0000000084500000| Untracked 
|  70|0x0000000084600000, 0x0000000084700000, 0x0000000084700000|100%| O|  |TAMS 0x0000000084600000| PB 0x0000000084600000| Untracked 
|  71|0x0000000084700000, 0x0000000084800000, 0x0000000084800000|100%| O|  |TAMS 0x0000000084700000| PB 0x0000000084700000| Untracked 
|  72|0x0000000084800000, 0x0000000084900000, 0x0000000084900000|100%| O|  |TAMS 0x0000000084800000| PB 0x0000000084800000| Untracked 
|  73|0x0000000084900000, 0x0000000084a00000, 0x0000000084a00000|100%| O|  |TAMS 0x0000000084900000| PB 0x0000000084900000| Untracked 
|  74|0x0000000084a00000, 0x0000000084b00000, 0x0000000084b00000|100%| O|  |TAMS 0x0000000084a00000| PB 0x0000000084a00000| Untracked 
|  75|0x0000000084b00000, 0x0000000084c00000, 0x0000000084c00000|100%| O|  |TAMS 0x0000000084b00000| PB 0x0000000084b00000| Untracked 
|  76|0x0000000084c00000, 0x0000000084d00000, 0x0000000084d00000|100%| O|  |TAMS 0x0000000084c00000| PB 0x0000000084c00000| Untracked 
|  77|0x0000000084d00000, 0x0000000084d00000, 0x0000000084e00000|  0%| F|  |TAMS 0x0000000084d00000| PB 0x0000000084d00000| Untracked 
|  78|0x0000000084e00000, 0x0000000084e00000, 0x0000000084f00000|  0%| F|  |TAMS 0x0000000084e00000| PB 0x0000000084e00000| Untracked 
|  79|0x0000000084f00000, 0x0000000084f00000, 0x0000000085000000|  0%| F|  |TAMS 0x0000000084f00000| PB 0x0000000084f00000| Untracked 
|  80|0x0000000085000000, 0x0000000085000000, 0x0000000085100000|  0%| F|  |TAMS 0x0000000085000000| PB 0x0000000085000000| Untracked 
|  81|0x0000000085100000, 0x0000000085100000, 0x0000000085200000|  0%| F|  |TAMS 0x0000000085100000| PB 0x0000000085100000| Untracked 
|  82|0x0000000085200000, 0x00000000852badf0, 0x0000000085300000| 72%| O|  |TAMS 0x0000000085200000| PB 0x0000000085200000| Untracked 
|  83|0x0000000085300000, 0x0000000085300000, 0x0000000085400000|  0%| F|  |TAMS 0x0000000085300000| PB 0x0000000085300000| Untracked 
|  84|0x0000000085400000, 0x0000000085400000, 0x0000000085500000|  0%| F|  |TAMS 0x0000000085400000| PB 0x0000000085400000| Untracked 
|  85|0x0000000085500000, 0x0000000085500000, 0x0000000085600000|  0%| F|  |TAMS 0x0000000085500000| PB 0x0000000085500000| Untracked 
|  86|0x0000000085600000, 0x0000000085600000, 0x0000000085700000|  0%| F|  |TAMS 0x0000000085600000| PB 0x0000000085600000| Untracked 
|  87|0x0000000085700000, 0x0000000085700000, 0x0000000085800000|  0%| F|  |TAMS 0x0000000085700000| PB 0x0000000085700000| Untracked 
|  88|0x0000000085800000, 0x0000000085800000, 0x0000000085900000|  0%| F|  |TAMS 0x0000000085800000| PB 0x0000000085800000| Untracked 
|  89|0x0000000085900000, 0x0000000085900000, 0x0000000085a00000|  0%| F|  |TAMS 0x0000000085900000| PB 0x0000000085900000| Untracked 
|  90|0x0000000085a00000, 0x0000000085a00000, 0x0000000085b00000|  0%| F|  |TAMS 0x0000000085a00000| PB 0x0000000085a00000| Untracked 
|  91|0x0000000085b00000, 0x0000000085b00000, 0x0000000085c00000|  0%| F|  |TAMS 0x0000000085b00000| PB 0x0000000085b00000| Untracked 
|  92|0x0000000085c00000, 0x0000000085c00000, 0x0000000085d00000|  0%| F|  |TAMS 0x0000000085c00000| PB 0x0000000085c00000| Untracked 
|  93|0x0000000085d00000, 0x0000000085d54930, 0x0000000085e00000| 33%| S|CS|TAMS 0x0000000085d00000| PB 0x0000000085d00000| Complete 
|  94|0x0000000085e00000, 0x0000000085f00000, 0x0000000085f00000|100%| S|CS|TAMS 0x0000000085e00000| PB 0x0000000085e00000| Complete 
|  95|0x0000000085f00000, 0x0000000086000000, 0x0000000086000000|100%| S|CS|TAMS 0x0000000085f00000| PB 0x0000000085f00000| Complete 
|  96|0x0000000086000000, 0x0000000086100000, 0x0000000086100000|100%| S|CS|TAMS 0x0000000086000000| PB 0x0000000086000000| Complete 
|  97|0x0000000086100000, 0x0000000086100000, 0x0000000086200000|  0%| F|  |TAMS 0x0000000086100000| PB 0x0000000086100000| Untracked 
|  98|0x0000000086200000, 0x0000000086200000, 0x0000000086300000|  0%| F|  |TAMS 0x0000000086200000| PB 0x0000000086200000| Untracked 
|  99|0x0000000086300000, 0x0000000086300000, 0x0000000086400000|  0%| F|  |TAMS 0x0000000086300000| PB 0x0000000086300000| Untracked 
| 100|0x0000000086400000, 0x0000000086400000, 0x0000000086500000|  0%| F|  |TAMS 0x0000000086400000| PB 0x0000000086400000| Untracked 
| 101|0x0000000086500000, 0x0000000086500000, 0x0000000086600000|  0%| F|  |TAMS 0x0000000086500000| PB 0x0000000086500000| Untracked 
| 102|0x0000000086600000, 0x0000000086600000, 0x0000000086700000|  0%| F|  |TAMS 0x0000000086600000| PB 0x0000000086600000| Untracked 
| 103|0x0000000086700000, 0x0000000086700000, 0x0000000086800000|  0%| F|  |TAMS 0x0000000086700000| PB 0x0000000086700000| Untracked 
| 104|0x0000000086800000, 0x0000000086800000, 0x0000000086900000|  0%| F|  |TAMS 0x0000000086800000| PB 0x0000000086800000| Untracked 
| 105|0x0000000086900000, 0x0000000086980000, 0x0000000086a00000| 50%| E|  |TAMS 0x0000000086900000| PB 0x0000000086900000| Complete 
| 106|0x0000000086a00000, 0x0000000086b00000, 0x0000000086b00000|100%| E|CS|TAMS 0x0000000086a00000| PB 0x0000000086a00000| Complete 
| 107|0x0000000086b00000, 0x0000000086c00000, 0x0000000086c00000|100%| E|CS|TAMS 0x0000000086b00000| PB 0x0000000086b00000| Complete 
| 108|0x0000000086c00000, 0x0000000086d00000, 0x0000000086d00000|100%| E|CS|TAMS 0x0000000086c00000| PB 0x0000000086c00000| Complete 
| 109|0x0000000086d00000, 0x0000000086e00000, 0x0000000086e00000|100%| E|CS|TAMS 0x0000000086d00000| PB 0x0000000086d00000| Complete 
| 110|0x0000000086e00000, 0x0000000086f00000, 0x0000000086f00000|100%| E|CS|TAMS 0x0000000086e00000| PB 0x0000000086e00000| Complete 
| 111|0x0000000086f00000, 0x0000000087000000, 0x0000000087000000|100%| E|CS|TAMS 0x0000000086f00000| PB 0x0000000086f00000| Complete 
| 112|0x0000000087000000, 0x0000000087100000, 0x0000000087100000|100%| E|CS|TAMS 0x0000000087000000| PB 0x0000000087000000| Complete 
| 113|0x0000000087100000, 0x0000000087200000, 0x0000000087200000|100%| E|CS|TAMS 0x0000000087100000| PB 0x0000000087100000| Complete 
| 114|0x0000000087200000, 0x0000000087300000, 0x0000000087300000|100%| E|CS|TAMS 0x0000000087200000| PB 0x0000000087200000| Complete 
| 115|0x0000000087300000, 0x0000000087400000, 0x0000000087400000|100%| E|CS|TAMS 0x0000000087300000| PB 0x0000000087300000| Complete 
| 116|0x0000000087400000, 0x0000000087500000, 0x0000000087500000|100%| E|CS|TAMS 0x0000000087400000| PB 0x0000000087400000| Complete 
| 117|0x0000000087500000, 0x0000000087600000, 0x0000000087600000|100%| E|CS|TAMS 0x0000000087500000| PB 0x0000000087500000| Complete 
| 118|0x0000000087600000, 0x0000000087700000, 0x0000000087700000|100%| E|CS|TAMS 0x0000000087600000| PB 0x0000000087600000| Complete 
| 119|0x0000000087700000, 0x0000000087800000, 0x0000000087800000|100%| E|CS|TAMS 0x0000000087700000| PB 0x0000000087700000| Complete 
| 120|0x0000000087800000, 0x0000000087900000, 0x0000000087900000|100%| E|CS|TAMS 0x0000000087800000| PB 0x0000000087800000| Complete 
| 121|0x0000000087900000, 0x0000000087a00000, 0x0000000087a00000|100%| E|CS|TAMS 0x0000000087900000| PB 0x0000000087900000| Complete 
| 122|0x0000000087a00000, 0x0000000087b00000, 0x0000000087b00000|100%| E|CS|TAMS 0x0000000087a00000| PB 0x0000000087a00000| Complete 
| 126|0x0000000087e00000, 0x0000000087f00000, 0x0000000087f00000|100%| E|CS|TAMS 0x0000000087e00000| PB 0x0000000087e00000| Complete 
| 127|0x0000000087f00000, 0x0000000088000000, 0x0000000088000000|100%| E|CS|TAMS 0x0000000087f00000| PB 0x0000000087f00000| Complete 
| 128|0x0000000088000000, 0x0000000088100000, 0x0000000088100000|100%| E|CS|TAMS 0x0000000088000000| PB 0x0000000088000000| Complete 
| 129|0x0000000088100000, 0x0000000088200000, 0x0000000088200000|100%| E|CS|TAMS 0x0000000088100000| PB 0x0000000088100000| Complete 
| 130|0x0000000088200000, 0x0000000088300000, 0x0000000088300000|100%| E|CS|TAMS 0x0000000088200000| PB 0x0000000088200000| Complete 
| 131|0x0000000088300000, 0x0000000088400000, 0x0000000088400000|100%| E|CS|TAMS 0x0000000088300000| PB 0x0000000088300000| Complete 
| 132|0x0000000088400000, 0x0000000088500000, 0x0000000088500000|100%| E|CS|TAMS 0x0000000088400000| PB 0x0000000088400000| Complete 
| 133|0x0000000088500000, 0x0000000088600000, 0x0000000088600000|100%| E|CS|TAMS 0x0000000088500000| PB 0x0000000088500000| Complete 
| 134|0x0000000088600000, 0x0000000088700000, 0x0000000088700000|100%| E|CS|TAMS 0x0000000088600000| PB 0x0000000088600000| Complete 
| 135|0x0000000088700000, 0x0000000088800000, 0x0000000088800000|100%| E|CS|TAMS 0x0000000088700000| PB 0x0000000088700000| Complete 
| 136|0x0000000088800000, 0x0000000088900000, 0x0000000088900000|100%| E|CS|TAMS 0x0000000088800000| PB 0x0000000088800000| Complete 
| 137|0x0000000088900000, 0x0000000088a00000, 0x0000000088a00000|100%| E|CS|TAMS 0x0000000088900000| PB 0x0000000088900000| Complete 
| 138|0x0000000088a00000, 0x0000000088b00000, 0x0000000088b00000|100%| E|CS|TAMS 0x0000000088a00000| PB 0x0000000088a00000| Complete 
| 245|0x000000008f500000, 0x000000008f600000, 0x000000008f600000|100%| E|CS|TAMS 0x000000008f500000| PB 0x000000008f500000| Complete 
|2038|0x00000000ff600000, 0x00000000ff700000, 0x00000000ff700000|100%| O|  |TAMS 0x00000000ff600000| PB 0x00000000ff600000| Untracked 
|2039|0x00000000ff700000, 0x00000000ff800000, 0x00000000ff800000|100%| O|  |TAMS 0x00000000ff700000| PB 0x00000000ff700000| Untracked 
|2040|0x00000000ff800000, 0x00000000ff900000, 0x00000000ff900000|100%| O|  |TAMS 0x00000000ff800000| PB 0x00000000ff800000| Untracked 
|2041|0x00000000ff900000, 0x00000000ffa00000, 0x00000000ffa00000|100%| O|  |TAMS 0x00000000ff900000| PB 0x00000000ff900000| Untracked 
|2042|0x00000000ffa00000, 0x00000000ffb00000, 0x00000000ffb00000|100%| E|CS|TAMS 0x00000000ffa00000| PB 0x00000000ffa00000| Complete 
|2043|0x00000000ffb00000, 0x00000000ffc00000, 0x00000000ffc00000|100%| O|  |TAMS 0x00000000ffb00000| PB 0x00000000ffb00000| Untracked 
|2044|0x00000000ffc00000, 0x00000000ffd00000, 0x00000000ffd00000|100%| O|  |TAMS 0x00000000ffc00000| PB 0x00000000ffc00000| Untracked 
|2045|0x00000000ffd00000, 0x00000000ffe00000, 0x00000000ffe00000|100%| E|CS|TAMS 0x00000000ffd00000| PB 0x00000000ffd00000| Complete 
|2046|0x00000000ffe00000, 0x00000000fff00000, 0x00000000fff00000|100%| E|CS|TAMS 0x00000000ffe00000| PB 0x00000000ffe00000| Complete 
|2047|0x00000000fff00000, 0x0000000100000000, 0x0000000100000000|100%| E|CS|TAMS 0x00000000fff00000| PB 0x00000000fff00000| Complete 

Card table byte_map: [0x000001add3770000,0x000001add3b70000] _byte_map_base: 0x000001add3370000

Marking Bits: (CMBitMap*) 0x000001adc0e99480
 Bits: [0x000001add3b70000, 0x000001add5b70000)

Polling page: 0x000001adbec80000

Metaspace:

Usage:
  Non-class:     67.75 MB used.
      Class:     11.28 MB used.
       Both:     79.03 MB used.

Virtual space:
  Non-class space:      128.00 MB reserved,      68.75 MB ( 54%) committed,  2 nodes.
      Class space:        1.00 GB reserved,      12.25 MB (  1%) committed,  1 nodes.
             Both:        1.12 GB reserved,      81.00 MB (  7%) committed. 

Chunk freelists:
   Non-Class:  11.17 MB
       Class:  3.61 MB
        Both:  14.78 MB

MaxMetaspaceSize: unlimited
CompressedClassSpaceSize: 1.00 GB
Initial GC threshold: 21.00 MB
Current GC threshold: 125.12 MB
CDS: on
 - commit_granule_bytes: 65536.
 - commit_granule_words: 8192.
 - virtual_space_node_default_size: 8388608.
 - enlarge_chunks_in_place: 1.
 - use_allocation_guard: 0.


Internal statistics:

num_allocs_failed_limit: 6.
num_arena_births: 3614.
num_arena_deaths: 0.
num_vsnodes_births: 3.
num_vsnodes_deaths: 0.
num_space_committed: 1296.
num_space_uncommitted: 0.
num_chunks_returned_to_freelist: 6.
num_chunks_taken_from_freelist: 7262.
num_chunk_merges: 6.
num_chunk_splits: 4801.
num_chunks_enlarged: 3046.
num_inconsistent_stats: 0.

CodeHeap 'non-profiled nmethods': size=120000Kb used=4737Kb max_used=4737Kb free=115263Kb
 bounds [0x000001adcbb10000, 0x000001adcbfc0000, 0x000001add3040000]
CodeHeap 'profiled nmethods': size=120000Kb used=15130Kb max_used=15130Kb free=104869Kb
 bounds [0x000001adc4040000, 0x000001adc4f10000, 0x000001adcb570000]
CodeHeap 'non-nmethods': size=5760Kb used=1967Kb max_used=1985Kb free=3792Kb
 bounds [0x000001adcb570000, 0x000001adcb7e0000, 0x000001adcbb10000]
CodeCache: size=245760Kb, used=21834Kb, max_used=21852Kb, free=223924Kb
 total_blobs=9088, nmethods=8256, adapters=734, full_count=0
Compilation: enabled, stopped_count=0, restarted_count=0

Compilation events (20 events):
Event: 19.688 Thread 0x000001add8642ab0 9630       3       org.gradle.internal.instantiation.generator.AsmBackedClassGenerator$ClassBuilderImpl$40::<init> (169 bytes)
Event: 19.690 Thread 0x000001add8642ab0 nmethod 9630 0x000001adc4efe510 code [0x000001adc4efe880, 0x000001adc4f00060]
Event: 19.690 Thread 0x000001add8642ab0 9633       3       org.gradle.util.internal.CollectionUtils::collectArray (49 bytes)
Event: 19.691 Thread 0x000001add8642ab0 nmethod 9633 0x000001adc4f00890 code [0x000001adc4f00a60, 0x000001adc4f00eb0]
Event: 19.691 Thread 0x000001add8642ab0 9628       3       org.gradle.internal.instantiation.generator.AsmBackedClassGenerator$ClassBuilderImpl$$Lambda/0x000001adda1db710::emit (29 bytes)
Event: 19.691 Thread 0x000001add8642ab0 nmethod 9628 0x000001adc4f01090 code [0x000001adc4f01240, 0x000001adc4f013a0]
Event: 19.691 Thread 0x000001add8642ab0 9629       3       org.gradle.internal.instantiation.generator.AsmBackedClassGenerator$ClassBuilderImpl::lambda$addActionMethod$39 (19 bytes)
Event: 19.691 Thread 0x000001add8642ab0 nmethod 9629 0x000001adc4f01490 code [0x000001adc4f01640, 0x000001adc4f01828]
Event: 19.691 Thread 0x000001add8642ab0 9631       3       org.gradle.internal.instantiation.generator.AsmBackedClassGenerator$ClassBuilderImpl::access$3000 (4 bytes)
Event: 19.691 Thread 0x000001add8642ab0 nmethod 9631 0x000001adc4bb3790 code [0x000001adc4bb3920, 0x000001adc4bb3a18]
Event: 19.691 Thread 0x000001add8642ab0 9632       3       org.gradle.internal.instantiation.generator.AsmBackedClassGenerator$ClassBuilderImpl::access$3100 (4 bytes)
Event: 19.691 Thread 0x000001add8642ab0 nmethod 9632 0x000001adc4ce3390 code [0x000001adc4ce3520, 0x000001adc4ce3618]
Event: 19.698 Thread 0x000001add8642ab0 9635       1       kotlin.reflect.jvm.internal.impl.descriptors.impl.LazyPackageViewDescriptorImpl::getFqName (5 bytes)
Event: 19.699 Thread 0x000001add8642ab0 nmethod 9635 0x000001adcbfafe10 code [0x000001adcbfaffa0, 0x000001adcbfb0068]
Event: 19.699 Thread 0x000001add8642ab0 9637       3       kotlin.reflect.jvm.internal.impl.name.ClassId::getPackageFqName (13 bytes)
Event: 19.699 Thread 0x000001add8642ab0 nmethod 9637 0x000001adc4f01910 code [0x000001adc4f01ac0, 0x000001adc4f01c40]
Event: 19.699 Thread 0x000001add8642ab0 9636       1       kotlin.reflect.jvm.internal.impl.descriptors.impl.LazyPackageViewDescriptorImpl::getModule (5 bytes)
Event: 19.699 Thread 0x000001add8642ab0 nmethod 9636 0x000001adcbfb0110 code [0x000001adcbfb02a0, 0x000001adcbfb0368]
Event: 19.831 Thread 0x000001add8642ab0 9638       3       javax.management.ObjectName::isPropertyListPattern (17 bytes)
Event: 19.831 Thread 0x000001add8642ab0 nmethod 9638 0x000001adc4f01d10 code [0x000001adc4f01ea0, 0x000001adc4f02008]

GC Heap History (20 events):
Event: 10.370 GC heap before
{Heap before GC invocations=18 (full 0):
 garbage-first heap   total 112640K, used 87312K [0x0000000080000000, 0x0000000100000000)
  region size 1024K, 22 young (22528K), 2 survivors (2048K)
 Metaspace       used 54071K, committed 55744K, reserved 1114112K
  class space    used 7679K, committed 8512K, reserved 1048576K
}
Event: 10.373 GC heap after
{Heap after GC invocations=19 (full 0):
 garbage-first heap   total 112640K, used 67517K [0x0000000080000000, 0x0000000100000000)
  region size 1024K, 2 young (2048K), 2 survivors (2048K)
 Metaspace       used 54071K, committed 55744K, reserved 1114112K
  class space    used 7679K, committed 8512K, reserved 1048576K
}
Event: 10.777 GC heap before
{Heap before GC invocations=19 (full 0):
 garbage-first heap   total 112640K, used 106429K [0x0000000080000000, 0x0000000100000000)
  region size 1024K, 36 young (36864K), 2 survivors (2048K)
 Metaspace       used 57360K, committed 59136K, reserved 1114112K
  class space    used 8167K, committed 9024K, reserved 1048576K
}
Event: 10.781 GC heap after
{Heap after GC invocations=20 (full 0):
 garbage-first heap   total 115712K, used 71929K [0x0000000080000000, 0x0000000100000000)
  region size 1024K, 5 young (5120K), 5 survivors (5120K)
 Metaspace       used 57360K, committed 59136K, reserved 1114112K
  class space    used 8167K, committed 9024K, reserved 1048576K
}
Event: 11.375 GC heap before
{Heap before GC invocations=20 (full 0):
 garbage-first heap   total 115712K, used 103673K [0x0000000080000000, 0x0000000100000000)
  region size 1024K, 36 young (36864K), 5 survivors (5120K)
 Metaspace       used 59866K, committed 61632K, reserved 1114112K
  class space    used 8501K, committed 9344K, reserved 1048576K
}
Event: 11.380 GC heap after
{Heap after GC invocations=21 (full 0):
 garbage-first heap   total 115712K, used 74248K [0x0000000080000000, 0x0000000100000000)
  region size 1024K, 2 young (2048K), 2 survivors (2048K)
 Metaspace       used 59866K, committed 61632K, reserved 1114112K
  class space    used 8501K, committed 9344K, reserved 1048576K
}
Event: 12.072 GC heap before
{Heap before GC invocations=22 (full 0):
 garbage-first heap   total 124928K, used 104968K [0x0000000080000000, 0x0000000100000000)
  region size 1024K, 32 young (32768K), 2 survivors (2048K)
 Metaspace       used 63348K, committed 65216K, reserved 1114112K
  class space    used 8950K, committed 9856K, reserved 1048576K
}
Event: 12.075 GC heap after
{Heap after GC invocations=23 (full 0):
 garbage-first heap   total 124928K, used 75674K [0x0000000080000000, 0x0000000100000000)
  region size 1024K, 4 young (4096K), 4 survivors (4096K)
 Metaspace       used 63348K, committed 65216K, reserved 1114112K
  class space    used 8950K, committed 9856K, reserved 1048576K
}
Event: 12.993 GC heap before
{Heap before GC invocations=23 (full 0):
 garbage-first heap   total 124928K, used 117658K [0x0000000080000000, 0x0000000100000000)
  region size 1024K, 41 young (41984K), 4 survivors (4096K)
 Metaspace       used 67576K, committed 69376K, reserved 1114112K
  class space    used 9561K, committed 10432K, reserved 1048576K
}
Event: 12.999 GC heap after
{Heap after GC invocations=24 (full 0):
 garbage-first heap   total 125952K, used 80685K [0x0000000080000000, 0x0000000100000000)
  region size 1024K, 4 young (4096K), 4 survivors (4096K)
 Metaspace       used 67576K, committed 69376K, reserved 1114112K
  class space    used 9561K, committed 10432K, reserved 1048576K
}
Event: 13.955 GC heap before
{Heap before GC invocations=24 (full 0):
 garbage-first heap   total 125952K, used 115501K [0x0000000080000000, 0x0000000100000000)
  region size 1024K, 38 young (38912K), 4 survivors (4096K)
 Metaspace       used 70485K, committed 72320K, reserved 1114112K
  class space    used 9928K, committed 10816K, reserved 1048576K
}
Event: 13.961 GC heap after
{Heap after GC invocations=25 (full 0):
 garbage-first heap   total 125952K, used 83358K [0x0000000080000000, 0x0000000100000000)
  region size 1024K, 5 young (5120K), 5 survivors (5120K)
 Metaspace       used 70485K, committed 72320K, reserved 1114112K
  class space    used 9928K, committed 10816K, reserved 1048576K
}
Event: 15.192 GC heap before
{Heap before GC invocations=26 (full 0):
 garbage-first heap   total 140288K, used 116126K [0x0000000080000000, 0x0000000100000000)
  region size 1024K, 38 young (38912K), 5 survivors (5120K)
 Metaspace       used 71424K, committed 73280K, reserved 1114112K
  class space    used 10046K, committed 10944K, reserved 1048576K
}
Event: 15.198 GC heap after
{Heap after GC invocations=27 (full 0):
 garbage-first heap   total 140288K, used 86726K [0x0000000080000000, 0x0000000100000000)
  region size 1024K, 5 young (5120K), 5 survivors (5120K)
 Metaspace       used 71424K, committed 73280K, reserved 1114112K
  class space    used 10046K, committed 10944K, reserved 1048576K
}
Event: 17.241 GC heap before
{Heap before GC invocations=27 (full 0):
 garbage-first heap   total 140288K, used 128710K [0x0000000080000000, 0x0000000100000000)
  region size 1024K, 46 young (47104K), 5 survivors (5120K)
 Metaspace       used 74793K, committed 76736K, reserved 1114112K
  class space    used 10506K, committed 11456K, reserved 1048576K
}
Event: 17.248 GC heap after
{Heap after GC invocations=28 (full 0):
 garbage-first heap   total 140288K, used 87468K [0x0000000080000000, 0x0000000100000000)
  region size 1024K, 5 young (5120K), 5 survivors (5120K)
 Metaspace       used 74793K, committed 76736K, reserved 1114112K
  class space    used 10506K, committed 11456K, reserved 1048576K
}
Event: 17.283 GC heap before
{Heap before GC invocations=28 (full 0):
 garbage-first heap   total 140288K, used 88492K [0x0000000080000000, 0x0000000100000000)
  region size 1024K, 7 young (7168K), 5 survivors (5120K)
 Metaspace       used 74868K, committed 76800K, reserved 1114112K
  class space    used 10515K, committed 11456K, reserved 1048576K
}
Event: 17.287 GC heap after
{Heap after GC invocations=29 (full 0):
 garbage-first heap   total 140288K, used 87894K [0x0000000080000000, 0x0000000100000000)
  region size 1024K, 3 young (3072K), 3 survivors (3072K)
 Metaspace       used 74868K, committed 76800K, reserved 1114112K
  class space    used 10515K, committed 11456K, reserved 1048576K
}
Event: 18.556 GC heap before
{Heap before GC invocations=30 (full 0):
 garbage-first heap   total 150528K, used 130902K [0x0000000080000000, 0x0000000100000000)
  region size 1024K, 44 young (45056K), 3 survivors (3072K)
 Metaspace       used 78219K, committed 80128K, reserved 1179648K
  class space    used 11141K, committed 12096K, reserved 1048576K
}
Event: 18.559 GC heap after
{Heap after GC invocations=31 (full 0):
 garbage-first heap   total 150528K, used 89149K [0x0000000080000000, 0x0000000100000000)
  region size 1024K, 4 young (4096K), 4 survivors (4096K)
 Metaspace       used 78219K, committed 80128K, reserved 1179648K
  class space    used 11141K, committed 12096K, reserved 1048576K
}

Dll operation events (14 events):
Event: 0.011 Loaded shared library C:\Users\farha\.antigravity\extensions\redhat.java-1.53.0-win32-x64\jre\21.0.10-win32-x86_64\bin\java.dll
Event: 0.059 Loaded shared library C:\Users\farha\.antigravity\extensions\redhat.java-1.53.0-win32-x64\jre\21.0.10-win32-x86_64\bin\zip.dll
Event: 0.075 Loaded shared library C:\Users\farha\.antigravity\extensions\redhat.java-1.53.0-win32-x64\jre\21.0.10-win32-x86_64\bin\instrument.dll
Event: 0.081 Loaded shared library C:\Users\farha\.antigravity\extensions\redhat.java-1.53.0-win32-x64\jre\21.0.10-win32-x86_64\bin\net.dll
Event: 0.083 Loaded shared library C:\Users\farha\.antigravity\extensions\redhat.java-1.53.0-win32-x64\jre\21.0.10-win32-x86_64\bin\nio.dll
Event: 0.088 Loaded shared library C:\Users\farha\.antigravity\extensions\redhat.java-1.53.0-win32-x64\jre\21.0.10-win32-x86_64\bin\zip.dll
Event: 0.255 Loaded shared library C:\Users\farha\.antigravity\extensions\redhat.java-1.53.0-win32-x64\jre\21.0.10-win32-x86_64\bin\jimage.dll
Event: 0.325 Loaded shared library C:\Users\farha\.antigravity\extensions\redhat.java-1.53.0-win32-x64\jre\21.0.10-win32-x86_64\bin\verify.dll
Event: 0.556 Loaded shared library D:\Apps\Dev\.gradle\native\c067742578af261105cb4f569cf0c3c89f3d7b1fecec35dd04571415982c5e48\windows-amd64\native-platform.dll
Event: 0.561 Loaded shared library D:\Apps\Dev\.gradle\native\38dada09dfb8b06ba9b0570ebf7e218e3eb74d4ef43ca46872605cf95ebc2f47\windows-amd64\native-platform-file-events.dll
Event: 1.787 Loaded shared library C:\Users\farha\.antigravity\extensions\redhat.java-1.53.0-win32-x64\jre\21.0.10-win32-x86_64\bin\management.dll
Event: 1.790 Loaded shared library C:\Users\farha\.antigravity\extensions\redhat.java-1.53.0-win32-x64\jre\21.0.10-win32-x86_64\bin\management_ext.dll
Event: 1.961 Loaded shared library C:\Users\farha\.antigravity\extensions\redhat.java-1.53.0-win32-x64\jre\21.0.10-win32-x86_64\bin\extnet.dll
Event: 2.097 Loaded shared library C:\Users\farha\.antigravity\extensions\redhat.java-1.53.0-win32-x64\jre\21.0.10-win32-x86_64\bin\sunmscapi.dll

Deoptimization events (20 events):
Event: 18.614 Thread 0x000001ae1fa421b0 DEOPT PACKING pc=0x000001adcbf26c14 sp=0x00000086e43f8960
Event: 18.614 Thread 0x000001ae1fa421b0 DEOPT UNPACKING pc=0x000001adcb5c4422 sp=0x00000086e43f8910 mode 2
Event: 18.615 Thread 0x000001ae1fa421b0 Uncommon trap: trap_request=0xffffffde fr.pc=0x000001adcbf26c14 relative=0x0000000000000074
Event: 18.615 Thread 0x000001ae1fa421b0 Uncommon trap: reason=class_check action=maybe_recompile pc=0x000001adcbf26c14 method=java.lang.invoke.Invokers$Holder.linkToTargetMethod(Ljava/lang/Object;Ljava/lang/Object;Ljava/lang/Object;Ljava/lang/Object;)Ljava/lang/Object; @ 1 c2
Event: 18.615 Thread 0x000001ae1fa421b0 DEOPT PACKING pc=0x000001adcbf26c14 sp=0x00000086e43f8960
Event: 18.615 Thread 0x000001ae1fa421b0 DEOPT UNPACKING pc=0x000001adcb5c4422 sp=0x00000086e43f8910 mode 2
Event: 18.616 Thread 0x000001ae1fa421b0 Uncommon trap: trap_request=0xffffffde fr.pc=0x000001adcbf26c14 relative=0x0000000000000074
Event: 18.616 Thread 0x000001ae1fa421b0 Uncommon trap: reason=class_check action=maybe_recompile pc=0x000001adcbf26c14 method=java.lang.invoke.Invokers$Holder.linkToTargetMethod(Ljava/lang/Object;Ljava/lang/Object;Ljava/lang/Object;Ljava/lang/Object;)Ljava/lang/Object; @ 1 c2
Event: 18.616 Thread 0x000001ae1fa421b0 DEOPT PACKING pc=0x000001adcbf26c14 sp=0x00000086e43f8960
Event: 18.616 Thread 0x000001ae1fa421b0 DEOPT UNPACKING pc=0x000001adcb5c4422 sp=0x00000086e43f8910 mode 2
Event: 19.032 Thread 0x000001ae1fa421b0 Uncommon trap: trap_request=0xffffff45 fr.pc=0x000001adcbe52884 relative=0x00000000000002a4
Event: 19.033 Thread 0x000001ae1fa421b0 Uncommon trap: reason=unstable_if action=reinterpret pc=0x000001adcbe52884 method=java.io.WinNTFileSystem.prefixLength(Ljava/lang/String;)I @ 11 c2
Event: 19.033 Thread 0x000001ae1fa421b0 DEOPT PACKING pc=0x000001adcbe52884 sp=0x00000086e43f8890
Event: 19.033 Thread 0x000001ae1fa421b0 DEOPT UNPACKING pc=0x000001adcb5c4422 sp=0x00000086e43f8820 mode 2
Event: 19.255 Thread 0x000001ae1fa421b0 Uncommon trap: trap_request=0xffffff45 fr.pc=0x000001adcbcfc084 relative=0x0000000000000064
Event: 19.255 Thread 0x000001ae1fa421b0 Uncommon trap: reason=unstable_if action=reinterpret pc=0x000001adcbcfc084 method=java.lang.StringConcatHelper.stringOf(Ljava/lang/Object;)Ljava/lang/String; @ 1 c2
Event: 19.255 Thread 0x000001ae1fa421b0 DEOPT PACKING pc=0x000001adcbcfc084 sp=0x00000086e43f8720
Event: 19.255 Thread 0x000001ae1fa421b0 DEOPT UNPACKING pc=0x000001adcb5c4422 sp=0x00000086e43f86b0 mode 2
Event: 19.401 Thread 0x000001ae1fa421b0 DEOPT PACKING pc=0x000001adc4bcd8d6 sp=0x00000086e43f8440
Event: 19.401 Thread 0x000001ae1fa421b0 DEOPT UNPACKING pc=0x000001adcb5c4bc2 sp=0x00000086e43f79f0 mode 0

Classes loaded (20 events):
Event: 13.896 Loading class com/sun/beans/finder/FinderUtils
Event: 13.896 Loading class com/sun/beans/finder/FinderUtils done
Event: 14.270 Loading class java/util/regex/Pattern$Pos
Event: 14.270 Loading class java/util/regex/Pattern$Pos done
Event: 15.244 Loading class jdk/internal/loader/URLClassPath$FileLoader
Event: 15.244 Loading class jdk/internal/loader/URLClassPath$FileLoader done
Event: 15.246 Loading class jdk/internal/loader/URLClassPath$FileLoader$1
Event: 15.247 Loading class jdk/internal/loader/URLClassPath$FileLoader$1 done
Event: 17.167 Loading class java/util/concurrent/atomic/AtomicIntegerArray
Event: 17.167 Loading class java/util/concurrent/atomic/AtomicIntegerArray done
Event: 17.173 Loading class java/util/Currency
Event: 17.174 Loading class java/util/Currency done
Event: 17.231 Loading class java/util/concurrent/atomic/AtomicLongArray
Event: 17.232 Loading class java/util/concurrent/atomic/AtomicLongArray done
Event: 17.350 Loading class sun/reflect/generics/repository/FieldRepository
Event: 17.350 Loading class sun/reflect/generics/repository/FieldRepository done
Event: 17.405 Loading class jdk/internal/vm/annotation/ForceInline
Event: 17.405 Loading class jdk/internal/vm/annotation/ForceInline done
Event: 17.503 Loading class java/util/regex/Pattern$Caret
Event: 17.503 Loading class java/util/regex/Pattern$Caret done

Classes unloaded (0 events):
No events

Classes redefined (0 events):
No events

Internal exceptions (20 events):
Event: 13.918 Thread 0x000001ae1fa421b0 Exception <a 'java/lang/ClassNotFoundException'{0x0000000085187288}: org/jetbrains/kotlin/gradle/targets/js/npm/NpmDependencyExtensionDelegateCustomizer> (0x0000000085187288) 
thrown [s\src\hotspot\share\classfile\systemDictionary.cpp, line 312]
Event: 13.920 Thread 0x000001ae1fa421b0 Exception <a 'java/lang/ClassNotFoundException'{0x00000000851b70a8}: org/jetbrains/kotlin/gradle/targets/js/npm/NpmDependencyExtensionKt$defaultNpmDependencyDelegate$1Customizer> (0x00000000851b70a8) 
thrown [s\src\hotspot\share\classfile\systemDictionary.cpp, line 312]
Event: 13.926 Thread 0x000001ae1fa421b0 Exception <a 'java/lang/ClassNotFoundException'{0x00000000851f8f00}: org/jetbrains/kotlin/gradle/targets/js/npm/DefaultDevNpmDependencyExtensionBeanInfo> (0x00000000851f8f00) 
thrown [s\src\hotspot\share\classfile\systemDictionary.cpp, line 312]
Event: 13.927 Thread 0x000001ae1fa421b0 Exception <a 'java/lang/ClassNotFoundException'{0x0000000085005078}: org/jetbrains/kotlin/gradle/targets/js/npm/DefaultDevNpmDependencyExtensionCustomizer> (0x0000000085005078) 
thrown [s\src\hotspot\share\classfile\systemDictionary.cpp, line 312]
Event: 13.936 Thread 0x000001ae1fa421b0 Exception <a 'java/lang/ClassNotFoundException'{0x000000008504f0c8}: org/jetbrains/kotlin/gradle/targets/js/npm/DefaultPeerNpmDependencyExtensionBeanInfo> (0x000000008504f0c8) 
thrown [s\src\hotspot\share\classfile\systemDictionary.cpp, line 312]
Event: 13.938 Thread 0x000001ae1fa421b0 Exception <a 'java/lang/ClassNotFoundException'{0x000000008505b018}: org/jetbrains/kotlin/gradle/targets/js/npm/DefaultPeerNpmDependencyExtensionCustomizer> (0x000000008505b018) 
thrown [s\src\hotspot\share\classfile\systemDictionary.cpp, line 312]
Event: 13.945 Thread 0x000001ae1fa421b0 Exception <a 'java/lang/ClassNotFoundException'{0x00000000850b2c78}: org/jetbrains/kotlin/gradle/targets/js/npm/DefaultPeerNpmDependencyExtension$delegate$1BeanInfo> (0x00000000850b2c78) 
thrown [s\src\hotspot\share\classfile\systemDictionary.cpp, line 312]
Event: 13.946 Thread 0x000001ae1fa421b0 Exception <a 'java/lang/ClassNotFoundException'{0x00000000850bf1a8}: org/jetbrains/kotlin/gradle/targets/js/npm/DefaultPeerNpmDependencyExtension$delegate$1Customizer> (0x00000000850bf1a8) 
thrown [s\src\hotspot\share\classfile\systemDictionary.cpp, line 312]
Event: 13.977 Thread 0x000001ae1fa421b0 Exception <a 'java/lang/NoSuchMethodError'{0x00000000fff60508}: static Lorg/jetbrains/kotlin/gradle/plugin/internal/DefaultIdeaSyncDetector$createIdeaPropertiesEvaluator$1;.<clinit>()V> (0x00000000fff60508) 
thrown [s\src\hotspot\share\prims\jni.cpp, line 1111]
Event: 15.391 Thread 0x000001ae1fa421b0 Exception <a 'java/lang/NoSuchMethodError'{0x00000000887e6d88}: 'int java.lang.invoke.DirectMethodHandle$Holder.invokeSpecialIFC(java.lang.Object, java.lang.Object, java.lang.Object, java.lang.Object, java.lang.Object)'> (0x00000000887e6d88) 
thrown [s\src\hotspot\share\interpreter\linkResolver.cpp, line 773]
Event: 16.429 Thread 0x000001ae1fa421b0 Exception <a 'java/lang/NoSuchMethodError'{0x00000000863c4058}: 'java.lang.Object java.lang.invoke.DirectMethodHandle$Holder.newInvokeSpecial(java.lang.Object, java.lang.Object, java.lang.Object, java.lang.Object, java.lang.Object, java.lang.Object, java.lang.Object, java.lang.Object, java.lang.Object, java.lang.Object, java.lang.Object, java.lang.Object, java.lang.Object, java.lang.Object, java.lang.Object)'> (0x00000000863c4058) 
thrown [s\src\hotspot\share\interpreter\linkResolver.cpp, line 773]
Event: 17.407 Thread 0x000001ae1fa421b0 Exception <a 'java/lang/NoSuchMethodError'{0x0000000088a02738}: 'void java.lang.invoke.Invokers$Holder.invokeExact_MT(java.lang.Object, java.lang.Object, java.lang.Object, java.lang.Object)'> (0x0000000088a02738) 
thrown [s\src\hotspot\share\interpreter\linkResolver.cpp, line 773]
Event: 18.846 Thread 0x000001ae1fa421b0 Exception <a 'java/lang/NoSuchMethodError'{0x000000008870fac8}: 'java.lang.Object java.lang.invoke.Invokers$Holder.invokeExact_MT(java.lang.Object, java.lang.Object, java.lang.Object, int, java.lang.Object, java.lang.Object)'> (0x000000008870fac8) 
thrown [s\src\hotspot\share\interpreter\linkResolver.cpp, line 773]
Event: 19.255 Thread 0x000001ae1fa421b0 Implicit null exception at 0x000001adcbcfc03a to 0x000001adcbcfc074
Event: 19.456 Thread 0x000001ae1fa421b0 Exception <a 'java/lang/ClassNotFoundException'{0x00000000874a7ab0}: com/android/build/gradle/internal/api/ApkVariantOutputImpl_DecoratedBeanInfo> (0x00000000874a7ab0) 
thrown [s\src\hotspot\share\classfile\systemDictionary.cpp, line 312]
Event: 19.457 Thread 0x000001ae1fa421b0 Exception <a 'java/lang/ClassNotFoundException'{0x00000000874b3b28}: com/android/build/gradle/internal/api/ApkVariantOutputImplBeanInfo> (0x00000000874b3b28) 
thrown [s\src\hotspot\share\classfile\systemDictionary.cpp, line 312]
Event: 19.458 Thread 0x000001ae1fa421b0 Exception <a 'java/lang/ClassNotFoundException'{0x00000000874bfbb8}: com/android/build/gradle/internal/api/BaseVariantOutputImplBeanInfo> (0x00000000874bfbb8) 
thrown [s\src\hotspot\share\classfile\systemDictionary.cpp, line 312]
Event: 19.458 Thread 0x000001ae1fa421b0 Exception <a 'java/lang/ClassNotFoundException'{0x00000000874cbc20}: com/android/build/gradle/internal/api/BaseVariantOutputImplCustomizer> (0x00000000874cbc20) 
thrown [s\src\hotspot\share\classfile\systemDictionary.cpp, line 312]
Event: 19.461 Thread 0x000001ae1fa421b0 Exception <a 'java/lang/ClassNotFoundException'{0x00000000874eb590}: com/android/build/gradle/internal/api/ApkVariantOutputImplCustomizer> (0x00000000874eb590) 
thrown [s\src\hotspot\share\classfile\systemDictionary.cpp, line 312]
Event: 19.463 Thread 0x000001ae1fa421b0 Exception <a 'java/lang/ClassNotFoundException'{0x0000000087306a88}: com/android/build/gradle/internal/api/ApkVariantOutputImpl_DecoratedCustomizer> (0x0000000087306a88) 
thrown [s\src\hotspot\share\classfile\systemDictionary.cpp, line 312]

ZGC Phase Switch (0 events):
No events

VM Operations (20 events):
Event: 16.200 Executing safepoint VM operation: Cleanup
Event: 16.216 Executing safepoint VM operation: Cleanup done
Event: 17.230 Executing safepoint VM operation: Cleanup
Event: 17.230 Executing safepoint VM operation: Cleanup done
Event: 17.241 Executing safepoint VM operation: G1CollectForAllocation (G1 Evacuation Pause)
Event: 17.248 Executing safepoint VM operation: G1CollectForAllocation (G1 Evacuation Pause) done
Event: 17.283 Executing safepoint VM operation: G1TryInitiateConcMark (G1 Humongous Allocation)
Event: 17.287 Executing safepoint VM operation: G1TryInitiateConcMark (G1 Humongous Allocation) done
Event: 17.351 Executing safepoint VM operation: G1PauseRemark
Event: 17.357 Executing safepoint VM operation: G1PauseRemark done
Event: 17.385 Executing safepoint VM operation: G1PauseCleanup
Event: 17.386 Executing safepoint VM operation: G1PauseCleanup done
Event: 18.396 Executing safepoint VM operation: Cleanup
Event: 18.397 Executing safepoint VM operation: Cleanup done
Event: 18.555 Executing safepoint VM operation: G1CollectForAllocation (G1 Evacuation Pause)
Event: 18.559 Executing safepoint VM operation: G1CollectForAllocation (G1 Evacuation Pause) done
Event: 19.565 Executing safepoint VM operation: Cleanup
Event: 19.565 Executing safepoint VM operation: Cleanup done
Event: 20.574 Executing safepoint VM operation: Cleanup
Event: 20.574 Executing safepoint VM operation: Cleanup done

Memory protections (0 events):
No events

Nmethod flushes (20 events):
Event: 17.355 Thread 0x000001add85ff050 flushing  nmethod 0x000001adcbef6590
Event: 17.355 Thread 0x000001add85ff050 flushing  nmethod 0x000001adcbef9490
Event: 17.355 Thread 0x000001add85ff050 flushing  nmethod 0x000001adc4174190
Event: 17.355 Thread 0x000001add85ff050 flushing  nmethod 0x000001adc4174690
Event: 17.355 Thread 0x000001add85ff050 flushing  nmethod 0x000001adc417e490
Event: 17.355 Thread 0x000001add85ff050 flushing  nmethod 0x000001adc41bfc10
Event: 17.355 Thread 0x000001add85ff050 flushing  nmethod 0x000001adc4212e90
Event: 17.355 Thread 0x000001add85ff050 flushing  nmethod 0x000001adc422b810
Event: 17.355 Thread 0x000001add85ff050 flushing  nmethod 0x000001adc4301310
Event: 17.355 Thread 0x000001add85ff050 flushing  nmethod 0x000001adc44ca510
Event: 17.355 Thread 0x000001add85ff050 flushing  nmethod 0x000001adc44cb590
Event: 17.355 Thread 0x000001add85ff050 flushing  nmethod 0x000001adc44cda10
Event: 17.355 Thread 0x000001add85ff050 flushing  nmethod 0x000001adc4592690
Event: 17.355 Thread 0x000001add85ff050 flushing  nmethod 0x000001adc4606110
Event: 17.355 Thread 0x000001add85ff050 flushing  nmethod 0x000001adc46cb290
Event: 17.355 Thread 0x000001add85ff050 flushing  nmethod 0x000001adc46cc010
Event: 17.355 Thread 0x000001add85ff050 flushing  nmethod 0x000001adc48eb890
Event: 17.355 Thread 0x000001add85ff050 flushing  nmethod 0x000001adc4a06190
Event: 17.355 Thread 0x000001add85ff050 flushing  nmethod 0x000001adc4b2a790
Event: 17.355 Thread 0x000001add85ff050 flushing  nmethod 0x000001adc4c6bf10

Events (20 events):
Event: 8.375 Thread 0x000001ae1fa421b0 Thread added: 0x000001ae2313e880
Event: 8.934 Thread 0x000001add8641640 Thread exited: 0x000001add8641640
Event: 8.934 Thread 0x000001add8640f70 Thread exited: 0x000001add8640f70
Event: 9.289 Thread 0x000001add8642ab0 Thread added: 0x000001add8640f70
Event: 9.580 Thread 0x000001add8640f70 Thread exited: 0x000001add8640f70
Event: 10.185 Thread 0x000001add8642ab0 Thread added: 0x000001add86401d0
Event: 10.540 Thread 0x000001ae1fa421b0 Thread added: 0x000001ae2313f5a0
Event: 10.735 Thread 0x000001add8642ab0 Thread added: 0x000001add8640f70
Event: 11.775 Thread 0x000001add8640f70 Thread exited: 0x000001add8640f70
Event: 12.172 Thread 0x000001ae1fa421b0 Thread added: 0x000001ae23141d00
Event: 13.032 Thread 0x000001add86401d0 Thread exited: 0x000001add86401d0
Event: 13.438 Thread 0x000001ae1fa44910 Thread added: 0x000001ae23142390
Event: 14.304 Thread 0x000001add8642ab0 Thread added: 0x000001add8640f70
Event: 14.738 Thread 0x000001add8640f70 Thread exited: 0x000001add8640f70
Event: 15.010 Thread 0x000001add8642ab0 Thread added: 0x000001add8640f70
Event: 17.098 Thread 0x000001add8640f70 Thread exited: 0x000001add8640f70
Event: 17.441 Thread 0x000001add8642ab0 Thread added: 0x000001ae205f2480
Event: 17.752 Thread 0x000001ae205f2480 Thread exited: 0x000001ae205f2480
Event: 19.467 Thread 0x000001add8642ab0 Thread added: 0x000001ae205f0940
Event: 19.615 Thread 0x000001ae205f0940 Thread exited: 0x000001ae205f0940


Dynamic libraries:
0x00007ff6cfb20000 - 0x00007ff6cfb2e000 	C:\Users\farha\.antigravity\extensions\redhat.java-1.53.0-win32-x64\jre\21.0.10-win32-x86_64\bin\java.exe
0x00007ffcf2b00000 - 0x00007ffcf2d67000 	C:\WINDOWS\SYSTEM32\ntdll.dll
0x00007ffcf1900000 - 0x00007ffcf19c9000 	C:\WINDOWS\System32\KERNEL32.DLL
0x00007ffcef470000 - 0x00007ffcef861000 	C:\WINDOWS\System32\KERNELBASE.dll
0x00007ffcef870000 - 0x00007ffcef9bb000 	C:\WINDOWS\System32\ucrtbase.dll
0x00007ffcd5bc0000 - 0x00007ffcd5bd8000 	C:\Users\farha\.antigravity\extensions\redhat.java-1.53.0-win32-x64\jre\21.0.10-win32-x86_64\bin\jli.dll
0x00007ffcea7a0000 - 0x00007ffcea7be000 	C:\Users\farha\.antigravity\extensions\redhat.java-1.53.0-win32-x64\jre\21.0.10-win32-x86_64\bin\VCRUNTIME140.dll
0x00007ffcf08a0000 - 0x00007ffcf0a65000 	C:\WINDOWS\System32\USER32.dll
0x00007ffcefe20000 - 0x00007ffcefe47000 	C:\WINDOWS\System32\win32u.dll
0x00007ffcdbcc0000 - 0x00007ffcdbf53000 	C:\WINDOWS\WinSxS\amd64_microsoft.windows.common-controls_6595b64144ccf1df_6.0.26100.8037_none_3e092faae333b53b\COMCTL32.dll
0x00007ffcf2a90000 - 0x00007ffcf2abb000 	C:\WINDOWS\System32\GDI32.dll
0x00007ffcf0770000 - 0x00007ffcf089b000 	C:\WINDOWS\System32\gdi32full.dll
0x00007ffcf1660000 - 0x00007ffcf1709000 	C:\WINDOWS\System32\msvcrt.dll
0x00007ffcefd70000 - 0x00007ffcefe13000 	C:\WINDOWS\System32\msvcp_win.dll
0x00007ffcf20e0000 - 0x00007ffcf2111000 	C:\WINDOWS\System32\IMM32.DLL
0x00007ffcddd20000 - 0x00007ffcddd2c000 	C:\Users\farha\.antigravity\extensions\redhat.java-1.53.0-win32-x64\jre\21.0.10-win32-x86_64\bin\vcruntime140_1.dll
0x00007ffc95390000 - 0x00007ffc9541d000 	C:\Users\farha\.antigravity\extensions\redhat.java-1.53.0-win32-x64\jre\21.0.10-win32-x86_64\bin\msvcp140.dll
0x00007ffc535e0000 - 0x00007ffc54381000 	C:\Users\farha\.antigravity\extensions\redhat.java-1.53.0-win32-x64\jre\21.0.10-win32-x86_64\bin\server\jvm.dll
0x00007ffcf1840000 - 0x00007ffcf18fb000 	C:\WINDOWS\System32\ADVAPI32.dll
0x00007ffcf1710000 - 0x00007ffcf17b7000 	C:\WINDOWS\System32\sechost.dll
0x00007ffcf1fc0000 - 0x00007ffcf20d8000 	C:\WINDOWS\System32\RPCRT4.dll
0x00007ffcf1e80000 - 0x00007ffcf1ef4000 	C:\WINDOWS\System32\WS2_32.dll
0x00007ffcef240000 - 0x00007ffcef29e000 	C:\WINDOWS\SYSTEM32\POWRPROF.dll
0x00007ffce54c0000 - 0x00007ffce54cb000 	C:\WINDOWS\SYSTEM32\VERSION.dll
0x00007ffce56c0000 - 0x00007ffce56f5000 	C:\WINDOWS\SYSTEM32\WINMM.dll
0x00007ffcef220000 - 0x00007ffcef234000 	C:\WINDOWS\SYSTEM32\UMPDC.dll
0x00007ffcee170000 - 0x00007ffcee18b000 	C:\WINDOWS\SYSTEM32\kernel.appcore.dll
0x00007ffcd5c20000 - 0x00007ffcd5c2a000 	C:\Users\farha\.antigravity\extensions\redhat.java-1.53.0-win32-x64\jre\21.0.10-win32-x86_64\bin\jimage.dll
0x00007ffced550000 - 0x00007ffced792000 	C:\WINDOWS\SYSTEM32\DBGHELP.DLL
0x00007ffcf26a0000 - 0x00007ffcf2a22000 	C:\WINDOWS\System32\combase.dll
0x00007ffcf1a10000 - 0x00007ffcf1ae7000 	C:\WINDOWS\System32\OLEAUT32.dll
0x00007ffcd5440000 - 0x00007ffcd547b000 	C:\WINDOWS\SYSTEM32\dbgcore.DLL
0x00007ffcefe50000 - 0x00007ffcefef5000 	C:\WINDOWS\System32\bcryptPrimitives.dll
0x00007ffcd5be0000 - 0x00007ffcd5bef000 	C:\Users\farha\.antigravity\extensions\redhat.java-1.53.0-win32-x64\jre\21.0.10-win32-x86_64\bin\instrument.dll
0x00007ffcd5c00000 - 0x00007ffcd5c20000 	C:\Users\farha\.antigravity\extensions\redhat.java-1.53.0-win32-x64\jre\21.0.10-win32-x86_64\bin\java.dll
0x00007ffcf0ee0000 - 0x00007ffcf163f000 	C:\WINDOWS\System32\SHELL32.dll
0x00007ffcefb40000 - 0x00007ffcefcaa000 	C:\WINDOWS\System32\wintypes.dll
0x00007ffceff00000 - 0x00007ffcf0764000 	C:\WINDOWS\System32\windows.storage.dll
0x00007ffcf0de0000 - 0x00007ffcf0ed7000 	C:\WINDOWS\System32\SHCORE.dll
0x00007ffcf1c90000 - 0x00007ffcf1cf7000 	C:\WINDOWS\System32\shlwapi.dll
0x00007ffcef300000 - 0x00007ffcef329000 	C:\WINDOWS\SYSTEM32\profapi.dll
0x00007ffcbeda0000 - 0x00007ffcbedb8000 	C:\Users\farha\.antigravity\extensions\redhat.java-1.53.0-win32-x64\jre\21.0.10-win32-x86_64\bin\zip.dll
0x00007ffcd5bf0000 - 0x00007ffcd5c00000 	C:\Users\farha\.antigravity\extensions\redhat.java-1.53.0-win32-x64\jre\21.0.10-win32-x86_64\bin\net.dll
0x00007ffce4840000 - 0x00007ffce4967000 	C:\WINDOWS\SYSTEM32\WINHTTP.dll
0x00007ffcee6e0000 - 0x00007ffcee74b000 	C:\WINDOWS\system32\mswsock.dll
0x00007ffcbb460000 - 0x00007ffcbb476000 	C:\Users\farha\.antigravity\extensions\redhat.java-1.53.0-win32-x64\jre\21.0.10-win32-x86_64\bin\nio.dll
0x00007ffcd5c90000 - 0x00007ffcd5ca0000 	C:\Users\farha\.antigravity\extensions\redhat.java-1.53.0-win32-x64\jre\21.0.10-win32-x86_64\bin\verify.dll
0x00007ffcd2f10000 - 0x00007ffcd2f37000 	D:\Apps\Dev\.gradle\native\c067742578af261105cb4f569cf0c3c89f3d7b1fecec35dd04571415982c5e48\windows-amd64\native-platform.dll
0x00007ffcc4e20000 - 0x00007ffcc4f64000 	D:\Apps\Dev\.gradle\native\38dada09dfb8b06ba9b0570ebf7e218e3eb74d4ef43ca46872605cf95ebc2f47\windows-amd64\native-platform-file-events.dll
0x00007ffcd4750000 - 0x00007ffcd475a000 	C:\Users\farha\.antigravity\extensions\redhat.java-1.53.0-win32-x64\jre\21.0.10-win32-x86_64\bin\management.dll
0x00007ffcd2bd0000 - 0x00007ffcd2bdc000 	C:\Users\farha\.antigravity\extensions\redhat.java-1.53.0-win32-x64\jre\21.0.10-win32-x86_64\bin\management_ext.dll
0x00007ffcf19d0000 - 0x00007ffcf19d8000 	C:\WINDOWS\System32\PSAPI.DLL
0x00007ffcee9c0000 - 0x00007ffcee9db000 	C:\WINDOWS\SYSTEM32\CRYPTSP.dll
0x00007ffcee0d0000 - 0x00007ffcee109000 	C:\WINDOWS\system32\rsaenh.dll
0x00007ffcee790000 - 0x00007ffcee7c2000 	C:\WINDOWS\SYSTEM32\USERENV.dll
0x00007ffcef2d0000 - 0x00007ffcef2fa000 	C:\WINDOWS\SYSTEM32\bcrypt.dll
0x00007ffcee9e0000 - 0x00007ffcee9ec000 	C:\WINDOWS\SYSTEM32\CRYPTBASE.dll
0x00007ffceda70000 - 0x00007ffcedaa3000 	C:\WINDOWS\SYSTEM32\IPHLPAPI.DLL
0x00007ffcf0c70000 - 0x00007ffcf0c7a000 	C:\WINDOWS\System32\NSI.dll
0x00007ffcc7010000 - 0x00007ffcc7019000 	C:\Users\farha\.antigravity\extensions\redhat.java-1.53.0-win32-x64\jre\21.0.10-win32-x86_64\bin\extnet.dll
0x00007ffcc9b70000 - 0x00007ffcc9b7e000 	C:\Users\farha\.antigravity\extensions\redhat.java-1.53.0-win32-x64\jre\21.0.10-win32-x86_64\bin\sunmscapi.dll
0x00007ffcef9c0000 - 0x00007ffcefb37000 	C:\WINDOWS\System32\CRYPT32.dll
0x00007ffceebe0000 - 0x00007ffceec10000 	C:\WINDOWS\SYSTEM32\ncrypt.dll
0x00007ffceeb90000 - 0x00007ffceebcf000 	C:\WINDOWS\SYSTEM32\NTASN1.dll
0x00007ffc88ba0000 - 0x00007ffc88ba8000 	C:\WINDOWS\system32\wshunix.dll

JVMTI agents:
D:\Apps\Dev\.gradle\wrapper\dists\gradle-8.7-bin\bhs2wmbdwecv87pi65oeuq5iu\gradle-8.7\lib\agents\gradle-instrumentation-agent-8.7.jar path:C:\Users\farha\.antigravity\extensions\redhat.java-1.53.0-win32-x64\jre\21.0.10-win32-x86_64\bin\instrument.dll, loaded, initialized, instrumentlib options:none

dbghelp: loaded successfully - version: 4.0.5 - missing functions: none
symbol engine: initialized successfully - sym options: 0x614 - pdb path: .;C:\Users\farha\.antigravity\extensions\redhat.java-1.53.0-win32-x64\jre\21.0.10-win32-x86_64\bin;C:\WINDOWS\SYSTEM32;C:\WINDOWS\WinSxS\amd64_microsoft.windows.common-controls_6595b64144ccf1df_6.0.26100.8037_none_3e092faae333b53b;C:\Users\farha\.antigravity\extensions\redhat.java-1.53.0-win32-x64\jre\21.0.10-win32-x86_64\bin\server;D:\Apps\Dev\.gradle\native\c067742578af261105cb4f569cf0c3c89f3d7b1fecec35dd04571415982c5e48\windows-amd64;D:\Apps\Dev\.gradle\native\38dada09dfb8b06ba9b0570ebf7e218e3eb74d4ef43ca46872605cf95ebc2f47\windows-amd64

VM Arguments:
jvm_args: --add-opens=java.base/java.util=ALL-UNNAMED --add-opens=java.base/java.lang=ALL-UNNAMED --add-opens=java.base/java.lang.invoke=ALL-UNNAMED --add-opens=java.prefs/java.util.prefs=ALL-UNNAMED --add-opens=java.base/java.nio.charset=ALL-UNNAMED --add-opens=java.base/java.net=ALL-UNNAMED --add-opens=java.base/java.util.concurrent.atomic=ALL-UNNAMED -Xmx2048m -Dfile.encoding=UTF-8 -Duser.country=ID -Duser.language=en -Duser.variant -javaagent:D:\Apps\Dev\.gradle\wrapper\dists\gradle-8.7-bin\bhs2wmbdwecv87pi65oeuq5iu\gradle-8.7\lib\agents\gradle-instrumentation-agent-8.7.jar 
java_command: org.gradle.launcher.daemon.bootstrap.GradleDaemon 8.7
java_class_path (initial): D:\Apps\Dev\.gradle\wrapper\dists\gradle-8.7-bin\bhs2wmbdwecv87pi65oeuq5iu\gradle-8.7\lib\gradle-launcher-8.7.jar
Launcher Type: SUN_STANDARD

[Global flags]
     intx CICompilerCount                          = 4                                         {product} {ergonomic}
     uint ConcGCThreads                            = 2                                         {product} {ergonomic}
     uint G1ConcRefinementThreads                  = 8                                         {product} {ergonomic}
   size_t G1HeapRegionSize                         = 1048576                                   {product} {ergonomic}
    uintx GCDrainStackTargetSize                   = 64                                        {product} {ergonomic}
   size_t InitialHeapSize                          = 257949696                                 {product} {ergonomic}
   size_t MarkStackSize                            = 4194304                                   {product} {ergonomic}
   size_t MaxHeapSize                              = 2147483648                                {product} {command line}
   size_t MaxNewSize                               = 1287651328                                {product} {ergonomic}
   size_t MinHeapDeltaBytes                        = 1048576                                   {product} {ergonomic}
   size_t MinHeapSize                              = 8388608                                   {product} {ergonomic}
    uintx NonNMethodCodeHeapSize                   = 5839372                                {pd product} {ergonomic}
    uintx NonProfiledCodeHeapSize                  = 122909434                              {pd product} {ergonomic}
    uintx ProfiledCodeHeapSize                     = 122909434                              {pd product} {ergonomic}
    uintx ReservedCodeCacheSize                    = 251658240                              {pd product} {ergonomic}
     bool SegmentedCodeCache                       = true                                      {product} {ergonomic}
   size_t SoftMaxHeapSize                          = 2147483648                             {manageable} {ergonomic}
     bool UseCompressedOops                        = true                           {product lp64_product} {ergonomic}
     bool UseG1GC                                  = true                                      {product} {ergonomic}
     bool UseLargePagesIndividualAllocation        = false                                  {pd product} {ergonomic}

Logging:
Log output configuration:
 #0: stdout all=warning uptime,level,tags foldmultilines=false
 #1: stderr all=off uptime,level,tags foldmultilines=false

Release file:
JAVA_VERSION="21.0.10" 
MODULES="java.base java.compiler java.datatransfer java.xml java.prefs java.desktop java.instrument java.logging java.management java.security.sasl java.naming java.rmi java.management.rmi java.net.http java.scripting java.security.jgss java.transaction.xa java.sql java.sql.rowset java.xml.crypto java.se java.smartcardio jdk.accessibility jdk.internal.jvmstat jdk.attach jdk.charsets jdk.internal.opt jdk.zipfs jdk.compiler jdk.crypto.ec jdk.crypto.cryptoki jdk.crypto.mscapi jdk.dynalink jdk.internal.ed jdk.editpad jdk.hotspot.agent jdk.httpserver jdk.internal.le jdk.internal.vm.ci jdk.internal.vm.compiler jdk.internal.vm.compiler.management jdk.jartool jdk.javadoc jdk.jcmd jdk.management jdk.management.agent jdk.jconsole jdk.jdeps jdk.jdwp.agent jdk.jdi jdk.jfr jdk.jshell jdk.jsobject jdk.jstatd jdk.localedata jdk.management.jfr jdk.naming.dns jdk.naming.rmi jdk.net jdk.nio.mapmode jdk.random jdk.sctp jdk.security.auth jdk.security.jgss jdk.unsupported jdk.unsupported.desktop jdk.xml.dom" 

Environment Variables:
JAVA_HOME=C:\Program Files\Java\jdk-24\
PATH=D:\Apps\npm-global;D:\Apps\npm-global;C:\Python314\Scripts\;C:\Python314\;C:\WINDOWS\system32;C:\WINDOWS;C:\WINDOWS\System32\Wbem;C:\WINDOWS\System32\WindowsPowerShell\v1.0\;C:\WINDOWS\System32\OpenSSH\;C:\Program Files\Java\jdk-24\bin;E:\winlibs-x86_64-posix-seh-gcc-15.2.0-mingw-w64msvcrt-13.0.0-r1\mingw64\bin;C:\xampp\php;C:\composer;C:\Program Files\nodejs\;C:\ProgramData\chocolatey\bin;C:\Program Files\Git\cmd;C:\Program Files\dotnet\;C:\Program Files\WebP;C:\Program Files\Tailscale\;C:\Program Files\GitHub CLI\;C:\Program Files\Redis\;C:\Program Files\PowerShell\7-preview\preview;C:\Program Files\CMake\bin;C:\Program Files\PowerShell\7\;C:\Program Files\Microsoft SQL Server\170\Tools\Binn\;C:\Program Files\Microsoft SQL Server\Client SDK\ODBC\170\Tools\Binn\;c:\Users\farha\AppData\Local\Programs\cursor\resources\app\codeBin;C:\Users\farha\scoop\apps\mingw\current\bin;C:\Users\farha\scoop\shims;C:\Users\farha\AppData\Local\Programs\Python\Launcher\;C:\Users\farha\AppData\Local\Programs\Microsoft VS Code\bin;C:\Users\farha\AppData\Roaming\Composer\vendor\bin;C:\Users\farha\AppData\Local\Microsoft\WindowsApps;C:\Users\farha\AppData\Local\Programs\Antigravity\bin;C:\Users\farha\AppData\Local\Android\Sdk\platform-tools;C:\Users\farha\AppData\Local\Android\Sdk\emulator;C:\Users\farha\AppData\Local\Android\Sdk\cmdline-tools\latest\bin;C:\Users\farha\.dotnet\tools
USERNAME=farha
OS=Windows_NT
PROCESSOR_IDENTIFIER=AMD64 Family 23 Model 160 Stepping 0, AuthenticAMD
TMP=C:\Users\farha\AppData\Local\Temp
TEMP=C:\Users\farha\AppData\Local\Temp




Periodic native trim disabled

---------------  S Y S T E M  ---------------

OS:
 Windows 11 , 64 bit Build 26100 (10.0.26100.7920)
OS uptime: 0 days 6:11 hours
Hyper-V role detected

CPU: total 8 (initial active 8) (8 cores per cpu, 2 threads per core) family 23 model 160 stepping 0 microcode 0x8a00006, cx8, cmov, fxsr, ht, mmx, 3dnowpref, sse, sse2, sse3, ssse3, sse4a, sse4.1, sse4.2, popcnt, lzcnt, tsc, tscinvbit, avx, avx2, aes, clmul, bmi1, bmi2, adx, sha, fma, vzeroupper, clflush, clflushopt, hv, rdtscp, rdpid, f16c
Processor Information for the first 8 processors :
  Max Mhz: 2801, Current Mhz: 2801, Mhz Limit: 2801

Memory: 4k page, system-wide physical 15647M (1981M free)
TotalPageFile size 19743M (AvailPageFile size 5M)
current process WorkingSet (physical memory assigned to process): 389M, peak: 389M
current process commit charge ("private bytes"): 424M, peak: 461M

vm_info: OpenJDK 64-Bit Server VM (21.0.10+7-LTS) for windows-amd64 JRE (21.0.10+7-LTS), built on 2026-01-20T00:00:00Z by "admin" with MS VC++ 17.12 (VS2022)

END.
